PASSED F2014L00928
PASSED F2010L02318
PASSED F2008L02192
PASSED F2010L01050
PASSED F2013L00020
PASSED F2010L01664
PASSED F2011L00783
PASSED F2010L01048
PASSED F2014L00933
PASSED F2011L01743
PASSED F2014L01144
PASSED F2013L01129
PASSED F2014L00931
PASSED F2012L00016
PASSED F2012L01361
FAILED F2015L00010
java.util.NoSuchElementException: None.get
	at scala.None$.get(Option.scala:349)
	at scala.None$.get(Option.scala:347)
	at au.gov.dva.sopapi.sopref.parsing.implementations.LsExtractor.extractICDCodes(LsExtractor.scala:37)
	at au.gov.dva.sopapi.sopref.parsing.implementations.LsSoPFactory$.create(LsSoPFactory.scala:39)
	at au.gov.dva.sopapi.tests.parsers.ParserTestUtils$.executeWholeParsingPipeline(ParserTestUtils.scala:33)
	at au.gov.dva.sopapi.tests.parsers.RHSoPParsingTests.$anonfun$new$2(RHSoPParsingTests.scala:26)
	at scala.collection.IndexedSeqOptimized.foreach(IndexedSeqOptimized.scala:32)
	at scala.collection.IndexedSeqOptimized.foreach$(IndexedSeqOptimized.scala:29)
	at scala.collection.mutable.ArrayOps$ofRef.foreach(ArrayOps.scala:193)
	at au.gov.dva.sopapi.tests.parsers.RHSoPParsingTests.$anonfun$new$1(RHSoPParsingTests.scala:23)
	at org.scalatest.OutcomeOf.outcomeOf(OutcomeOf.scala:85)
	at org.scalatest.OutcomeOf.outcomeOf$(OutcomeOf.scala:83)
	at org.scalatest.OutcomeOf$.outcomeOf(OutcomeOf.scala:104)
	at org.scalatest.Transformer.apply(Transformer.scala:22)
	at org.scalatest.Transformer.apply(Transformer.scala:20)
	at org.scalatest.FunSuiteLike$$anon$1.apply(FunSuiteLike.scala:186)
	at org.scalatest.TestSuite.withFixture(TestSuite.scala:196)
	at org.scalatest.TestSuite.withFixture$(TestSuite.scala:195)
	at org.scalatest.FunSuite.withFixture(FunSuite.scala:1560)
	at org.scalatest.FunSuiteLike.invokeWithFixture$1(FunSuiteLike.scala:184)
	at org.scalatest.FunSuiteLike.$anonfun$runTest$1(FunSuiteLike.scala:196)
	at org.scalatest.SuperEngine.runTestImpl(Engine.scala:289)
	at org.scalatest.FunSuiteLike.runTest(FunSuiteLike.scala:196)
	at org.scalatest.FunSuiteLike.runTest$(FunSuiteLike.scala:178)
	at org.scalatest.FunSuite.runTest(FunSuite.scala:1560)
	at org.scalatest.FunSuiteLike.$anonfun$runTests$1(FunSuiteLike.scala:229)
	at org.scalatest.SuperEngine.$anonfun$runTestsInBranch$1(Engine.scala:396)
	at scala.collection.immutable.List.foreach(List.scala:378)
	at org.scalatest.SuperEngine.traverseSubNodes$1(Engine.scala:384)
	at org.scalatest.SuperEngine.runTestsInBranch(Engine.scala:379)
	at org.scalatest.SuperEngine.runTestsImpl(Engine.scala:461)
	at org.scalatest.FunSuiteLike.runTests(FunSuiteLike.scala:229)
	at org.scalatest.FunSuiteLike.runTests$(FunSuiteLike.scala:228)
	at org.scalatest.FunSuite.runTests(FunSuite.scala:1560)
	at org.scalatest.Suite.run(Suite.scala:1147)
	at org.scalatest.Suite.run$(Suite.scala:1129)
	at org.scalatest.FunSuite.org$scalatest$FunSuiteLike$$super$run(FunSuite.scala:1560)
	at org.scalatest.FunSuiteLike.$anonfun$run$1(FunSuiteLike.scala:233)
	at org.scalatest.SuperEngine.runImpl(Engine.scala:521)
	at org.scalatest.FunSuiteLike.run(FunSuiteLike.scala:233)
	at org.scalatest.FunSuiteLike.run$(FunSuiteLike.scala:232)
	at org.scalatest.FunSuite.run(FunSuite.scala:1560)
	at org.scalatest.tools.SuiteRunner.run(SuiteRunner.scala:45)
	at org.scalatest.tools.Runner$.$anonfun$doRunRunRunDaDoRunRun$13(Runner.scala:1340)
	at org.scalatest.tools.Runner$.$anonfun$doRunRunRunDaDoRunRun$13$adapted(Runner.scala:1334)
	at scala.collection.immutable.List.foreach(List.scala:378)
	at org.scalatest.tools.Runner$.doRunRunRunDaDoRunRun(Runner.scala:1334)
	at org.scalatest.tools.Runner$.$anonfun$runOptionallyWithPassFailReporter$24(Runner.scala:1031)
	at org.scalatest.tools.Runner$.$anonfun$runOptionallyWithPassFailReporter$24$adapted(Runner.scala:1010)
	at org.scalatest.tools.Runner$.withClassLoaderAndDispatchReporter(Runner.scala:1500)
	at org.scalatest.tools.Runner$.runOptionallyWithPassFailReporter(Runner.scala:1010)
	at org.scalatest.tools.Runner$.run(Runner.scala:850)
	at org.scalatest.tools.Runner.run(Runner.scala)
	at org.jetbrains.plugins.scala.testingSupport.scalaTest.ScalaTestRunner.runScalaTest2(ScalaTestRunner.java:138)
	at org.jetbrains.plugins.scala.testingSupport.scalaTest.ScalaTestRunner.main(ScalaTestRunner.java:28)
	at sun.reflect.NativeMethodAccessorImpl.invoke0(Native Method)
	at sun.reflect.NativeMethodAccessorImpl.invoke(NativeMethodAccessorImpl.java:62)
	at sun.reflect.DelegatingMethodAccessorImpl.invoke(DelegatingMethodAccessorImpl.java:43)
	at java.lang.reflect.Method.invoke(Method.java:498)
	at com.intellij.rt.execution.application.AppMain.main(AppMain.java:147)

FAILED F2013L01652
au.gov.dva.sopapi.exceptions.SopParserError: [1.2345] failure: string matching regex `\.$' expected but `;' found

The factor that must as a minimum exist before it can be said that a reasonable hypothesis has been raised connecting hypertension or death from hypertension with the circumstances of a personâ€™s relevant service is: (a) being overweight or obese at the time of the clinical onset of hypertension; or (b) consuming an average of at least 300 grams of alcohol per week for at least the six months before the clinical onset of hypertension; or (c) consuming at least 12 grams (200 millimoles) of salt per day on average for at least the six months before the clinical onset of hypertension; or (d) having renal artery stenosis, including renal artery stenosis due to renal artery atherosclerotic disease or fibromuscular dysplasia, at the time of the clinical onset of hypertension; or (e) undergoing renal or other solid organ transplantation before the clinical onset of hypertension; or (f) having a chronic renal disease or injury, or chronic renal failure, at the time of the clinical onset of hypertension; or (g) having a specified endocrine-related disorder at the time of the clinical onset of hypertension; or (h) being treated with a drug or a drug from a class of drugs from Specified List 1, where that drug cannot be ceased or substituted, for a continuous period of at least the one month before the clinical onset of hypertension; or (i) being treated with a specified antineoplastic drug, where that drug cannot be ceased or substituted, at the time of the clinical onset of hypertension; or (j) having glucocorticoid therapy as specified before the clinical onset of hypertension, and where the glucocorticoid therapy as specified has ceased or decreased, the last dose of the therapy was received within the one month before the clinical onset of hypertension; or (k) having sleep apnoea at the time of the clinical onset of hypertension; or (l) an inability to undertake more than a mildly strenuous level of physical activity for at least the one year before the clinical onset of hypertension; or (m) having extrinsic compression of the renal parenchyma from a haematoma or mass at the time of the clinical onset of hypertension; or (n) having an arteriovenous fistula involving the blood supply of the kidney or an arteriovenous malformation involving the blood supply of the kidney before the clinical onset of hypertension; (o) having a clinically significant psychiatric disorder from the specified list before the clinical onset of hypertension; or (p) being exposed to arsenic as specified before the clinical onset of hypertension; or (q) being overweight or obese at the time of the clinical worsening of hypertension; or (r) consuming an average of at least 300 grams of alcohol per week for at least the six months before the clinical worsening of hypertension; or (s) consuming at least 12 grams (200 millimoles) of salt per day on average for at least the six months before the clinical worsening of hypertension; or (t) having renal artery stenosis, including renal artery stenosis due to renal artery atherosclerotic disease or fibromuscular dysplasia, at the time of the clinical worsening of hypertension; or (u) undergoing renal or other solid organ transplantation before the clinical worsening of hypertension; or (v) having a chronic renal disease or injury, or chronic renal failure, at the time of the clinical worsening of hypertension; or (w) having a specified endocrine-related disorder at the time of the clinical worsening of hypertension; or (x) being treated with a drug or a drug from a class of drugs from Specified List 1, where that drug cannot be ceased or substituted, for a continuous period of at least the one month before the clinical worsening of hypertension; or (y) being treated with a specified antineoplastic drug, where that drug cannot be ceased or substituted, at the time of the clinical worsening of hypertension; or (z) having glucocorticoid therapy as specified before the clinical worsening of hypertension, and where the glucocorticoid therapy as specified has ceased or decreased, the last dose of the therapy was received within the one month before the clinical worsening of hypertension; or (aa) having sleep apnoea at the time of the clinical worsening of hypertension; or (bb) an inability to undertake more than a mildly strenuous level of physical activity for at least the one year before the clinical worsening of hypertension; or (cc) having extrinsic compression of the renal parenchyma from a haematoma or mass at the time of the clinical worsening of hypertension; or (dd) having an arteriovenous fistula involving the blood supply of the kidney or an arteriovenous malformation involving the blood supply of the kidney before the clinical worsening of hypertension; (ee) having a clinically significant psychiatric disorder from the specified list before the clinical worsening of hypertension; or (ff) being exposed to arsenic as specified before the clinical worsening of hypertension; or (gg) inability to obtain appropriate clinical management for hypertension.
                                                                                                                                                                                                                                                                                                                                                                                                                                                                                                                                                                                                                                                                                                                                                                                                                                                                                                                                                                                                                                                                                                                                                                                                                                                                                                                                                                                                                                                                                                                                                                                                                                                                                                                                                                                                                                                                                                                                                                                                                                                                                                                                                                                                                                                                                                                                                                                                                                        ^
	at au.gov.dva.sopapi.sopref.parsing.implementations.LsParser$.parseFactors(LsParser.scala:52)
	at au.gov.dva.sopapi.sopref.parsing.implementations.LsSoPFactory$.create(LsSoPFactory.scala:18)
	at au.gov.dva.sopapi.tests.parsers.ParserTestUtils$.executeWholeParsingPipeline(ParserTestUtils.scala:33)
	at au.gov.dva.sopapi.tests.parsers.RHSoPParsingTests.$anonfun$new$2(RHSoPParsingTests.scala:26)
	at scala.collection.IndexedSeqOptimized.foreach(IndexedSeqOptimized.scala:32)
	at scala.collection.IndexedSeqOptimized.foreach$(IndexedSeqOptimized.scala:29)
	at scala.collection.mutable.ArrayOps$ofRef.foreach(ArrayOps.scala:193)
	at au.gov.dva.sopapi.tests.parsers.RHSoPParsingTests.$anonfun$new$1(RHSoPParsingTests.scala:23)
	at org.scalatest.OutcomeOf.outcomeOf(OutcomeOf.scala:85)
	at org.scalatest.OutcomeOf.outcomeOf$(OutcomeOf.scala:83)
	at org.scalatest.OutcomeOf$.outcomeOf(OutcomeOf.scala:104)
	at org.scalatest.Transformer.apply(Transformer.scala:22)
	at org.scalatest.Transformer.apply(Transformer.scala:20)
	at org.scalatest.FunSuiteLike$$anon$1.apply(FunSuiteLike.scala:186)
	at org.scalatest.TestSuite.withFixture(TestSuite.scala:196)
	at org.scalatest.TestSuite.withFixture$(TestSuite.scala:195)
	at org.scalatest.FunSuite.withFixture(FunSuite.scala:1560)
	at org.scalatest.FunSuiteLike.invokeWithFixture$1(FunSuiteLike.scala:184)
	at org.scalatest.FunSuiteLike.$anonfun$runTest$1(FunSuiteLike.scala:196)
	at org.scalatest.SuperEngine.runTestImpl(Engine.scala:289)
	at org.scalatest.FunSuiteLike.runTest(FunSuiteLike.scala:196)
	at org.scalatest.FunSuiteLike.runTest$(FunSuiteLike.scala:178)
	at org.scalatest.FunSuite.runTest(FunSuite.scala:1560)
	at org.scalatest.FunSuiteLike.$anonfun$runTests$1(FunSuiteLike.scala:229)
	at org.scalatest.SuperEngine.$anonfun$runTestsInBranch$1(Engine.scala:396)
	at scala.collection.immutable.List.foreach(List.scala:378)
	at org.scalatest.SuperEngine.traverseSubNodes$1(Engine.scala:384)
	at org.scalatest.SuperEngine.runTestsInBranch(Engine.scala:379)
	at org.scalatest.SuperEngine.runTestsImpl(Engine.scala:461)
	at org.scalatest.FunSuiteLike.runTests(FunSuiteLike.scala:229)
	at org.scalatest.FunSuiteLike.runTests$(FunSuiteLike.scala:228)
	at org.scalatest.FunSuite.runTests(FunSuite.scala:1560)
	at org.scalatest.Suite.run(Suite.scala:1147)
	at org.scalatest.Suite.run$(Suite.scala:1129)
	at org.scalatest.FunSuite.org$scalatest$FunSuiteLike$$super$run(FunSuite.scala:1560)
	at org.scalatest.FunSuiteLike.$anonfun$run$1(FunSuiteLike.scala:233)
	at org.scalatest.SuperEngine.runImpl(Engine.scala:521)
	at org.scalatest.FunSuiteLike.run(FunSuiteLike.scala:233)
	at org.scalatest.FunSuiteLike.run$(FunSuiteLike.scala:232)
	at org.scalatest.FunSuite.run(FunSuite.scala:1560)
	at org.scalatest.tools.SuiteRunner.run(SuiteRunner.scala:45)
	at org.scalatest.tools.Runner$.$anonfun$doRunRunRunDaDoRunRun$13(Runner.scala:1340)
	at org.scalatest.tools.Runner$.$anonfun$doRunRunRunDaDoRunRun$13$adapted(Runner.scala:1334)
	at scala.collection.immutable.List.foreach(List.scala:378)
	at org.scalatest.tools.Runner$.doRunRunRunDaDoRunRun(Runner.scala:1334)
	at org.scalatest.tools.Runner$.$anonfun$runOptionallyWithPassFailReporter$24(Runner.scala:1031)
	at org.scalatest.tools.Runner$.$anonfun$runOptionallyWithPassFailReporter$24$adapted(Runner.scala:1010)
	at org.scalatest.tools.Runner$.withClassLoaderAndDispatchReporter(Runner.scala:1500)
	at org.scalatest.tools.Runner$.runOptionallyWithPassFailReporter(Runner.scala:1010)
	at org.scalatest.tools.Runner$.run(Runner.scala:850)
	at org.scalatest.tools.Runner.run(Runner.scala)
	at org.jetbrains.plugins.scala.testingSupport.scalaTest.ScalaTestRunner.runScalaTest2(ScalaTestRunner.java:138)
	at org.jetbrains.plugins.scala.testingSupport.scalaTest.ScalaTestRunner.main(ScalaTestRunner.java:28)
	at sun.reflect.NativeMethodAccessorImpl.invoke0(Native Method)
	at sun.reflect.NativeMethodAccessorImpl.invoke(NativeMethodAccessorImpl.java:62)
	at sun.reflect.DelegatingMethodAccessorImpl.invoke(DelegatingMethodAccessorImpl.java:43)
	at java.lang.reflect.Method.invoke(Method.java:498)
	at com.intellij.rt.execution.application.AppMain.main(AppMain.java:147)

FAILED F2013L01136
au.gov.dva.sopapi.exceptions.SopParserError: Cannot find the defined word in this definition: "Peyronieâ€™s disease" means induration of the corpora cavernosa of the penis,
characterised by a circumscribed, firm, painless plaque or band, usually
situated on the dorsum of the penis;
	at au.gov.dva.sopapi.sopref.parsing.implementations.DefinitionsParsers$.parseSingleDefinition(DefinitionsParsers.scala:34)
	at au.gov.dva.sopapi.sopref.parsing.implementations.LsParser$.$anonfun$parseDefinitions$1(LsParser.scala:84)
	at scala.collection.immutable.List.map(List.scala:276)
	at au.gov.dva.sopapi.sopref.parsing.implementations.LsParser$.parseDefinitions(LsParser.scala:84)
	at au.gov.dva.sopapi.sopref.parsing.implementations.LsSoPFactory$.create(LsSoPFactory.scala:15)
	at au.gov.dva.sopapi.tests.parsers.ParserTestUtils$.executeWholeParsingPipeline(ParserTestUtils.scala:33)
	at au.gov.dva.sopapi.tests.parsers.RHSoPParsingTests.$anonfun$new$2(RHSoPParsingTests.scala:26)
	at scala.collection.IndexedSeqOptimized.foreach(IndexedSeqOptimized.scala:32)
	at scala.collection.IndexedSeqOptimized.foreach$(IndexedSeqOptimized.scala:29)
	at scala.collection.mutable.ArrayOps$ofRef.foreach(ArrayOps.scala:193)
	at au.gov.dva.sopapi.tests.parsers.RHSoPParsingTests.$anonfun$new$1(RHSoPParsingTests.scala:23)
	at org.scalatest.OutcomeOf.outcomeOf(OutcomeOf.scala:85)
	at org.scalatest.OutcomeOf.outcomeOf$(OutcomeOf.scala:83)
	at org.scalatest.OutcomeOf$.outcomeOf(OutcomeOf.scala:104)
	at org.scalatest.Transformer.apply(Transformer.scala:22)
	at org.scalatest.Transformer.apply(Transformer.scala:20)
	at org.scalatest.FunSuiteLike$$anon$1.apply(FunSuiteLike.scala:186)
	at org.scalatest.TestSuite.withFixture(TestSuite.scala:196)
	at org.scalatest.TestSuite.withFixture$(TestSuite.scala:195)
	at org.scalatest.FunSuite.withFixture(FunSuite.scala:1560)
	at org.scalatest.FunSuiteLike.invokeWithFixture$1(FunSuiteLike.scala:184)
	at org.scalatest.FunSuiteLike.$anonfun$runTest$1(FunSuiteLike.scala:196)
	at org.scalatest.SuperEngine.runTestImpl(Engine.scala:289)
	at org.scalatest.FunSuiteLike.runTest(FunSuiteLike.scala:196)
	at org.scalatest.FunSuiteLike.runTest$(FunSuiteLike.scala:178)
	at org.scalatest.FunSuite.runTest(FunSuite.scala:1560)
	at org.scalatest.FunSuiteLike.$anonfun$runTests$1(FunSuiteLike.scala:229)
	at org.scalatest.SuperEngine.$anonfun$runTestsInBranch$1(Engine.scala:396)
	at scala.collection.immutable.List.foreach(List.scala:378)
	at org.scalatest.SuperEngine.traverseSubNodes$1(Engine.scala:384)
	at org.scalatest.SuperEngine.runTestsInBranch(Engine.scala:379)
	at org.scalatest.SuperEngine.runTestsImpl(Engine.scala:461)
	at org.scalatest.FunSuiteLike.runTests(FunSuiteLike.scala:229)
	at org.scalatest.FunSuiteLike.runTests$(FunSuiteLike.scala:228)
	at org.scalatest.FunSuite.runTests(FunSuite.scala:1560)
	at org.scalatest.Suite.run(Suite.scala:1147)
	at org.scalatest.Suite.run$(Suite.scala:1129)
	at org.scalatest.FunSuite.org$scalatest$FunSuiteLike$$super$run(FunSuite.scala:1560)
	at org.scalatest.FunSuiteLike.$anonfun$run$1(FunSuiteLike.scala:233)
	at org.scalatest.SuperEngine.runImpl(Engine.scala:521)
	at org.scalatest.FunSuiteLike.run(FunSuiteLike.scala:233)
	at org.scalatest.FunSuiteLike.run$(FunSuiteLike.scala:232)
	at org.scalatest.FunSuite.run(FunSuite.scala:1560)
	at org.scalatest.tools.SuiteRunner.run(SuiteRunner.scala:45)
	at org.scalatest.tools.Runner$.$anonfun$doRunRunRunDaDoRunRun$13(Runner.scala:1340)
	at org.scalatest.tools.Runner$.$anonfun$doRunRunRunDaDoRunRun$13$adapted(Runner.scala:1334)
	at scala.collection.immutable.List.foreach(List.scala:378)
	at org.scalatest.tools.Runner$.doRunRunRunDaDoRunRun(Runner.scala:1334)
	at org.scalatest.tools.Runner$.$anonfun$runOptionallyWithPassFailReporter$24(Runner.scala:1031)
	at org.scalatest.tools.Runner$.$anonfun$runOptionallyWithPassFailReporter$24$adapted(Runner.scala:1010)
	at org.scalatest.tools.Runner$.withClassLoaderAndDispatchReporter(Runner.scala:1500)
	at org.scalatest.tools.Runner$.runOptionallyWithPassFailReporter(Runner.scala:1010)
	at org.scalatest.tools.Runner$.run(Runner.scala:850)
	at org.scalatest.tools.Runner.run(Runner.scala)
	at org.jetbrains.plugins.scala.testingSupport.scalaTest.ScalaTestRunner.runScalaTest2(ScalaTestRunner.java:138)
	at org.jetbrains.plugins.scala.testingSupport.scalaTest.ScalaTestRunner.main(ScalaTestRunner.java:28)
	at sun.reflect.NativeMethodAccessorImpl.invoke0(Native Method)
	at sun.reflect.NativeMethodAccessorImpl.invoke(NativeMethodAccessorImpl.java:62)
	at sun.reflect.DelegatingMethodAccessorImpl.invoke(DelegatingMethodAccessorImpl.java:43)
	at java.lang.reflect.Method.invoke(Method.java:498)
	at com.intellij.rt.execution.application.AppMain.main(AppMain.java:147)

FAILED F2015L00250
au.gov.dva.sopapi.exceptions.SopParserError: Cannot determine aggravation paras from: Paragraph 6(b) applies only to material contribution to, or aggravation of, seborrhoeic keratosis where the personâ€™s seborrhoeic keratosis was suffered or contracted before or during (but not arising out of) the personâ€™s relevant service.
	at au.gov.dva.sopapi.sopref.parsing.implementations.LsParser$.parseStartAndEndAggravationParas(LsParser.scala:101)
	at au.gov.dva.sopapi.sopref.parsing.implementations.LsSoPFactory$.create(LsSoPFactory.scala:22)
	at au.gov.dva.sopapi.tests.parsers.ParserTestUtils$.executeWholeParsingPipeline(ParserTestUtils.scala:33)
	at au.gov.dva.sopapi.tests.parsers.RHSoPParsingTests.$anonfun$new$2(RHSoPParsingTests.scala:26)
	at scala.collection.IndexedSeqOptimized.foreach(IndexedSeqOptimized.scala:32)
	at scala.collection.IndexedSeqOptimized.foreach$(IndexedSeqOptimized.scala:29)
	at scala.collection.mutable.ArrayOps$ofRef.foreach(ArrayOps.scala:193)
	at au.gov.dva.sopapi.tests.parsers.RHSoPParsingTests.$anonfun$new$1(RHSoPParsingTests.scala:23)
	at org.scalatest.OutcomeOf.outcomeOf(OutcomeOf.scala:85)
	at org.scalatest.OutcomeOf.outcomeOf$(OutcomeOf.scala:83)
	at org.scalatest.OutcomeOf$.outcomeOf(OutcomeOf.scala:104)
	at org.scalatest.Transformer.apply(Transformer.scala:22)
	at org.scalatest.Transformer.apply(Transformer.scala:20)
	at org.scalatest.FunSuiteLike$$anon$1.apply(FunSuiteLike.scala:186)
	at org.scalatest.TestSuite.withFixture(TestSuite.scala:196)
	at org.scalatest.TestSuite.withFixture$(TestSuite.scala:195)
	at org.scalatest.FunSuite.withFixture(FunSuite.scala:1560)
	at org.scalatest.FunSuiteLike.invokeWithFixture$1(FunSuiteLike.scala:184)
	at org.scalatest.FunSuiteLike.$anonfun$runTest$1(FunSuiteLike.scala:196)
	at org.scalatest.SuperEngine.runTestImpl(Engine.scala:289)
	at org.scalatest.FunSuiteLike.runTest(FunSuiteLike.scala:196)
	at org.scalatest.FunSuiteLike.runTest$(FunSuiteLike.scala:178)
	at org.scalatest.FunSuite.runTest(FunSuite.scala:1560)
	at org.scalatest.FunSuiteLike.$anonfun$runTests$1(FunSuiteLike.scala:229)
	at org.scalatest.SuperEngine.$anonfun$runTestsInBranch$1(Engine.scala:396)
	at scala.collection.immutable.List.foreach(List.scala:378)
	at org.scalatest.SuperEngine.traverseSubNodes$1(Engine.scala:384)
	at org.scalatest.SuperEngine.runTestsInBranch(Engine.scala:379)
	at org.scalatest.SuperEngine.runTestsImpl(Engine.scala:461)
	at org.scalatest.FunSuiteLike.runTests(FunSuiteLike.scala:229)
	at org.scalatest.FunSuiteLike.runTests$(FunSuiteLike.scala:228)
	at org.scalatest.FunSuite.runTests(FunSuite.scala:1560)
	at org.scalatest.Suite.run(Suite.scala:1147)
	at org.scalatest.Suite.run$(Suite.scala:1129)
	at org.scalatest.FunSuite.org$scalatest$FunSuiteLike$$super$run(FunSuite.scala:1560)
	at org.scalatest.FunSuiteLike.$anonfun$run$1(FunSuiteLike.scala:233)
	at org.scalatest.SuperEngine.runImpl(Engine.scala:521)
	at org.scalatest.FunSuiteLike.run(FunSuiteLike.scala:233)
	at org.scalatest.FunSuiteLike.run$(FunSuiteLike.scala:232)
	at org.scalatest.FunSuite.run(FunSuite.scala:1560)
	at org.scalatest.tools.SuiteRunner.run(SuiteRunner.scala:45)
	at org.scalatest.tools.Runner$.$anonfun$doRunRunRunDaDoRunRun$13(Runner.scala:1340)
	at org.scalatest.tools.Runner$.$anonfun$doRunRunRunDaDoRunRun$13$adapted(Runner.scala:1334)
	at scala.collection.immutable.List.foreach(List.scala:378)
	at org.scalatest.tools.Runner$.doRunRunRunDaDoRunRun(Runner.scala:1334)
	at org.scalatest.tools.Runner$.$anonfun$runOptionallyWithPassFailReporter$24(Runner.scala:1031)
	at org.scalatest.tools.Runner$.$anonfun$runOptionallyWithPassFailReporter$24$adapted(Runner.scala:1010)
	at org.scalatest.tools.Runner$.withClassLoaderAndDispatchReporter(Runner.scala:1500)
	at org.scalatest.tools.Runner$.runOptionallyWithPassFailReporter(Runner.scala:1010)
	at org.scalatest.tools.Runner$.run(Runner.scala:850)
	at org.scalatest.tools.Runner.run(Runner.scala)
	at org.jetbrains.plugins.scala.testingSupport.scalaTest.ScalaTestRunner.runScalaTest2(ScalaTestRunner.java:138)
	at org.jetbrains.plugins.scala.testingSupport.scalaTest.ScalaTestRunner.main(ScalaTestRunner.java:28)
	at sun.reflect.NativeMethodAccessorImpl.invoke0(Native Method)
	at sun.reflect.NativeMethodAccessorImpl.invoke(NativeMethodAccessorImpl.java:62)
	at sun.reflect.DelegatingMethodAccessorImpl.invoke(DelegatingMethodAccessorImpl.java:43)
	at java.lang.reflect.Method.invoke(Method.java:498)
	at com.intellij.rt.execution.application.AppMain.main(AppMain.java:147)

FAILED F2011L01726
java.util.NoSuchElementException: None.get
	at scala.None$.get(Option.scala:349)
	at scala.None$.get(Option.scala:347)
	at au.gov.dva.sopapi.sopref.parsing.implementations.LsExtractor.extractICDCodes(LsExtractor.scala:37)
	at au.gov.dva.sopapi.sopref.parsing.implementations.LsSoPFactory$.create(LsSoPFactory.scala:39)
	at au.gov.dva.sopapi.tests.parsers.ParserTestUtils$.executeWholeParsingPipeline(ParserTestUtils.scala:33)
	at au.gov.dva.sopapi.tests.parsers.RHSoPParsingTests.$anonfun$new$2(RHSoPParsingTests.scala:26)
	at scala.collection.IndexedSeqOptimized.foreach(IndexedSeqOptimized.scala:32)
	at scala.collection.IndexedSeqOptimized.foreach$(IndexedSeqOptimized.scala:29)
	at scala.collection.mutable.ArrayOps$ofRef.foreach(ArrayOps.scala:193)
	at au.gov.dva.sopapi.tests.parsers.RHSoPParsingTests.$anonfun$new$1(RHSoPParsingTests.scala:23)
	at org.scalatest.OutcomeOf.outcomeOf(OutcomeOf.scala:85)
	at org.scalatest.OutcomeOf.outcomeOf$(OutcomeOf.scala:83)
	at org.scalatest.OutcomeOf$.outcomeOf(OutcomeOf.scala:104)
	at org.scalatest.Transformer.apply(Transformer.scala:22)
	at org.scalatest.Transformer.apply(Transformer.scala:20)
	at org.scalatest.FunSuiteLike$$anon$1.apply(FunSuiteLike.scala:186)
	at org.scalatest.TestSuite.withFixture(TestSuite.scala:196)
	at org.scalatest.TestSuite.withFixture$(TestSuite.scala:195)
	at org.scalatest.FunSuite.withFixture(FunSuite.scala:1560)
	at org.scalatest.FunSuiteLike.invokeWithFixture$1(FunSuiteLike.scala:184)
	at org.scalatest.FunSuiteLike.$anonfun$runTest$1(FunSuiteLike.scala:196)
	at org.scalatest.SuperEngine.runTestImpl(Engine.scala:289)
	at org.scalatest.FunSuiteLike.runTest(FunSuiteLike.scala:196)
	at org.scalatest.FunSuiteLike.runTest$(FunSuiteLike.scala:178)
	at org.scalatest.FunSuite.runTest(FunSuite.scala:1560)
	at org.scalatest.FunSuiteLike.$anonfun$runTests$1(FunSuiteLike.scala:229)
	at org.scalatest.SuperEngine.$anonfun$runTestsInBranch$1(Engine.scala:396)
	at scala.collection.immutable.List.foreach(List.scala:378)
	at org.scalatest.SuperEngine.traverseSubNodes$1(Engine.scala:384)
	at org.scalatest.SuperEngine.runTestsInBranch(Engine.scala:379)
	at org.scalatest.SuperEngine.runTestsImpl(Engine.scala:461)
	at org.scalatest.FunSuiteLike.runTests(FunSuiteLike.scala:229)
	at org.scalatest.FunSuiteLike.runTests$(FunSuiteLike.scala:228)
	at org.scalatest.FunSuite.runTests(FunSuite.scala:1560)
	at org.scalatest.Suite.run(Suite.scala:1147)
	at org.scalatest.Suite.run$(Suite.scala:1129)
	at org.scalatest.FunSuite.org$scalatest$FunSuiteLike$$super$run(FunSuite.scala:1560)
	at org.scalatest.FunSuiteLike.$anonfun$run$1(FunSuiteLike.scala:233)
	at org.scalatest.SuperEngine.runImpl(Engine.scala:521)
	at org.scalatest.FunSuiteLike.run(FunSuiteLike.scala:233)
	at org.scalatest.FunSuiteLike.run$(FunSuiteLike.scala:232)
	at org.scalatest.FunSuite.run(FunSuite.scala:1560)
	at org.scalatest.tools.SuiteRunner.run(SuiteRunner.scala:45)
	at org.scalatest.tools.Runner$.$anonfun$doRunRunRunDaDoRunRun$13(Runner.scala:1340)
	at org.scalatest.tools.Runner$.$anonfun$doRunRunRunDaDoRunRun$13$adapted(Runner.scala:1334)
	at scala.collection.immutable.List.foreach(List.scala:378)
	at org.scalatest.tools.Runner$.doRunRunRunDaDoRunRun(Runner.scala:1334)
	at org.scalatest.tools.Runner$.$anonfun$runOptionallyWithPassFailReporter$24(Runner.scala:1031)
	at org.scalatest.tools.Runner$.$anonfun$runOptionallyWithPassFailReporter$24$adapted(Runner.scala:1010)
	at org.scalatest.tools.Runner$.withClassLoaderAndDispatchReporter(Runner.scala:1500)
	at org.scalatest.tools.Runner$.runOptionallyWithPassFailReporter(Runner.scala:1010)
	at org.scalatest.tools.Runner$.run(Runner.scala:850)
	at org.scalatest.tools.Runner.run(Runner.scala)
	at org.jetbrains.plugins.scala.testingSupport.scalaTest.ScalaTestRunner.runScalaTest2(ScalaTestRunner.java:138)
	at org.jetbrains.plugins.scala.testingSupport.scalaTest.ScalaTestRunner.main(ScalaTestRunner.java:28)
	at sun.reflect.NativeMethodAccessorImpl.invoke0(Native Method)
	at sun.reflect.NativeMethodAccessorImpl.invoke(NativeMethodAccessorImpl.java:62)
	at sun.reflect.DelegatingMethodAccessorImpl.invoke(DelegatingMethodAccessorImpl.java:43)
	at java.lang.reflect.Method.invoke(Method.java:498)
	at com.intellij.rt.execution.application.AppMain.main(AppMain.java:147)

FAILED F2015L01671
au.gov.dva.sopapi.exceptions.SopParserError: No section found with title matching regex: ^Title$
	at au.gov.dva.sopapi.sopref.parsing.SoPExtractorUtilities$.getSection(SoPExtractorUtilities.scala:55)
	at au.gov.dva.sopapi.sopref.parsing.implementations.LsExtractor.extractCitation(LsExtractor.scala:32)
	at au.gov.dva.sopapi.sopref.parsing.implementations.LsSoPFactory$.create(LsSoPFactory.scala:12)
	at au.gov.dva.sopapi.tests.parsers.ParserTestUtils$.executeWholeParsingPipeline(ParserTestUtils.scala:33)
	at au.gov.dva.sopapi.tests.parsers.RHSoPParsingTests.$anonfun$new$2(RHSoPParsingTests.scala:26)
	at scala.collection.IndexedSeqOptimized.foreach(IndexedSeqOptimized.scala:32)
	at scala.collection.IndexedSeqOptimized.foreach$(IndexedSeqOptimized.scala:29)
	at scala.collection.mutable.ArrayOps$ofRef.foreach(ArrayOps.scala:193)
	at au.gov.dva.sopapi.tests.parsers.RHSoPParsingTests.$anonfun$new$1(RHSoPParsingTests.scala:23)
	at org.scalatest.OutcomeOf.outcomeOf(OutcomeOf.scala:85)
	at org.scalatest.OutcomeOf.outcomeOf$(OutcomeOf.scala:83)
	at org.scalatest.OutcomeOf$.outcomeOf(OutcomeOf.scala:104)
	at org.scalatest.Transformer.apply(Transformer.scala:22)
	at org.scalatest.Transformer.apply(Transformer.scala:20)
	at org.scalatest.FunSuiteLike$$anon$1.apply(FunSuiteLike.scala:186)
	at org.scalatest.TestSuite.withFixture(TestSuite.scala:196)
	at org.scalatest.TestSuite.withFixture$(TestSuite.scala:195)
	at org.scalatest.FunSuite.withFixture(FunSuite.scala:1560)
	at org.scalatest.FunSuiteLike.invokeWithFixture$1(FunSuiteLike.scala:184)
	at org.scalatest.FunSuiteLike.$anonfun$runTest$1(FunSuiteLike.scala:196)
	at org.scalatest.SuperEngine.runTestImpl(Engine.scala:289)
	at org.scalatest.FunSuiteLike.runTest(FunSuiteLike.scala:196)
	at org.scalatest.FunSuiteLike.runTest$(FunSuiteLike.scala:178)
	at org.scalatest.FunSuite.runTest(FunSuite.scala:1560)
	at org.scalatest.FunSuiteLike.$anonfun$runTests$1(FunSuiteLike.scala:229)
	at org.scalatest.SuperEngine.$anonfun$runTestsInBranch$1(Engine.scala:396)
	at scala.collection.immutable.List.foreach(List.scala:378)
	at org.scalatest.SuperEngine.traverseSubNodes$1(Engine.scala:384)
	at org.scalatest.SuperEngine.runTestsInBranch(Engine.scala:379)
	at org.scalatest.SuperEngine.runTestsImpl(Engine.scala:461)
	at org.scalatest.FunSuiteLike.runTests(FunSuiteLike.scala:229)
	at org.scalatest.FunSuiteLike.runTests$(FunSuiteLike.scala:228)
	at org.scalatest.FunSuite.runTests(FunSuite.scala:1560)
	at org.scalatest.Suite.run(Suite.scala:1147)
	at org.scalatest.Suite.run$(Suite.scala:1129)
	at org.scalatest.FunSuite.org$scalatest$FunSuiteLike$$super$run(FunSuite.scala:1560)
	at org.scalatest.FunSuiteLike.$anonfun$run$1(FunSuiteLike.scala:233)
	at org.scalatest.SuperEngine.runImpl(Engine.scala:521)
	at org.scalatest.FunSuiteLike.run(FunSuiteLike.scala:233)
	at org.scalatest.FunSuiteLike.run$(FunSuiteLike.scala:232)
	at org.scalatest.FunSuite.run(FunSuite.scala:1560)
	at org.scalatest.tools.SuiteRunner.run(SuiteRunner.scala:45)
	at org.scalatest.tools.Runner$.$anonfun$doRunRunRunDaDoRunRun$13(Runner.scala:1340)
	at org.scalatest.tools.Runner$.$anonfun$doRunRunRunDaDoRunRun$13$adapted(Runner.scala:1334)
	at scala.collection.immutable.List.foreach(List.scala:378)
	at org.scalatest.tools.Runner$.doRunRunRunDaDoRunRun(Runner.scala:1334)
	at org.scalatest.tools.Runner$.$anonfun$runOptionallyWithPassFailReporter$24(Runner.scala:1031)
	at org.scalatest.tools.Runner$.$anonfun$runOptionallyWithPassFailReporter$24$adapted(Runner.scala:1010)
	at org.scalatest.tools.Runner$.withClassLoaderAndDispatchReporter(Runner.scala:1500)
	at org.scalatest.tools.Runner$.runOptionallyWithPassFailReporter(Runner.scala:1010)
	at org.scalatest.tools.Runner$.run(Runner.scala:850)
	at org.scalatest.tools.Runner.run(Runner.scala)
	at org.jetbrains.plugins.scala.testingSupport.scalaTest.ScalaTestRunner.runScalaTest2(ScalaTestRunner.java:138)
	at org.jetbrains.plugins.scala.testingSupport.scalaTest.ScalaTestRunner.main(ScalaTestRunner.java:28)
	at sun.reflect.NativeMethodAccessorImpl.invoke0(Native Method)
	at sun.reflect.NativeMethodAccessorImpl.invoke(NativeMethodAccessorImpl.java:62)
	at sun.reflect.DelegatingMethodAccessorImpl.invoke(DelegatingMethodAccessorImpl.java:43)
	at java.lang.reflect.Method.invoke(Method.java:498)
	at com.intellij.rt.execution.application.AppMain.main(AppMain.java:147)

FAILED F2015L00913
au.gov.dva.sopapi.exceptions.SopParserError: No section found with title matching regex: ^Title$
	at au.gov.dva.sopapi.sopref.parsing.SoPExtractorUtilities$.getSection(SoPExtractorUtilities.scala:55)
	at au.gov.dva.sopapi.sopref.parsing.implementations.LsExtractor.extractCitation(LsExtractor.scala:32)
	at au.gov.dva.sopapi.sopref.parsing.implementations.LsSoPFactory$.create(LsSoPFactory.scala:12)
	at au.gov.dva.sopapi.tests.parsers.ParserTestUtils$.executeWholeParsingPipeline(ParserTestUtils.scala:33)
	at au.gov.dva.sopapi.tests.parsers.RHSoPParsingTests.$anonfun$new$2(RHSoPParsingTests.scala:26)
	at scala.collection.IndexedSeqOptimized.foreach(IndexedSeqOptimized.scala:32)
	at scala.collection.IndexedSeqOptimized.foreach$(IndexedSeqOptimized.scala:29)
	at scala.collection.mutable.ArrayOps$ofRef.foreach(ArrayOps.scala:193)
	at au.gov.dva.sopapi.tests.parsers.RHSoPParsingTests.$anonfun$new$1(RHSoPParsingTests.scala:23)
	at org.scalatest.OutcomeOf.outcomeOf(OutcomeOf.scala:85)
	at org.scalatest.OutcomeOf.outcomeOf$(OutcomeOf.scala:83)
	at org.scalatest.OutcomeOf$.outcomeOf(OutcomeOf.scala:104)
	at org.scalatest.Transformer.apply(Transformer.scala:22)
	at org.scalatest.Transformer.apply(Transformer.scala:20)
	at org.scalatest.FunSuiteLike$$anon$1.apply(FunSuiteLike.scala:186)
	at org.scalatest.TestSuite.withFixture(TestSuite.scala:196)
	at org.scalatest.TestSuite.withFixture$(TestSuite.scala:195)
	at org.scalatest.FunSuite.withFixture(FunSuite.scala:1560)
	at org.scalatest.FunSuiteLike.invokeWithFixture$1(FunSuiteLike.scala:184)
	at org.scalatest.FunSuiteLike.$anonfun$runTest$1(FunSuiteLike.scala:196)
	at org.scalatest.SuperEngine.runTestImpl(Engine.scala:289)
	at org.scalatest.FunSuiteLike.runTest(FunSuiteLike.scala:196)
	at org.scalatest.FunSuiteLike.runTest$(FunSuiteLike.scala:178)
	at org.scalatest.FunSuite.runTest(FunSuite.scala:1560)
	at org.scalatest.FunSuiteLike.$anonfun$runTests$1(FunSuiteLike.scala:229)
	at org.scalatest.SuperEngine.$anonfun$runTestsInBranch$1(Engine.scala:396)
	at scala.collection.immutable.List.foreach(List.scala:378)
	at org.scalatest.SuperEngine.traverseSubNodes$1(Engine.scala:384)
	at org.scalatest.SuperEngine.runTestsInBranch(Engine.scala:379)
	at org.scalatest.SuperEngine.runTestsImpl(Engine.scala:461)
	at org.scalatest.FunSuiteLike.runTests(FunSuiteLike.scala:229)
	at org.scalatest.FunSuiteLike.runTests$(FunSuiteLike.scala:228)
	at org.scalatest.FunSuite.runTests(FunSuite.scala:1560)
	at org.scalatest.Suite.run(Suite.scala:1147)
	at org.scalatest.Suite.run$(Suite.scala:1129)
	at org.scalatest.FunSuite.org$scalatest$FunSuiteLike$$super$run(FunSuite.scala:1560)
	at org.scalatest.FunSuiteLike.$anonfun$run$1(FunSuiteLike.scala:233)
	at org.scalatest.SuperEngine.runImpl(Engine.scala:521)
	at org.scalatest.FunSuiteLike.run(FunSuiteLike.scala:233)
	at org.scalatest.FunSuiteLike.run$(FunSuiteLike.scala:232)
	at org.scalatest.FunSuite.run(FunSuite.scala:1560)
	at org.scalatest.tools.SuiteRunner.run(SuiteRunner.scala:45)
	at org.scalatest.tools.Runner$.$anonfun$doRunRunRunDaDoRunRun$13(Runner.scala:1340)
	at org.scalatest.tools.Runner$.$anonfun$doRunRunRunDaDoRunRun$13$adapted(Runner.scala:1334)
	at scala.collection.immutable.List.foreach(List.scala:378)
	at org.scalatest.tools.Runner$.doRunRunRunDaDoRunRun(Runner.scala:1334)
	at org.scalatest.tools.Runner$.$anonfun$runOptionallyWithPassFailReporter$24(Runner.scala:1031)
	at org.scalatest.tools.Runner$.$anonfun$runOptionallyWithPassFailReporter$24$adapted(Runner.scala:1010)
	at org.scalatest.tools.Runner$.withClassLoaderAndDispatchReporter(Runner.scala:1500)
	at org.scalatest.tools.Runner$.runOptionallyWithPassFailReporter(Runner.scala:1010)
	at org.scalatest.tools.Runner$.run(Runner.scala:850)
	at org.scalatest.tools.Runner.run(Runner.scala)
	at org.jetbrains.plugins.scala.testingSupport.scalaTest.ScalaTestRunner.runScalaTest2(ScalaTestRunner.java:138)
	at org.jetbrains.plugins.scala.testingSupport.scalaTest.ScalaTestRunner.main(ScalaTestRunner.java:28)
	at sun.reflect.NativeMethodAccessorImpl.invoke0(Native Method)
	at sun.reflect.NativeMethodAccessorImpl.invoke(NativeMethodAccessorImpl.java:62)
	at sun.reflect.DelegatingMethodAccessorImpl.invoke(DelegatingMethodAccessorImpl.java:43)
	at java.lang.reflect.Method.invoke(Method.java:498)
	at com.intellij.rt.execution.application.AppMain.main(AppMain.java:147)

FAILED F2012L00942
au.gov.dva.sopapi.exceptions.SopParserError: Cannot find the defined word in this definition: "time-weighted average (TWA) with 3-dB exchange rate" means the time-
weighted average noise exposure level calculated according to the following
formulae and shown in the table:
TWA = 10.0 ï‚´ Log(D/100) + 85
where D = daily dose; and
D = [ C1/T1 + C2/T2 + â€¦..+ Cn/Tn] ï‚´ 100
where Cn = total time of exposure at a specified noise level,
Tn = exposure duration for which noise at this level becomes
hazardous
Table of noise exposure levels and
durations based on 3-dB(A) exchange rate
Duration, T Duration, T
Exposure
Level, L
(dB(A)) Hours Minutes Seconds
Exposure
Level, L
(dB(A)) Hours Minutes Seconds
80 25 24 ï‚¾ 106 ï‚¾ 3 45
81 20 10 ï‚¾ 107 ï‚¾ 2 59
82 16 ï‚¾ ï‚¾ 108 ï‚¾ 2 22
83 12 42 ï‚¾ 109 ï‚¾ 1 53
84 10 5 ï‚¾ 110 ï‚¾ 1 29
85 8 ï‚¾ ï‚¾ 111 ï‚¾ 1 11
86 6 21 ï‚¾ 112 ï‚¾ ï‚¾ 56
87 5 2 ï‚¾ 113 ï‚¾ ï‚¾ 45
88 4 ï‚¾ ï‚¾ 114 ï‚¾ ï‚¾ 35
89 3 10 ï‚¾ 115 ï‚¾ ï‚¾ 28
90 2 31 ï‚¾ 116 ï‚¾ ï‚¾ 22
91 2 ï‚¾ ï‚¾ 117 ï‚¾ ï‚¾ 18
92 1 35 ï‚¾ 118 ï‚¾ ï‚¾ 14
93 1 16 ï‚¾ 119 ï‚¾ ï‚¾ 11
94 1 ï‚¾ ï‚¾ 120 ï‚¾ ï‚¾ 9
95 ï‚¾ 47 37 121 ï‚¾ ï‚¾ 7
96 ï‚¾ 37 48 122 ï‚¾ ï‚¾ 6
97 ï‚¾ 30 ï‚¾ 123 ï‚¾ ï‚¾ 4
98 ï‚¾ 23 49 124 ï‚¾ ï‚¾ 3
99 ï‚¾ 18 59 125 ï‚¾ ï‚¾ 3
100 ï‚¾ 15 ï‚¾ 126 ï‚¾ ï‚¾ 2
101 ï‚¾ 11 54 127 ï‚¾ ï‚¾ 1
102 ï‚¾ 9 27 128 ï‚¾ ï‚¾ 1
103 ï‚¾ 7 30 129 ï‚¾ ï‚¾ 1
104 ï‚¾ 5 57 130-140 ï‚¾ ï‚¾ <1
105 ï‚¾ 4 43 ï‚¾ ï‚¾ ï‚¾ ï‚¾
Source: National Institute of Occupational Safety and Health 1998 Guidelines
Publication No. 98-126
	at au.gov.dva.sopapi.sopref.parsing.implementations.DefinitionsParsers$.parseSingleDefinition(DefinitionsParsers.scala:34)
	at au.gov.dva.sopapi.sopref.parsing.implementations.LsParser$.$anonfun$parseDefinitions$1(LsParser.scala:84)
	at scala.collection.immutable.List.map(List.scala:272)
	at au.gov.dva.sopapi.sopref.parsing.implementations.LsParser$.parseDefinitions(LsParser.scala:84)
	at au.gov.dva.sopapi.sopref.parsing.implementations.LsSoPFactory$.create(LsSoPFactory.scala:15)
	at au.gov.dva.sopapi.tests.parsers.ParserTestUtils$.executeWholeParsingPipeline(ParserTestUtils.scala:33)
	at au.gov.dva.sopapi.tests.parsers.RHSoPParsingTests.$anonfun$new$2(RHSoPParsingTests.scala:26)
	at scala.collection.IndexedSeqOptimized.foreach(IndexedSeqOptimized.scala:32)
	at scala.collection.IndexedSeqOptimized.foreach$(IndexedSeqOptimized.scala:29)
	at scala.collection.mutable.ArrayOps$ofRef.foreach(ArrayOps.scala:193)
	at au.gov.dva.sopapi.tests.parsers.RHSoPParsingTests.$anonfun$new$1(RHSoPParsingTests.scala:23)
	at org.scalatest.OutcomeOf.outcomeOf(OutcomeOf.scala:85)
	at org.scalatest.OutcomeOf.outcomeOf$(OutcomeOf.scala:83)
	at org.scalatest.OutcomeOf$.outcomeOf(OutcomeOf.scala:104)
	at org.scalatest.Transformer.apply(Transformer.scala:22)
	at org.scalatest.Transformer.apply(Transformer.scala:20)
	at org.scalatest.FunSuiteLike$$anon$1.apply(FunSuiteLike.scala:186)
	at org.scalatest.TestSuite.withFixture(TestSuite.scala:196)
	at org.scalatest.TestSuite.withFixture$(TestSuite.scala:195)
	at org.scalatest.FunSuite.withFixture(FunSuite.scala:1560)
	at org.scalatest.FunSuiteLike.invokeWithFixture$1(FunSuiteLike.scala:184)
	at org.scalatest.FunSuiteLike.$anonfun$runTest$1(FunSuiteLike.scala:196)
	at org.scalatest.SuperEngine.runTestImpl(Engine.scala:289)
	at org.scalatest.FunSuiteLike.runTest(FunSuiteLike.scala:196)
	at org.scalatest.FunSuiteLike.runTest$(FunSuiteLike.scala:178)
	at org.scalatest.FunSuite.runTest(FunSuite.scala:1560)
	at org.scalatest.FunSuiteLike.$anonfun$runTests$1(FunSuiteLike.scala:229)
	at org.scalatest.SuperEngine.$anonfun$runTestsInBranch$1(Engine.scala:396)
	at scala.collection.immutable.List.foreach(List.scala:378)
	at org.scalatest.SuperEngine.traverseSubNodes$1(Engine.scala:384)
	at org.scalatest.SuperEngine.runTestsInBranch(Engine.scala:379)
	at org.scalatest.SuperEngine.runTestsImpl(Engine.scala:461)
	at org.scalatest.FunSuiteLike.runTests(FunSuiteLike.scala:229)
	at org.scalatest.FunSuiteLike.runTests$(FunSuiteLike.scala:228)
	at org.scalatest.FunSuite.runTests(FunSuite.scala:1560)
	at org.scalatest.Suite.run(Suite.scala:1147)
	at org.scalatest.Suite.run$(Suite.scala:1129)
	at org.scalatest.FunSuite.org$scalatest$FunSuiteLike$$super$run(FunSuite.scala:1560)
	at org.scalatest.FunSuiteLike.$anonfun$run$1(FunSuiteLike.scala:233)
	at org.scalatest.SuperEngine.runImpl(Engine.scala:521)
	at org.scalatest.FunSuiteLike.run(FunSuiteLike.scala:233)
	at org.scalatest.FunSuiteLike.run$(FunSuiteLike.scala:232)
	at org.scalatest.FunSuite.run(FunSuite.scala:1560)
	at org.scalatest.tools.SuiteRunner.run(SuiteRunner.scala:45)
	at org.scalatest.tools.Runner$.$anonfun$doRunRunRunDaDoRunRun$13(Runner.scala:1340)
	at org.scalatest.tools.Runner$.$anonfun$doRunRunRunDaDoRunRun$13$adapted(Runner.scala:1334)
	at scala.collection.immutable.List.foreach(List.scala:378)
	at org.scalatest.tools.Runner$.doRunRunRunDaDoRunRun(Runner.scala:1334)
	at org.scalatest.tools.Runner$.$anonfun$runOptionallyWithPassFailReporter$24(Runner.scala:1031)
	at org.scalatest.tools.Runner$.$anonfun$runOptionallyWithPassFailReporter$24$adapted(Runner.scala:1010)
	at org.scalatest.tools.Runner$.withClassLoaderAndDispatchReporter(Runner.scala:1500)
	at org.scalatest.tools.Runner$.runOptionallyWithPassFailReporter(Runner.scala:1010)
	at org.scalatest.tools.Runner$.run(Runner.scala:850)
	at org.scalatest.tools.Runner.run(Runner.scala)
	at org.jetbrains.plugins.scala.testingSupport.scalaTest.ScalaTestRunner.runScalaTest2(ScalaTestRunner.java:138)
	at org.jetbrains.plugins.scala.testingSupport.scalaTest.ScalaTestRunner.main(ScalaTestRunner.java:28)
	at sun.reflect.NativeMethodAccessorImpl.invoke0(Native Method)
	at sun.reflect.NativeMethodAccessorImpl.invoke(NativeMethodAccessorImpl.java:62)
	at sun.reflect.DelegatingMethodAccessorImpl.invoke(DelegatingMethodAccessorImpl.java:43)
	at java.lang.reflect.Method.invoke(Method.java:498)
	at com.intellij.rt.execution.application.AppMain.main(AppMain.java:147)

FAILED F2012L02084
au.gov.dva.sopapi.exceptions.SopParserError: [1.737] failure: string matching regex `\.$' expected but `:' found

The factor that must as a minimum exist before it can be said that a reasonable hypothesis has been raised connecting solar keratosis or death from solar keratosis with the circumstances of a personâ€™s relevant service is: (a) being a prisoner of war of Japan before the clinical onset of solar keratosis; or (b) having sunlight exposure to unprotected skin at the affected site for at least 2250 hours while in a tropical area, or having equivalent sunlight exposure in other latitude zones, before the clinical onset of solar keratosis; or (c) being treated with an immunosuppressive drug for a continuous period of 12 weeks before the clinical onset of solar keratosis; or (d) undergoing PUVA therapy involving the affected site where: (i) the first PUVA treatment commenced at least five years before; and (ii) at least 25 PUVA treatments were administered; before the clinical onset of solar keratosis; or (e) having cutaneous contact of the affected site with bipyridyl compounds associated with paraquat manufacture, on more days than not for a cumulative period of at least five years, before the clinical onset of solar keratosis; or (f) inability to obtain appropriate clinical management for solar keratosis.
                                                                                                                                                                                                                                                                                                                                                                                                                                                                                                                                                                                                                                                                                                                                                                ^
	at au.gov.dva.sopapi.sopref.parsing.implementations.LsParser$.parseFactors(LsParser.scala:52)
	at au.gov.dva.sopapi.sopref.parsing.implementations.LsSoPFactory$.create(LsSoPFactory.scala:18)
	at au.gov.dva.sopapi.tests.parsers.ParserTestUtils$.executeWholeParsingPipeline(ParserTestUtils.scala:33)
	at au.gov.dva.sopapi.tests.parsers.RHSoPParsingTests.$anonfun$new$2(RHSoPParsingTests.scala:26)
	at scala.collection.IndexedSeqOptimized.foreach(IndexedSeqOptimized.scala:32)
	at scala.collection.IndexedSeqOptimized.foreach$(IndexedSeqOptimized.scala:29)
	at scala.collection.mutable.ArrayOps$ofRef.foreach(ArrayOps.scala:193)
	at au.gov.dva.sopapi.tests.parsers.RHSoPParsingTests.$anonfun$new$1(RHSoPParsingTests.scala:23)
	at org.scalatest.OutcomeOf.outcomeOf(OutcomeOf.scala:85)
	at org.scalatest.OutcomeOf.outcomeOf$(OutcomeOf.scala:83)
	at org.scalatest.OutcomeOf$.outcomeOf(OutcomeOf.scala:104)
	at org.scalatest.Transformer.apply(Transformer.scala:22)
	at org.scalatest.Transformer.apply(Transformer.scala:20)
	at org.scalatest.FunSuiteLike$$anon$1.apply(FunSuiteLike.scala:186)
	at org.scalatest.TestSuite.withFixture(TestSuite.scala:196)
	at org.scalatest.TestSuite.withFixture$(TestSuite.scala:195)
	at org.scalatest.FunSuite.withFixture(FunSuite.scala:1560)
	at org.scalatest.FunSuiteLike.invokeWithFixture$1(FunSuiteLike.scala:184)
	at org.scalatest.FunSuiteLike.$anonfun$runTest$1(FunSuiteLike.scala:196)
	at org.scalatest.SuperEngine.runTestImpl(Engine.scala:289)
	at org.scalatest.FunSuiteLike.runTest(FunSuiteLike.scala:196)
	at org.scalatest.FunSuiteLike.runTest$(FunSuiteLike.scala:178)
	at org.scalatest.FunSuite.runTest(FunSuite.scala:1560)
	at org.scalatest.FunSuiteLike.$anonfun$runTests$1(FunSuiteLike.scala:229)
	at org.scalatest.SuperEngine.$anonfun$runTestsInBranch$1(Engine.scala:396)
	at scala.collection.immutable.List.foreach(List.scala:378)
	at org.scalatest.SuperEngine.traverseSubNodes$1(Engine.scala:384)
	at org.scalatest.SuperEngine.runTestsInBranch(Engine.scala:379)
	at org.scalatest.SuperEngine.runTestsImpl(Engine.scala:461)
	at org.scalatest.FunSuiteLike.runTests(FunSuiteLike.scala:229)
	at org.scalatest.FunSuiteLike.runTests$(FunSuiteLike.scala:228)
	at org.scalatest.FunSuite.runTests(FunSuite.scala:1560)
	at org.scalatest.Suite.run(Suite.scala:1147)
	at org.scalatest.Suite.run$(Suite.scala:1129)
	at org.scalatest.FunSuite.org$scalatest$FunSuiteLike$$super$run(FunSuite.scala:1560)
	at org.scalatest.FunSuiteLike.$anonfun$run$1(FunSuiteLike.scala:233)
	at org.scalatest.SuperEngine.runImpl(Engine.scala:521)
	at org.scalatest.FunSuiteLike.run(FunSuiteLike.scala:233)
	at org.scalatest.FunSuiteLike.run$(FunSuiteLike.scala:232)
	at org.scalatest.FunSuite.run(FunSuite.scala:1560)
	at org.scalatest.tools.SuiteRunner.run(SuiteRunner.scala:45)
	at org.scalatest.tools.Runner$.$anonfun$doRunRunRunDaDoRunRun$13(Runner.scala:1340)
	at org.scalatest.tools.Runner$.$anonfun$doRunRunRunDaDoRunRun$13$adapted(Runner.scala:1334)
	at scala.collection.immutable.List.foreach(List.scala:378)
	at org.scalatest.tools.Runner$.doRunRunRunDaDoRunRun(Runner.scala:1334)
	at org.scalatest.tools.Runner$.$anonfun$runOptionallyWithPassFailReporter$24(Runner.scala:1031)
	at org.scalatest.tools.Runner$.$anonfun$runOptionallyWithPassFailReporter$24$adapted(Runner.scala:1010)
	at org.scalatest.tools.Runner$.withClassLoaderAndDispatchReporter(Runner.scala:1500)
	at org.scalatest.tools.Runner$.runOptionallyWithPassFailReporter(Runner.scala:1010)
	at org.scalatest.tools.Runner$.run(Runner.scala:850)
	at org.scalatest.tools.Runner.run(Runner.scala)
	at org.jetbrains.plugins.scala.testingSupport.scalaTest.ScalaTestRunner.runScalaTest2(ScalaTestRunner.java:138)
	at org.jetbrains.plugins.scala.testingSupport.scalaTest.ScalaTestRunner.main(ScalaTestRunner.java:28)
	at sun.reflect.NativeMethodAccessorImpl.invoke0(Native Method)
	at sun.reflect.NativeMethodAccessorImpl.invoke(NativeMethodAccessorImpl.java:62)
	at sun.reflect.DelegatingMethodAccessorImpl.invoke(DelegatingMethodAccessorImpl.java:43)
	at java.lang.reflect.Method.invoke(Method.java:498)
	at com.intellij.rt.execution.application.AppMain.main(AppMain.java:147)

FAILED F2014C00398
java.util.NoSuchElementException: None.get
	at scala.None$.get(Option.scala:349)
	at scala.None$.get(Option.scala:347)
	at au.gov.dva.sopapi.sopref.parsing.implementations.LsExtractor.extractICDCodes(LsExtractor.scala:37)
	at au.gov.dva.sopapi.sopref.parsing.implementations.LsSoPFactory$.create(LsSoPFactory.scala:39)
	at au.gov.dva.sopapi.tests.parsers.ParserTestUtils$.executeWholeParsingPipeline(ParserTestUtils.scala:33)
	at au.gov.dva.sopapi.tests.parsers.RHSoPParsingTests.$anonfun$new$2(RHSoPParsingTests.scala:26)
	at scala.collection.IndexedSeqOptimized.foreach(IndexedSeqOptimized.scala:32)
	at scala.collection.IndexedSeqOptimized.foreach$(IndexedSeqOptimized.scala:29)
	at scala.collection.mutable.ArrayOps$ofRef.foreach(ArrayOps.scala:193)
	at au.gov.dva.sopapi.tests.parsers.RHSoPParsingTests.$anonfun$new$1(RHSoPParsingTests.scala:23)
	at org.scalatest.OutcomeOf.outcomeOf(OutcomeOf.scala:85)
	at org.scalatest.OutcomeOf.outcomeOf$(OutcomeOf.scala:83)
	at org.scalatest.OutcomeOf$.outcomeOf(OutcomeOf.scala:104)
	at org.scalatest.Transformer.apply(Transformer.scala:22)
	at org.scalatest.Transformer.apply(Transformer.scala:20)
	at org.scalatest.FunSuiteLike$$anon$1.apply(FunSuiteLike.scala:186)
	at org.scalatest.TestSuite.withFixture(TestSuite.scala:196)
	at org.scalatest.TestSuite.withFixture$(TestSuite.scala:195)
	at org.scalatest.FunSuite.withFixture(FunSuite.scala:1560)
	at org.scalatest.FunSuiteLike.invokeWithFixture$1(FunSuiteLike.scala:184)
	at org.scalatest.FunSuiteLike.$anonfun$runTest$1(FunSuiteLike.scala:196)
	at org.scalatest.SuperEngine.runTestImpl(Engine.scala:289)
	at org.scalatest.FunSuiteLike.runTest(FunSuiteLike.scala:196)
	at org.scalatest.FunSuiteLike.runTest$(FunSuiteLike.scala:178)
	at org.scalatest.FunSuite.runTest(FunSuite.scala:1560)
	at org.scalatest.FunSuiteLike.$anonfun$runTests$1(FunSuiteLike.scala:229)
	at org.scalatest.SuperEngine.$anonfun$runTestsInBranch$1(Engine.scala:396)
	at scala.collection.immutable.List.foreach(List.scala:378)
	at org.scalatest.SuperEngine.traverseSubNodes$1(Engine.scala:384)
	at org.scalatest.SuperEngine.runTestsInBranch(Engine.scala:379)
	at org.scalatest.SuperEngine.runTestsImpl(Engine.scala:461)
	at org.scalatest.FunSuiteLike.runTests(FunSuiteLike.scala:229)
	at org.scalatest.FunSuiteLike.runTests$(FunSuiteLike.scala:228)
	at org.scalatest.FunSuite.runTests(FunSuite.scala:1560)
	at org.scalatest.Suite.run(Suite.scala:1147)
	at org.scalatest.Suite.run$(Suite.scala:1129)
	at org.scalatest.FunSuite.org$scalatest$FunSuiteLike$$super$run(FunSuite.scala:1560)
	at org.scalatest.FunSuiteLike.$anonfun$run$1(FunSuiteLike.scala:233)
	at org.scalatest.SuperEngine.runImpl(Engine.scala:521)
	at org.scalatest.FunSuiteLike.run(FunSuiteLike.scala:233)
	at org.scalatest.FunSuiteLike.run$(FunSuiteLike.scala:232)
	at org.scalatest.FunSuite.run(FunSuite.scala:1560)
	at org.scalatest.tools.SuiteRunner.run(SuiteRunner.scala:45)
	at org.scalatest.tools.Runner$.$anonfun$doRunRunRunDaDoRunRun$13(Runner.scala:1340)
	at org.scalatest.tools.Runner$.$anonfun$doRunRunRunDaDoRunRun$13$adapted(Runner.scala:1334)
	at scala.collection.immutable.List.foreach(List.scala:378)
	at org.scalatest.tools.Runner$.doRunRunRunDaDoRunRun(Runner.scala:1334)
	at org.scalatest.tools.Runner$.$anonfun$runOptionallyWithPassFailReporter$24(Runner.scala:1031)
	at org.scalatest.tools.Runner$.$anonfun$runOptionallyWithPassFailReporter$24$adapted(Runner.scala:1010)
	at org.scalatest.tools.Runner$.withClassLoaderAndDispatchReporter(Runner.scala:1500)
	at org.scalatest.tools.Runner$.runOptionallyWithPassFailReporter(Runner.scala:1010)
	at org.scalatest.tools.Runner$.run(Runner.scala:850)
	at org.scalatest.tools.Runner.run(Runner.scala)
	at org.jetbrains.plugins.scala.testingSupport.scalaTest.ScalaTestRunner.runScalaTest2(ScalaTestRunner.java:138)
	at org.jetbrains.plugins.scala.testingSupport.scalaTest.ScalaTestRunner.main(ScalaTestRunner.java:28)
	at sun.reflect.NativeMethodAccessorImpl.invoke0(Native Method)
	at sun.reflect.NativeMethodAccessorImpl.invoke(NativeMethodAccessorImpl.java:62)
	at sun.reflect.DelegatingMethodAccessorImpl.invoke(DelegatingMethodAccessorImpl.java:43)
	at java.lang.reflect.Method.invoke(Method.java:498)
	at com.intellij.rt.execution.application.AppMain.main(AppMain.java:147)

FAILED F2010L01666
au.gov.dva.sopapi.exceptions.SopParserError: Cannot determine aggravation paras from: Paragraph 6(b) applies only to material contribution to, or aggravation of, acute articular cartilage tear where the personâ€™s acute articular cartilage tear was suffered or contracted before or during (but not arising out of) the personâ€™s relevant service.
	at au.gov.dva.sopapi.sopref.parsing.implementations.LsParser$.parseStartAndEndAggravationParas(LsParser.scala:101)
	at au.gov.dva.sopapi.sopref.parsing.implementations.LsSoPFactory$.create(LsSoPFactory.scala:22)
	at au.gov.dva.sopapi.tests.parsers.ParserTestUtils$.executeWholeParsingPipeline(ParserTestUtils.scala:33)
	at au.gov.dva.sopapi.tests.parsers.RHSoPParsingTests.$anonfun$new$2(RHSoPParsingTests.scala:26)
	at scala.collection.IndexedSeqOptimized.foreach(IndexedSeqOptimized.scala:32)
	at scala.collection.IndexedSeqOptimized.foreach$(IndexedSeqOptimized.scala:29)
	at scala.collection.mutable.ArrayOps$ofRef.foreach(ArrayOps.scala:193)
	at au.gov.dva.sopapi.tests.parsers.RHSoPParsingTests.$anonfun$new$1(RHSoPParsingTests.scala:23)
	at org.scalatest.OutcomeOf.outcomeOf(OutcomeOf.scala:85)
	at org.scalatest.OutcomeOf.outcomeOf$(OutcomeOf.scala:83)
	at org.scalatest.OutcomeOf$.outcomeOf(OutcomeOf.scala:104)
	at org.scalatest.Transformer.apply(Transformer.scala:22)
	at org.scalatest.Transformer.apply(Transformer.scala:20)
	at org.scalatest.FunSuiteLike$$anon$1.apply(FunSuiteLike.scala:186)
	at org.scalatest.TestSuite.withFixture(TestSuite.scala:196)
	at org.scalatest.TestSuite.withFixture$(TestSuite.scala:195)
	at org.scalatest.FunSuite.withFixture(FunSuite.scala:1560)
	at org.scalatest.FunSuiteLike.invokeWithFixture$1(FunSuiteLike.scala:184)
	at org.scalatest.FunSuiteLike.$anonfun$runTest$1(FunSuiteLike.scala:196)
	at org.scalatest.SuperEngine.runTestImpl(Engine.scala:289)
	at org.scalatest.FunSuiteLike.runTest(FunSuiteLike.scala:196)
	at org.scalatest.FunSuiteLike.runTest$(FunSuiteLike.scala:178)
	at org.scalatest.FunSuite.runTest(FunSuite.scala:1560)
	at org.scalatest.FunSuiteLike.$anonfun$runTests$1(FunSuiteLike.scala:229)
	at org.scalatest.SuperEngine.$anonfun$runTestsInBranch$1(Engine.scala:396)
	at scala.collection.immutable.List.foreach(List.scala:378)
	at org.scalatest.SuperEngine.traverseSubNodes$1(Engine.scala:384)
	at org.scalatest.SuperEngine.runTestsInBranch(Engine.scala:379)
	at org.scalatest.SuperEngine.runTestsImpl(Engine.scala:461)
	at org.scalatest.FunSuiteLike.runTests(FunSuiteLike.scala:229)
	at org.scalatest.FunSuiteLike.runTests$(FunSuiteLike.scala:228)
	at org.scalatest.FunSuite.runTests(FunSuite.scala:1560)
	at org.scalatest.Suite.run(Suite.scala:1147)
	at org.scalatest.Suite.run$(Suite.scala:1129)
	at org.scalatest.FunSuite.org$scalatest$FunSuiteLike$$super$run(FunSuite.scala:1560)
	at org.scalatest.FunSuiteLike.$anonfun$run$1(FunSuiteLike.scala:233)
	at org.scalatest.SuperEngine.runImpl(Engine.scala:521)
	at org.scalatest.FunSuiteLike.run(FunSuiteLike.scala:233)
	at org.scalatest.FunSuiteLike.run$(FunSuiteLike.scala:232)
	at org.scalatest.FunSuite.run(FunSuite.scala:1560)
	at org.scalatest.tools.SuiteRunner.run(SuiteRunner.scala:45)
	at org.scalatest.tools.Runner$.$anonfun$doRunRunRunDaDoRunRun$13(Runner.scala:1340)
	at org.scalatest.tools.Runner$.$anonfun$doRunRunRunDaDoRunRun$13$adapted(Runner.scala:1334)
	at scala.collection.immutable.List.foreach(List.scala:378)
	at org.scalatest.tools.Runner$.doRunRunRunDaDoRunRun(Runner.scala:1334)
	at org.scalatest.tools.Runner$.$anonfun$runOptionallyWithPassFailReporter$24(Runner.scala:1031)
	at org.scalatest.tools.Runner$.$anonfun$runOptionallyWithPassFailReporter$24$adapted(Runner.scala:1010)
	at org.scalatest.tools.Runner$.withClassLoaderAndDispatchReporter(Runner.scala:1500)
	at org.scalatest.tools.Runner$.runOptionallyWithPassFailReporter(Runner.scala:1010)
	at org.scalatest.tools.Runner$.run(Runner.scala:850)
	at org.scalatest.tools.Runner.run(Runner.scala)
	at org.jetbrains.plugins.scala.testingSupport.scalaTest.ScalaTestRunner.runScalaTest2(ScalaTestRunner.java:138)
	at org.jetbrains.plugins.scala.testingSupport.scalaTest.ScalaTestRunner.main(ScalaTestRunner.java:28)
	at sun.reflect.NativeMethodAccessorImpl.invoke0(Native Method)
	at sun.reflect.NativeMethodAccessorImpl.invoke(NativeMethodAccessorImpl.java:62)
	at sun.reflect.DelegatingMethodAccessorImpl.invoke(DelegatingMethodAccessorImpl.java:43)
	at java.lang.reflect.Method.invoke(Method.java:498)
	at com.intellij.rt.execution.application.AppMain.main(AppMain.java:147)

FAILED F2016C00975
au.gov.dva.sopapi.exceptions.SopParserError: [1.556] failure: string matching regex `\([a-z]+\)' expected but `S' found

The factor that must as a minimum exist before it can be said that a reasonable hypothesis has been raised connecting panic disorder or death from panic disorder with the circumstances of a person's relevant service is: (a) experiencing a category 1A stressor within the five years before the clinical onset of panic disorder; or (b) experiencing a category 1B stressor within the five years before the clinical onset of panic disorder; or (c) being the victim of severe childhood abuse within the 20 years before the clinical onset of panic disorder; or Statement of Principles concerning panic disorder No. 68 of 2009 4 Compilation No. 1 Compilation date: 01/11/2016 (d) experiencing the death of a significant other within the two years before the clinical onset of panic disorder; or (e) having a clinically significant disorder of mental health from Specified List 1 at the time of the clinical onset of panic disorder; or (f) having a medical illness or injury, which is life-threatening or which results in serious physical or cognitive disability, within the five years before the clinical onset of panic disorder; or (g) having a moderate to severe cerebral trauma within the ten years before the clinical onset of panic disorder; or (h) having epilepsy at the time of the clinical onset of panic disorder; or (i) experiencing a category 1A stressor within the five years before the clinical worsening of panic disorder; or (j) experiencing a category 1B stressor within the five years before the clinical worsening of panic disorder; or (k) experiencing the death of a significant other within the two years before the clinical worsening of panic disorder; or (l) having a clinically significant disorder of mental health from Specified List 2 at the time of the clinical worsening of panic disorder; or (m) having a medical illness or injury, which is life-threatening or which results in serious physical or cognitive disability, within the five years before the clinical worsening of panic disorder; or (n) having epilepsy at the time of the clinical worsening of panic disorder; or (o) inability to obtain appropriate clinical management for panic disorder. Statement of Principles concerning panic disorder No. 68 of 2009 5 Compilation No. 1 Compilation date: 01/11/2016
                                                                                                                                                                                                                                                                                                                                                                                                                                                                                                                                                                           ^
	at au.gov.dva.sopapi.sopref.parsing.implementations.LsParser$.parseFactors(LsParser.scala:52)
	at au.gov.dva.sopapi.sopref.parsing.implementations.LsSoPFactory$.create(LsSoPFactory.scala:18)
	at au.gov.dva.sopapi.tests.parsers.ParserTestUtils$.executeWholeParsingPipeline(ParserTestUtils.scala:33)
	at au.gov.dva.sopapi.tests.parsers.RHSoPParsingTests.$anonfun$new$2(RHSoPParsingTests.scala:26)
	at scala.collection.IndexedSeqOptimized.foreach(IndexedSeqOptimized.scala:32)
	at scala.collection.IndexedSeqOptimized.foreach$(IndexedSeqOptimized.scala:29)
	at scala.collection.mutable.ArrayOps$ofRef.foreach(ArrayOps.scala:193)
	at au.gov.dva.sopapi.tests.parsers.RHSoPParsingTests.$anonfun$new$1(RHSoPParsingTests.scala:23)
	at org.scalatest.OutcomeOf.outcomeOf(OutcomeOf.scala:85)
	at org.scalatest.OutcomeOf.outcomeOf$(OutcomeOf.scala:83)
	at org.scalatest.OutcomeOf$.outcomeOf(OutcomeOf.scala:104)
	at org.scalatest.Transformer.apply(Transformer.scala:22)
	at org.scalatest.Transformer.apply(Transformer.scala:20)
	at org.scalatest.FunSuiteLike$$anon$1.apply(FunSuiteLike.scala:186)
	at org.scalatest.TestSuite.withFixture(TestSuite.scala:196)
	at org.scalatest.TestSuite.withFixture$(TestSuite.scala:195)
	at org.scalatest.FunSuite.withFixture(FunSuite.scala:1560)
	at org.scalatest.FunSuiteLike.invokeWithFixture$1(FunSuiteLike.scala:184)
	at org.scalatest.FunSuiteLike.$anonfun$runTest$1(FunSuiteLike.scala:196)
	at org.scalatest.SuperEngine.runTestImpl(Engine.scala:289)
	at org.scalatest.FunSuiteLike.runTest(FunSuiteLike.scala:196)
	at org.scalatest.FunSuiteLike.runTest$(FunSuiteLike.scala:178)
	at org.scalatest.FunSuite.runTest(FunSuite.scala:1560)
	at org.scalatest.FunSuiteLike.$anonfun$runTests$1(FunSuiteLike.scala:229)
	at org.scalatest.SuperEngine.$anonfun$runTestsInBranch$1(Engine.scala:396)
	at scala.collection.immutable.List.foreach(List.scala:378)
	at org.scalatest.SuperEngine.traverseSubNodes$1(Engine.scala:384)
	at org.scalatest.SuperEngine.runTestsInBranch(Engine.scala:379)
	at org.scalatest.SuperEngine.runTestsImpl(Engine.scala:461)
	at org.scalatest.FunSuiteLike.runTests(FunSuiteLike.scala:229)
	at org.scalatest.FunSuiteLike.runTests$(FunSuiteLike.scala:228)
	at org.scalatest.FunSuite.runTests(FunSuite.scala:1560)
	at org.scalatest.Suite.run(Suite.scala:1147)
	at org.scalatest.Suite.run$(Suite.scala:1129)
	at org.scalatest.FunSuite.org$scalatest$FunSuiteLike$$super$run(FunSuite.scala:1560)
	at org.scalatest.FunSuiteLike.$anonfun$run$1(FunSuiteLike.scala:233)
	at org.scalatest.SuperEngine.runImpl(Engine.scala:521)
	at org.scalatest.FunSuiteLike.run(FunSuiteLike.scala:233)
	at org.scalatest.FunSuiteLike.run$(FunSuiteLike.scala:232)
	at org.scalatest.FunSuite.run(FunSuite.scala:1560)
	at org.scalatest.tools.SuiteRunner.run(SuiteRunner.scala:45)
	at org.scalatest.tools.Runner$.$anonfun$doRunRunRunDaDoRunRun$13(Runner.scala:1340)
	at org.scalatest.tools.Runner$.$anonfun$doRunRunRunDaDoRunRun$13$adapted(Runner.scala:1334)
	at scala.collection.immutable.List.foreach(List.scala:378)
	at org.scalatest.tools.Runner$.doRunRunRunDaDoRunRun(Runner.scala:1334)
	at org.scalatest.tools.Runner$.$anonfun$runOptionallyWithPassFailReporter$24(Runner.scala:1031)
	at org.scalatest.tools.Runner$.$anonfun$runOptionallyWithPassFailReporter$24$adapted(Runner.scala:1010)
	at org.scalatest.tools.Runner$.withClassLoaderAndDispatchReporter(Runner.scala:1500)
	at org.scalatest.tools.Runner$.runOptionallyWithPassFailReporter(Runner.scala:1010)
	at org.scalatest.tools.Runner$.run(Runner.scala:850)
	at org.scalatest.tools.Runner.run(Runner.scala)
	at org.jetbrains.plugins.scala.testingSupport.scalaTest.ScalaTestRunner.runScalaTest2(ScalaTestRunner.java:138)
	at org.jetbrains.plugins.scala.testingSupport.scalaTest.ScalaTestRunner.main(ScalaTestRunner.java:28)
	at sun.reflect.NativeMethodAccessorImpl.invoke0(Native Method)
	at sun.reflect.NativeMethodAccessorImpl.invoke(NativeMethodAccessorImpl.java:62)
	at sun.reflect.DelegatingMethodAccessorImpl.invoke(DelegatingMethodAccessorImpl.java:43)
	at java.lang.reflect.Method.invoke(Method.java:498)
	at com.intellij.rt.execution.application.AppMain.main(AppMain.java:147)

FAILED F2010L03252
au.gov.dva.sopapi.exceptions.SopParserError: Cannot find the defined word in this definition: "time-weighted average (TWA) with 3-dB exchange rate" means the time-
weighted average noise exposure level calculated according to the following
formulae and shown in the table:
TWA = 10.0 x Log(D/100) + 85
where D = daily dose; and
D = [ C1/T1 + C2/T2 + â€¦..+ Cn/Tn] x 100
where Cn = total time of exposure at a specified noise level,
Tn = exposure duration for which noise at this level
becomes hazardous.
Table of noise exposure levels and
durations based on 3-dB(A) exchange rate
Duration, T Duration, T
Exposure
Level, L
(dB(A)) Hours Minutes Seconds
Exposure
Level, L
(dB(A)) Hours Minutes Seconds
80 25 24 âŽ¯ 106 âŽ¯ 3 45
81 20 10 âŽ¯ 107 âŽ¯ 2 59
82 16 âŽ¯ âŽ¯ 108 âŽ¯ 2 22
83 12 42 âŽ¯ 109 âŽ¯ 1 53
84 10 5 âŽ¯ 110 âŽ¯ 1 29
85 8 âŽ¯ âŽ¯ 111 âŽ¯ 1 11
86 6 21 âŽ¯ 112 âŽ¯ âŽ¯ 56
87 5 2 âŽ¯ 113 âŽ¯ âŽ¯ 45
88 4 âŽ¯ âŽ¯ 114 âŽ¯ âŽ¯ 35
89 3 10 âŽ¯ 115 âŽ¯ âŽ¯ 28
90 2 31 âŽ¯ 116 âŽ¯ âŽ¯ 22
91 2 âŽ¯ âŽ¯ 117 âŽ¯ âŽ¯ 18
92 1 35 âŽ¯ 118 âŽ¯ âŽ¯ 14
93 1 16 âŽ¯ 119 âŽ¯ âŽ¯ 11
94 1 âŽ¯ âŽ¯ 120 âŽ¯ âŽ¯ 9
95 âŽ¯ 47 37 121 âŽ¯ âŽ¯ 7
96 âŽ¯ 37 48 122 âŽ¯ âŽ¯ 6
97 âŽ¯ 30 âŽ¯ 123 âŽ¯ âŽ¯ 4
98 âŽ¯ 23 49 124 âŽ¯ âŽ¯ 3
99 âŽ¯ 18 59 125 âŽ¯ âŽ¯ 3
100 âŽ¯ 15 âŽ¯ 126 âŽ¯ âŽ¯ 2
101 âŽ¯ 11 54 127 âŽ¯ âŽ¯ 1
102 âŽ¯ 9 27 128 âŽ¯ âŽ¯ 1
103 âŽ¯ 7 30 129 âŽ¯ âŽ¯ 1
104 âŽ¯ 5 57 130-140 âŽ¯ âŽ¯ <1
105 âŽ¯ 4 43 âŽ¯ âŽ¯ âŽ¯ âŽ¯
Source: National Institute of Occupational Safety and Health 1998 Guidelines
Publication No. 98-126
	at au.gov.dva.sopapi.sopref.parsing.implementations.DefinitionsParsers$.parseSingleDefinition(DefinitionsParsers.scala:34)
	at au.gov.dva.sopapi.sopref.parsing.implementations.LsParser$.$anonfun$parseDefinitions$1(LsParser.scala:84)
	at scala.collection.immutable.List.map(List.scala:272)
	at au.gov.dva.sopapi.sopref.parsing.implementations.LsParser$.parseDefinitions(LsParser.scala:84)
	at au.gov.dva.sopapi.sopref.parsing.implementations.LsSoPFactory$.create(LsSoPFactory.scala:15)
	at au.gov.dva.sopapi.tests.parsers.ParserTestUtils$.executeWholeParsingPipeline(ParserTestUtils.scala:33)
	at au.gov.dva.sopapi.tests.parsers.RHSoPParsingTests.$anonfun$new$2(RHSoPParsingTests.scala:26)
	at scala.collection.IndexedSeqOptimized.foreach(IndexedSeqOptimized.scala:32)
	at scala.collection.IndexedSeqOptimized.foreach$(IndexedSeqOptimized.scala:29)
	at scala.collection.mutable.ArrayOps$ofRef.foreach(ArrayOps.scala:193)
	at au.gov.dva.sopapi.tests.parsers.RHSoPParsingTests.$anonfun$new$1(RHSoPParsingTests.scala:23)
	at org.scalatest.OutcomeOf.outcomeOf(OutcomeOf.scala:85)
	at org.scalatest.OutcomeOf.outcomeOf$(OutcomeOf.scala:83)
	at org.scalatest.OutcomeOf$.outcomeOf(OutcomeOf.scala:104)
	at org.scalatest.Transformer.apply(Transformer.scala:22)
	at org.scalatest.Transformer.apply(Transformer.scala:20)
	at org.scalatest.FunSuiteLike$$anon$1.apply(FunSuiteLike.scala:186)
	at org.scalatest.TestSuite.withFixture(TestSuite.scala:196)
	at org.scalatest.TestSuite.withFixture$(TestSuite.scala:195)
	at org.scalatest.FunSuite.withFixture(FunSuite.scala:1560)
	at org.scalatest.FunSuiteLike.invokeWithFixture$1(FunSuiteLike.scala:184)
	at org.scalatest.FunSuiteLike.$anonfun$runTest$1(FunSuiteLike.scala:196)
	at org.scalatest.SuperEngine.runTestImpl(Engine.scala:289)
	at org.scalatest.FunSuiteLike.runTest(FunSuiteLike.scala:196)
	at org.scalatest.FunSuiteLike.runTest$(FunSuiteLike.scala:178)
	at org.scalatest.FunSuite.runTest(FunSuite.scala:1560)
	at org.scalatest.FunSuiteLike.$anonfun$runTests$1(FunSuiteLike.scala:229)
	at org.scalatest.SuperEngine.$anonfun$runTestsInBranch$1(Engine.scala:396)
	at scala.collection.immutable.List.foreach(List.scala:378)
	at org.scalatest.SuperEngine.traverseSubNodes$1(Engine.scala:384)
	at org.scalatest.SuperEngine.runTestsInBranch(Engine.scala:379)
	at org.scalatest.SuperEngine.runTestsImpl(Engine.scala:461)
	at org.scalatest.FunSuiteLike.runTests(FunSuiteLike.scala:229)
	at org.scalatest.FunSuiteLike.runTests$(FunSuiteLike.scala:228)
	at org.scalatest.FunSuite.runTests(FunSuite.scala:1560)
	at org.scalatest.Suite.run(Suite.scala:1147)
	at org.scalatest.Suite.run$(Suite.scala:1129)
	at org.scalatest.FunSuite.org$scalatest$FunSuiteLike$$super$run(FunSuite.scala:1560)
	at org.scalatest.FunSuiteLike.$anonfun$run$1(FunSuiteLike.scala:233)
	at org.scalatest.SuperEngine.runImpl(Engine.scala:521)
	at org.scalatest.FunSuiteLike.run(FunSuiteLike.scala:233)
	at org.scalatest.FunSuiteLike.run$(FunSuiteLike.scala:232)
	at org.scalatest.FunSuite.run(FunSuite.scala:1560)
	at org.scalatest.tools.SuiteRunner.run(SuiteRunner.scala:45)
	at org.scalatest.tools.Runner$.$anonfun$doRunRunRunDaDoRunRun$13(Runner.scala:1340)
	at org.scalatest.tools.Runner$.$anonfun$doRunRunRunDaDoRunRun$13$adapted(Runner.scala:1334)
	at scala.collection.immutable.List.foreach(List.scala:378)
	at org.scalatest.tools.Runner$.doRunRunRunDaDoRunRun(Runner.scala:1334)
	at org.scalatest.tools.Runner$.$anonfun$runOptionallyWithPassFailReporter$24(Runner.scala:1031)
	at org.scalatest.tools.Runner$.$anonfun$runOptionallyWithPassFailReporter$24$adapted(Runner.scala:1010)
	at org.scalatest.tools.Runner$.withClassLoaderAndDispatchReporter(Runner.scala:1500)
	at org.scalatest.tools.Runner$.runOptionallyWithPassFailReporter(Runner.scala:1010)
	at org.scalatest.tools.Runner$.run(Runner.scala:850)
	at org.scalatest.tools.Runner.run(Runner.scala)
	at org.jetbrains.plugins.scala.testingSupport.scalaTest.ScalaTestRunner.runScalaTest2(ScalaTestRunner.java:138)
	at org.jetbrains.plugins.scala.testingSupport.scalaTest.ScalaTestRunner.main(ScalaTestRunner.java:28)
	at sun.reflect.NativeMethodAccessorImpl.invoke0(Native Method)
	at sun.reflect.NativeMethodAccessorImpl.invoke(NativeMethodAccessorImpl.java:62)
	at sun.reflect.DelegatingMethodAccessorImpl.invoke(DelegatingMethodAccessorImpl.java:43)
	at java.lang.reflect.Method.invoke(Method.java:498)
	at com.intellij.rt.execution.application.AppMain.main(AppMain.java:147)

FAILED F2016L00563
au.gov.dva.sopapi.exceptions.SopParserError: No section found with title matching regex: ^Title$
	at au.gov.dva.sopapi.sopref.parsing.SoPExtractorUtilities$.getSection(SoPExtractorUtilities.scala:55)
	at au.gov.dva.sopapi.sopref.parsing.implementations.LsExtractor.extractCitation(LsExtractor.scala:32)
	at au.gov.dva.sopapi.sopref.parsing.implementations.LsSoPFactory$.create(LsSoPFactory.scala:12)
	at au.gov.dva.sopapi.tests.parsers.ParserTestUtils$.executeWholeParsingPipeline(ParserTestUtils.scala:33)
	at au.gov.dva.sopapi.tests.parsers.RHSoPParsingTests.$anonfun$new$2(RHSoPParsingTests.scala:26)
	at scala.collection.IndexedSeqOptimized.foreach(IndexedSeqOptimized.scala:32)
	at scala.collection.IndexedSeqOptimized.foreach$(IndexedSeqOptimized.scala:29)
	at scala.collection.mutable.ArrayOps$ofRef.foreach(ArrayOps.scala:193)
	at au.gov.dva.sopapi.tests.parsers.RHSoPParsingTests.$anonfun$new$1(RHSoPParsingTests.scala:23)
	at org.scalatest.OutcomeOf.outcomeOf(OutcomeOf.scala:85)
	at org.scalatest.OutcomeOf.outcomeOf$(OutcomeOf.scala:83)
	at org.scalatest.OutcomeOf$.outcomeOf(OutcomeOf.scala:104)
	at org.scalatest.Transformer.apply(Transformer.scala:22)
	at org.scalatest.Transformer.apply(Transformer.scala:20)
	at org.scalatest.FunSuiteLike$$anon$1.apply(FunSuiteLike.scala:186)
	at org.scalatest.TestSuite.withFixture(TestSuite.scala:196)
	at org.scalatest.TestSuite.withFixture$(TestSuite.scala:195)
	at org.scalatest.FunSuite.withFixture(FunSuite.scala:1560)
	at org.scalatest.FunSuiteLike.invokeWithFixture$1(FunSuiteLike.scala:184)
	at org.scalatest.FunSuiteLike.$anonfun$runTest$1(FunSuiteLike.scala:196)
	at org.scalatest.SuperEngine.runTestImpl(Engine.scala:289)
	at org.scalatest.FunSuiteLike.runTest(FunSuiteLike.scala:196)
	at org.scalatest.FunSuiteLike.runTest$(FunSuiteLike.scala:178)
	at org.scalatest.FunSuite.runTest(FunSuite.scala:1560)
	at org.scalatest.FunSuiteLike.$anonfun$runTests$1(FunSuiteLike.scala:229)
	at org.scalatest.SuperEngine.$anonfun$runTestsInBranch$1(Engine.scala:396)
	at scala.collection.immutable.List.foreach(List.scala:378)
	at org.scalatest.SuperEngine.traverseSubNodes$1(Engine.scala:384)
	at org.scalatest.SuperEngine.runTestsInBranch(Engine.scala:379)
	at org.scalatest.SuperEngine.runTestsImpl(Engine.scala:461)
	at org.scalatest.FunSuiteLike.runTests(FunSuiteLike.scala:229)
	at org.scalatest.FunSuiteLike.runTests$(FunSuiteLike.scala:228)
	at org.scalatest.FunSuite.runTests(FunSuite.scala:1560)
	at org.scalatest.Suite.run(Suite.scala:1147)
	at org.scalatest.Suite.run$(Suite.scala:1129)
	at org.scalatest.FunSuite.org$scalatest$FunSuiteLike$$super$run(FunSuite.scala:1560)
	at org.scalatest.FunSuiteLike.$anonfun$run$1(FunSuiteLike.scala:233)
	at org.scalatest.SuperEngine.runImpl(Engine.scala:521)
	at org.scalatest.FunSuiteLike.run(FunSuiteLike.scala:233)
	at org.scalatest.FunSuiteLike.run$(FunSuiteLike.scala:232)
	at org.scalatest.FunSuite.run(FunSuite.scala:1560)
	at org.scalatest.tools.SuiteRunner.run(SuiteRunner.scala:45)
	at org.scalatest.tools.Runner$.$anonfun$doRunRunRunDaDoRunRun$13(Runner.scala:1340)
	at org.scalatest.tools.Runner$.$anonfun$doRunRunRunDaDoRunRun$13$adapted(Runner.scala:1334)
	at scala.collection.immutable.List.foreach(List.scala:378)
	at org.scalatest.tools.Runner$.doRunRunRunDaDoRunRun(Runner.scala:1334)
	at org.scalatest.tools.Runner$.$anonfun$runOptionallyWithPassFailReporter$24(Runner.scala:1031)
	at org.scalatest.tools.Runner$.$anonfun$runOptionallyWithPassFailReporter$24$adapted(Runner.scala:1010)
	at org.scalatest.tools.Runner$.withClassLoaderAndDispatchReporter(Runner.scala:1500)
	at org.scalatest.tools.Runner$.runOptionallyWithPassFailReporter(Runner.scala:1010)
	at org.scalatest.tools.Runner$.run(Runner.scala:850)
	at org.scalatest.tools.Runner.run(Runner.scala)
	at org.jetbrains.plugins.scala.testingSupport.scalaTest.ScalaTestRunner.runScalaTest2(ScalaTestRunner.java:138)
	at org.jetbrains.plugins.scala.testingSupport.scalaTest.ScalaTestRunner.main(ScalaTestRunner.java:28)
	at sun.reflect.NativeMethodAccessorImpl.invoke0(Native Method)
	at sun.reflect.NativeMethodAccessorImpl.invoke(NativeMethodAccessorImpl.java:62)
	at sun.reflect.DelegatingMethodAccessorImpl.invoke(DelegatingMethodAccessorImpl.java:43)
	at java.lang.reflect.Method.invoke(Method.java:498)
	at com.intellij.rt.execution.application.AppMain.main(AppMain.java:147)

FAILED F2013L01654
au.gov.dva.sopapi.exceptions.SopParserError: Cannot find the defined word in this definition: "SjÃ¶grenâ€™s syndrome" means a chronic autoimmune disorder characterised
by xerostomia (dry mouth), xerophthalmia (dry eyes) and lymphocytic
infiltration of the exocrine glands;
	at au.gov.dva.sopapi.sopref.parsing.implementations.DefinitionsParsers$.parseSingleDefinition(DefinitionsParsers.scala:34)
	at au.gov.dva.sopapi.sopref.parsing.implementations.LsParser$.$anonfun$parseDefinitions$1(LsParser.scala:84)
	at scala.collection.immutable.List.map(List.scala:276)
	at au.gov.dva.sopapi.sopref.parsing.implementations.LsParser$.parseDefinitions(LsParser.scala:84)
	at au.gov.dva.sopapi.sopref.parsing.implementations.LsSoPFactory$.create(LsSoPFactory.scala:15)
	at au.gov.dva.sopapi.tests.parsers.ParserTestUtils$.executeWholeParsingPipeline(ParserTestUtils.scala:33)
	at au.gov.dva.sopapi.tests.parsers.RHSoPParsingTests.$anonfun$new$2(RHSoPParsingTests.scala:26)
	at scala.collection.IndexedSeqOptimized.foreach(IndexedSeqOptimized.scala:32)
	at scala.collection.IndexedSeqOptimized.foreach$(IndexedSeqOptimized.scala:29)
	at scala.collection.mutable.ArrayOps$ofRef.foreach(ArrayOps.scala:193)
	at au.gov.dva.sopapi.tests.parsers.RHSoPParsingTests.$anonfun$new$1(RHSoPParsingTests.scala:23)
	at org.scalatest.OutcomeOf.outcomeOf(OutcomeOf.scala:85)
	at org.scalatest.OutcomeOf.outcomeOf$(OutcomeOf.scala:83)
	at org.scalatest.OutcomeOf$.outcomeOf(OutcomeOf.scala:104)
	at org.scalatest.Transformer.apply(Transformer.scala:22)
	at org.scalatest.Transformer.apply(Transformer.scala:20)
	at org.scalatest.FunSuiteLike$$anon$1.apply(FunSuiteLike.scala:186)
	at org.scalatest.TestSuite.withFixture(TestSuite.scala:196)
	at org.scalatest.TestSuite.withFixture$(TestSuite.scala:195)
	at org.scalatest.FunSuite.withFixture(FunSuite.scala:1560)
	at org.scalatest.FunSuiteLike.invokeWithFixture$1(FunSuiteLike.scala:184)
	at org.scalatest.FunSuiteLike.$anonfun$runTest$1(FunSuiteLike.scala:196)
	at org.scalatest.SuperEngine.runTestImpl(Engine.scala:289)
	at org.scalatest.FunSuiteLike.runTest(FunSuiteLike.scala:196)
	at org.scalatest.FunSuiteLike.runTest$(FunSuiteLike.scala:178)
	at org.scalatest.FunSuite.runTest(FunSuite.scala:1560)
	at org.scalatest.FunSuiteLike.$anonfun$runTests$1(FunSuiteLike.scala:229)
	at org.scalatest.SuperEngine.$anonfun$runTestsInBranch$1(Engine.scala:396)
	at scala.collection.immutable.List.foreach(List.scala:378)
	at org.scalatest.SuperEngine.traverseSubNodes$1(Engine.scala:384)
	at org.scalatest.SuperEngine.runTestsInBranch(Engine.scala:379)
	at org.scalatest.SuperEngine.runTestsImpl(Engine.scala:461)
	at org.scalatest.FunSuiteLike.runTests(FunSuiteLike.scala:229)
	at org.scalatest.FunSuiteLike.runTests$(FunSuiteLike.scala:228)
	at org.scalatest.FunSuite.runTests(FunSuite.scala:1560)
	at org.scalatest.Suite.run(Suite.scala:1147)
	at org.scalatest.Suite.run$(Suite.scala:1129)
	at org.scalatest.FunSuite.org$scalatest$FunSuiteLike$$super$run(FunSuite.scala:1560)
	at org.scalatest.FunSuiteLike.$anonfun$run$1(FunSuiteLike.scala:233)
	at org.scalatest.SuperEngine.runImpl(Engine.scala:521)
	at org.scalatest.FunSuiteLike.run(FunSuiteLike.scala:233)
	at org.scalatest.FunSuiteLike.run$(FunSuiteLike.scala:232)
	at org.scalatest.FunSuite.run(FunSuite.scala:1560)
	at org.scalatest.tools.SuiteRunner.run(SuiteRunner.scala:45)
	at org.scalatest.tools.Runner$.$anonfun$doRunRunRunDaDoRunRun$13(Runner.scala:1340)
	at org.scalatest.tools.Runner$.$anonfun$doRunRunRunDaDoRunRun$13$adapted(Runner.scala:1334)
	at scala.collection.immutable.List.foreach(List.scala:378)
	at org.scalatest.tools.Runner$.doRunRunRunDaDoRunRun(Runner.scala:1334)
	at org.scalatest.tools.Runner$.$anonfun$runOptionallyWithPassFailReporter$24(Runner.scala:1031)
	at org.scalatest.tools.Runner$.$anonfun$runOptionallyWithPassFailReporter$24$adapted(Runner.scala:1010)
	at org.scalatest.tools.Runner$.withClassLoaderAndDispatchReporter(Runner.scala:1500)
	at org.scalatest.tools.Runner$.runOptionallyWithPassFailReporter(Runner.scala:1010)
	at org.scalatest.tools.Runner$.run(Runner.scala:850)
	at org.scalatest.tools.Runner.run(Runner.scala)
	at org.jetbrains.plugins.scala.testingSupport.scalaTest.ScalaTestRunner.runScalaTest2(ScalaTestRunner.java:138)
	at org.jetbrains.plugins.scala.testingSupport.scalaTest.ScalaTestRunner.main(ScalaTestRunner.java:28)
	at sun.reflect.NativeMethodAccessorImpl.invoke0(Native Method)
	at sun.reflect.NativeMethodAccessorImpl.invoke(NativeMethodAccessorImpl.java:62)
	at sun.reflect.DelegatingMethodAccessorImpl.invoke(DelegatingMethodAccessorImpl.java:43)
	at java.lang.reflect.Method.invoke(Method.java:498)
	at com.intellij.rt.execution.application.AppMain.main(AppMain.java:147)

FAILED F2016L00269
au.gov.dva.sopapi.exceptions.SopParserError: No section found with title matching regex: ^Title$
	at au.gov.dva.sopapi.sopref.parsing.SoPExtractorUtilities$.getSection(SoPExtractorUtilities.scala:55)
	at au.gov.dva.sopapi.sopref.parsing.implementations.LsExtractor.extractCitation(LsExtractor.scala:32)
	at au.gov.dva.sopapi.sopref.parsing.implementations.LsSoPFactory$.create(LsSoPFactory.scala:12)
	at au.gov.dva.sopapi.tests.parsers.ParserTestUtils$.executeWholeParsingPipeline(ParserTestUtils.scala:33)
	at au.gov.dva.sopapi.tests.parsers.RHSoPParsingTests.$anonfun$new$2(RHSoPParsingTests.scala:26)
	at scala.collection.IndexedSeqOptimized.foreach(IndexedSeqOptimized.scala:32)
	at scala.collection.IndexedSeqOptimized.foreach$(IndexedSeqOptimized.scala:29)
	at scala.collection.mutable.ArrayOps$ofRef.foreach(ArrayOps.scala:193)
	at au.gov.dva.sopapi.tests.parsers.RHSoPParsingTests.$anonfun$new$1(RHSoPParsingTests.scala:23)
	at org.scalatest.OutcomeOf.outcomeOf(OutcomeOf.scala:85)
	at org.scalatest.OutcomeOf.outcomeOf$(OutcomeOf.scala:83)
	at org.scalatest.OutcomeOf$.outcomeOf(OutcomeOf.scala:104)
	at org.scalatest.Transformer.apply(Transformer.scala:22)
	at org.scalatest.Transformer.apply(Transformer.scala:20)
	at org.scalatest.FunSuiteLike$$anon$1.apply(FunSuiteLike.scala:186)
	at org.scalatest.TestSuite.withFixture(TestSuite.scala:196)
	at org.scalatest.TestSuite.withFixture$(TestSuite.scala:195)
	at org.scalatest.FunSuite.withFixture(FunSuite.scala:1560)
	at org.scalatest.FunSuiteLike.invokeWithFixture$1(FunSuiteLike.scala:184)
	at org.scalatest.FunSuiteLike.$anonfun$runTest$1(FunSuiteLike.scala:196)
	at org.scalatest.SuperEngine.runTestImpl(Engine.scala:289)
	at org.scalatest.FunSuiteLike.runTest(FunSuiteLike.scala:196)
	at org.scalatest.FunSuiteLike.runTest$(FunSuiteLike.scala:178)
	at org.scalatest.FunSuite.runTest(FunSuite.scala:1560)
	at org.scalatest.FunSuiteLike.$anonfun$runTests$1(FunSuiteLike.scala:229)
	at org.scalatest.SuperEngine.$anonfun$runTestsInBranch$1(Engine.scala:396)
	at scala.collection.immutable.List.foreach(List.scala:378)
	at org.scalatest.SuperEngine.traverseSubNodes$1(Engine.scala:384)
	at org.scalatest.SuperEngine.runTestsInBranch(Engine.scala:379)
	at org.scalatest.SuperEngine.runTestsImpl(Engine.scala:461)
	at org.scalatest.FunSuiteLike.runTests(FunSuiteLike.scala:229)
	at org.scalatest.FunSuiteLike.runTests$(FunSuiteLike.scala:228)
	at org.scalatest.FunSuite.runTests(FunSuite.scala:1560)
	at org.scalatest.Suite.run(Suite.scala:1147)
	at org.scalatest.Suite.run$(Suite.scala:1129)
	at org.scalatest.FunSuite.org$scalatest$FunSuiteLike$$super$run(FunSuite.scala:1560)
	at org.scalatest.FunSuiteLike.$anonfun$run$1(FunSuiteLike.scala:233)
	at org.scalatest.SuperEngine.runImpl(Engine.scala:521)
	at org.scalatest.FunSuiteLike.run(FunSuiteLike.scala:233)
	at org.scalatest.FunSuiteLike.run$(FunSuiteLike.scala:232)
	at org.scalatest.FunSuite.run(FunSuite.scala:1560)
	at org.scalatest.tools.SuiteRunner.run(SuiteRunner.scala:45)
	at org.scalatest.tools.Runner$.$anonfun$doRunRunRunDaDoRunRun$13(Runner.scala:1340)
	at org.scalatest.tools.Runner$.$anonfun$doRunRunRunDaDoRunRun$13$adapted(Runner.scala:1334)
	at scala.collection.immutable.List.foreach(List.scala:378)
	at org.scalatest.tools.Runner$.doRunRunRunDaDoRunRun(Runner.scala:1334)
	at org.scalatest.tools.Runner$.$anonfun$runOptionallyWithPassFailReporter$24(Runner.scala:1031)
	at org.scalatest.tools.Runner$.$anonfun$runOptionallyWithPassFailReporter$24$adapted(Runner.scala:1010)
	at org.scalatest.tools.Runner$.withClassLoaderAndDispatchReporter(Runner.scala:1500)
	at org.scalatest.tools.Runner$.runOptionallyWithPassFailReporter(Runner.scala:1010)
	at org.scalatest.tools.Runner$.run(Runner.scala:850)
	at org.scalatest.tools.Runner.run(Runner.scala)
	at org.jetbrains.plugins.scala.testingSupport.scalaTest.ScalaTestRunner.runScalaTest2(ScalaTestRunner.java:138)
	at org.jetbrains.plugins.scala.testingSupport.scalaTest.ScalaTestRunner.main(ScalaTestRunner.java:28)
	at sun.reflect.NativeMethodAccessorImpl.invoke0(Native Method)
	at sun.reflect.NativeMethodAccessorImpl.invoke(NativeMethodAccessorImpl.java:62)
	at sun.reflect.DelegatingMethodAccessorImpl.invoke(DelegatingMethodAccessorImpl.java:43)
	at java.lang.reflect.Method.invoke(Method.java:498)
	at com.intellij.rt.execution.application.AppMain.main(AppMain.java:147)

FAILED F2012L01802
au.gov.dva.sopapi.exceptions.SopParserError: Cannot find the defined word in this definition: "pack-year of cigarettes, or the equivalent thereof in other tobacco
products" means a calculation of consumption where one pack-year of
cigarettes equals 20 tailor-made cigarettes per day for a period of one calendar
year, or 7300 cigarettes. One tailor-made cigarette approximates one gram of
tobacco or one gram of cigar or pipe tobacco by weight. One pack-year of
tailor-made cigarettes equates to 7.3 kilograms of smoking tobacco by weight.
Tobacco products means either cigarettes, pipe tobacco or cigars smoked,
alone or in any combination;
	at au.gov.dva.sopapi.sopref.parsing.implementations.DefinitionsParsers$.parseSingleDefinition(DefinitionsParsers.scala:34)
	at au.gov.dva.sopapi.sopref.parsing.implementations.LsParser$.$anonfun$parseDefinitions$1(LsParser.scala:84)
	at scala.collection.immutable.List.map(List.scala:276)
	at au.gov.dva.sopapi.sopref.parsing.implementations.LsParser$.parseDefinitions(LsParser.scala:84)
	at au.gov.dva.sopapi.sopref.parsing.implementations.LsSoPFactory$.create(LsSoPFactory.scala:15)
	at au.gov.dva.sopapi.tests.parsers.ParserTestUtils$.executeWholeParsingPipeline(ParserTestUtils.scala:33)
	at au.gov.dva.sopapi.tests.parsers.RHSoPParsingTests.$anonfun$new$2(RHSoPParsingTests.scala:26)
	at scala.collection.IndexedSeqOptimized.foreach(IndexedSeqOptimized.scala:32)
	at scala.collection.IndexedSeqOptimized.foreach$(IndexedSeqOptimized.scala:29)
	at scala.collection.mutable.ArrayOps$ofRef.foreach(ArrayOps.scala:193)
	at au.gov.dva.sopapi.tests.parsers.RHSoPParsingTests.$anonfun$new$1(RHSoPParsingTests.scala:23)
	at org.scalatest.OutcomeOf.outcomeOf(OutcomeOf.scala:85)
	at org.scalatest.OutcomeOf.outcomeOf$(OutcomeOf.scala:83)
	at org.scalatest.OutcomeOf$.outcomeOf(OutcomeOf.scala:104)
	at org.scalatest.Transformer.apply(Transformer.scala:22)
	at org.scalatest.Transformer.apply(Transformer.scala:20)
	at org.scalatest.FunSuiteLike$$anon$1.apply(FunSuiteLike.scala:186)
	at org.scalatest.TestSuite.withFixture(TestSuite.scala:196)
	at org.scalatest.TestSuite.withFixture$(TestSuite.scala:195)
	at org.scalatest.FunSuite.withFixture(FunSuite.scala:1560)
	at org.scalatest.FunSuiteLike.invokeWithFixture$1(FunSuiteLike.scala:184)
	at org.scalatest.FunSuiteLike.$anonfun$runTest$1(FunSuiteLike.scala:196)
	at org.scalatest.SuperEngine.runTestImpl(Engine.scala:289)
	at org.scalatest.FunSuiteLike.runTest(FunSuiteLike.scala:196)
	at org.scalatest.FunSuiteLike.runTest$(FunSuiteLike.scala:178)
	at org.scalatest.FunSuite.runTest(FunSuite.scala:1560)
	at org.scalatest.FunSuiteLike.$anonfun$runTests$1(FunSuiteLike.scala:229)
	at org.scalatest.SuperEngine.$anonfun$runTestsInBranch$1(Engine.scala:396)
	at scala.collection.immutable.List.foreach(List.scala:378)
	at org.scalatest.SuperEngine.traverseSubNodes$1(Engine.scala:384)
	at org.scalatest.SuperEngine.runTestsInBranch(Engine.scala:379)
	at org.scalatest.SuperEngine.runTestsImpl(Engine.scala:461)
	at org.scalatest.FunSuiteLike.runTests(FunSuiteLike.scala:229)
	at org.scalatest.FunSuiteLike.runTests$(FunSuiteLike.scala:228)
	at org.scalatest.FunSuite.runTests(FunSuite.scala:1560)
	at org.scalatest.Suite.run(Suite.scala:1147)
	at org.scalatest.Suite.run$(Suite.scala:1129)
	at org.scalatest.FunSuite.org$scalatest$FunSuiteLike$$super$run(FunSuite.scala:1560)
	at org.scalatest.FunSuiteLike.$anonfun$run$1(FunSuiteLike.scala:233)
	at org.scalatest.SuperEngine.runImpl(Engine.scala:521)
	at org.scalatest.FunSuiteLike.run(FunSuiteLike.scala:233)
	at org.scalatest.FunSuiteLike.run$(FunSuiteLike.scala:232)
	at org.scalatest.FunSuite.run(FunSuite.scala:1560)
	at org.scalatest.tools.SuiteRunner.run(SuiteRunner.scala:45)
	at org.scalatest.tools.Runner$.$anonfun$doRunRunRunDaDoRunRun$13(Runner.scala:1340)
	at org.scalatest.tools.Runner$.$anonfun$doRunRunRunDaDoRunRun$13$adapted(Runner.scala:1334)
	at scala.collection.immutable.List.foreach(List.scala:378)
	at org.scalatest.tools.Runner$.doRunRunRunDaDoRunRun(Runner.scala:1334)
	at org.scalatest.tools.Runner$.$anonfun$runOptionallyWithPassFailReporter$24(Runner.scala:1031)
	at org.scalatest.tools.Runner$.$anonfun$runOptionallyWithPassFailReporter$24$adapted(Runner.scala:1010)
	at org.scalatest.tools.Runner$.withClassLoaderAndDispatchReporter(Runner.scala:1500)
	at org.scalatest.tools.Runner$.runOptionallyWithPassFailReporter(Runner.scala:1010)
	at org.scalatest.tools.Runner$.run(Runner.scala:850)
	at org.scalatest.tools.Runner.run(Runner.scala)
	at org.jetbrains.plugins.scala.testingSupport.scalaTest.ScalaTestRunner.runScalaTest2(ScalaTestRunner.java:138)
	at org.jetbrains.plugins.scala.testingSupport.scalaTest.ScalaTestRunner.main(ScalaTestRunner.java:28)
	at sun.reflect.NativeMethodAccessorImpl.invoke0(Native Method)
	at sun.reflect.NativeMethodAccessorImpl.invoke(NativeMethodAccessorImpl.java:62)
	at sun.reflect.DelegatingMethodAccessorImpl.invoke(DelegatingMethodAccessorImpl.java:43)
	at java.lang.reflect.Method.invoke(Method.java:498)
	at com.intellij.rt.execution.application.AppMain.main(AppMain.java:147)

FAILED F2010L02850
au.gov.dva.sopapi.exceptions.SopParserError: Cannot determine aggravation paras from: Paragraph 6(c) applies only to material contribution to, or aggravation of, labral tear where the personâ€™s labral tear was suffered or contracted before or during (but not arising out of) the personâ€™s relevant service.
	at au.gov.dva.sopapi.sopref.parsing.implementations.LsParser$.parseStartAndEndAggravationParas(LsParser.scala:101)
	at au.gov.dva.sopapi.sopref.parsing.implementations.LsSoPFactory$.create(LsSoPFactory.scala:22)
	at au.gov.dva.sopapi.tests.parsers.ParserTestUtils$.executeWholeParsingPipeline(ParserTestUtils.scala:33)
	at au.gov.dva.sopapi.tests.parsers.RHSoPParsingTests.$anonfun$new$2(RHSoPParsingTests.scala:26)
	at scala.collection.IndexedSeqOptimized.foreach(IndexedSeqOptimized.scala:32)
	at scala.collection.IndexedSeqOptimized.foreach$(IndexedSeqOptimized.scala:29)
	at scala.collection.mutable.ArrayOps$ofRef.foreach(ArrayOps.scala:193)
	at au.gov.dva.sopapi.tests.parsers.RHSoPParsingTests.$anonfun$new$1(RHSoPParsingTests.scala:23)
	at org.scalatest.OutcomeOf.outcomeOf(OutcomeOf.scala:85)
	at org.scalatest.OutcomeOf.outcomeOf$(OutcomeOf.scala:83)
	at org.scalatest.OutcomeOf$.outcomeOf(OutcomeOf.scala:104)
	at org.scalatest.Transformer.apply(Transformer.scala:22)
	at org.scalatest.Transformer.apply(Transformer.scala:20)
	at org.scalatest.FunSuiteLike$$anon$1.apply(FunSuiteLike.scala:186)
	at org.scalatest.TestSuite.withFixture(TestSuite.scala:196)
	at org.scalatest.TestSuite.withFixture$(TestSuite.scala:195)
	at org.scalatest.FunSuite.withFixture(FunSuite.scala:1560)
	at org.scalatest.FunSuiteLike.invokeWithFixture$1(FunSuiteLike.scala:184)
	at org.scalatest.FunSuiteLike.$anonfun$runTest$1(FunSuiteLike.scala:196)
	at org.scalatest.SuperEngine.runTestImpl(Engine.scala:289)
	at org.scalatest.FunSuiteLike.runTest(FunSuiteLike.scala:196)
	at org.scalatest.FunSuiteLike.runTest$(FunSuiteLike.scala:178)
	at org.scalatest.FunSuite.runTest(FunSuite.scala:1560)
	at org.scalatest.FunSuiteLike.$anonfun$runTests$1(FunSuiteLike.scala:229)
	at org.scalatest.SuperEngine.$anonfun$runTestsInBranch$1(Engine.scala:396)
	at scala.collection.immutable.List.foreach(List.scala:378)
	at org.scalatest.SuperEngine.traverseSubNodes$1(Engine.scala:384)
	at org.scalatest.SuperEngine.runTestsInBranch(Engine.scala:379)
	at org.scalatest.SuperEngine.runTestsImpl(Engine.scala:461)
	at org.scalatest.FunSuiteLike.runTests(FunSuiteLike.scala:229)
	at org.scalatest.FunSuiteLike.runTests$(FunSuiteLike.scala:228)
	at org.scalatest.FunSuite.runTests(FunSuite.scala:1560)
	at org.scalatest.Suite.run(Suite.scala:1147)
	at org.scalatest.Suite.run$(Suite.scala:1129)
	at org.scalatest.FunSuite.org$scalatest$FunSuiteLike$$super$run(FunSuite.scala:1560)
	at org.scalatest.FunSuiteLike.$anonfun$run$1(FunSuiteLike.scala:233)
	at org.scalatest.SuperEngine.runImpl(Engine.scala:521)
	at org.scalatest.FunSuiteLike.run(FunSuiteLike.scala:233)
	at org.scalatest.FunSuiteLike.run$(FunSuiteLike.scala:232)
	at org.scalatest.FunSuite.run(FunSuite.scala:1560)
	at org.scalatest.tools.SuiteRunner.run(SuiteRunner.scala:45)
	at org.scalatest.tools.Runner$.$anonfun$doRunRunRunDaDoRunRun$13(Runner.scala:1340)
	at org.scalatest.tools.Runner$.$anonfun$doRunRunRunDaDoRunRun$13$adapted(Runner.scala:1334)
	at scala.collection.immutable.List.foreach(List.scala:378)
	at org.scalatest.tools.Runner$.doRunRunRunDaDoRunRun(Runner.scala:1334)
	at org.scalatest.tools.Runner$.$anonfun$runOptionallyWithPassFailReporter$24(Runner.scala:1031)
	at org.scalatest.tools.Runner$.$anonfun$runOptionallyWithPassFailReporter$24$adapted(Runner.scala:1010)
	at org.scalatest.tools.Runner$.withClassLoaderAndDispatchReporter(Runner.scala:1500)
	at org.scalatest.tools.Runner$.runOptionallyWithPassFailReporter(Runner.scala:1010)
	at org.scalatest.tools.Runner$.run(Runner.scala:850)
	at org.scalatest.tools.Runner.run(Runner.scala)
	at org.jetbrains.plugins.scala.testingSupport.scalaTest.ScalaTestRunner.runScalaTest2(ScalaTestRunner.java:138)
	at org.jetbrains.plugins.scala.testingSupport.scalaTest.ScalaTestRunner.main(ScalaTestRunner.java:28)
	at sun.reflect.NativeMethodAccessorImpl.invoke0(Native Method)
	at sun.reflect.NativeMethodAccessorImpl.invoke(NativeMethodAccessorImpl.java:62)
	at sun.reflect.DelegatingMethodAccessorImpl.invoke(DelegatingMethodAccessorImpl.java:43)
	at java.lang.reflect.Method.invoke(Method.java:498)
	at com.intellij.rt.execution.application.AppMain.main(AppMain.java:147)

FAILED F2012L01789
au.gov.dva.sopapi.exceptions.SopParserError: Cannot determine aggravation paras from: Paragraph 6(b) applies only to material contribution to, or aggravation of, physical injury due to munitions discharge where the personâ€™s physical injury due to munitions discharge was suffered or contracted before or during (but not arising out of) the personâ€™s relevant service.
	at au.gov.dva.sopapi.sopref.parsing.implementations.LsParser$.parseStartAndEndAggravationParas(LsParser.scala:101)
	at au.gov.dva.sopapi.sopref.parsing.implementations.LsSoPFactory$.create(LsSoPFactory.scala:22)
	at au.gov.dva.sopapi.tests.parsers.ParserTestUtils$.executeWholeParsingPipeline(ParserTestUtils.scala:33)
	at au.gov.dva.sopapi.tests.parsers.RHSoPParsingTests.$anonfun$new$2(RHSoPParsingTests.scala:26)
	at scala.collection.IndexedSeqOptimized.foreach(IndexedSeqOptimized.scala:32)
	at scala.collection.IndexedSeqOptimized.foreach$(IndexedSeqOptimized.scala:29)
	at scala.collection.mutable.ArrayOps$ofRef.foreach(ArrayOps.scala:193)
	at au.gov.dva.sopapi.tests.parsers.RHSoPParsingTests.$anonfun$new$1(RHSoPParsingTests.scala:23)
	at org.scalatest.OutcomeOf.outcomeOf(OutcomeOf.scala:85)
	at org.scalatest.OutcomeOf.outcomeOf$(OutcomeOf.scala:83)
	at org.scalatest.OutcomeOf$.outcomeOf(OutcomeOf.scala:104)
	at org.scalatest.Transformer.apply(Transformer.scala:22)
	at org.scalatest.Transformer.apply(Transformer.scala:20)
	at org.scalatest.FunSuiteLike$$anon$1.apply(FunSuiteLike.scala:186)
	at org.scalatest.TestSuite.withFixture(TestSuite.scala:196)
	at org.scalatest.TestSuite.withFixture$(TestSuite.scala:195)
	at org.scalatest.FunSuite.withFixture(FunSuite.scala:1560)
	at org.scalatest.FunSuiteLike.invokeWithFixture$1(FunSuiteLike.scala:184)
	at org.scalatest.FunSuiteLike.$anonfun$runTest$1(FunSuiteLike.scala:196)
	at org.scalatest.SuperEngine.runTestImpl(Engine.scala:289)
	at org.scalatest.FunSuiteLike.runTest(FunSuiteLike.scala:196)
	at org.scalatest.FunSuiteLike.runTest$(FunSuiteLike.scala:178)
	at org.scalatest.FunSuite.runTest(FunSuite.scala:1560)
	at org.scalatest.FunSuiteLike.$anonfun$runTests$1(FunSuiteLike.scala:229)
	at org.scalatest.SuperEngine.$anonfun$runTestsInBranch$1(Engine.scala:396)
	at scala.collection.immutable.List.foreach(List.scala:378)
	at org.scalatest.SuperEngine.traverseSubNodes$1(Engine.scala:384)
	at org.scalatest.SuperEngine.runTestsInBranch(Engine.scala:379)
	at org.scalatest.SuperEngine.runTestsImpl(Engine.scala:461)
	at org.scalatest.FunSuiteLike.runTests(FunSuiteLike.scala:229)
	at org.scalatest.FunSuiteLike.runTests$(FunSuiteLike.scala:228)
	at org.scalatest.FunSuite.runTests(FunSuite.scala:1560)
	at org.scalatest.Suite.run(Suite.scala:1147)
	at org.scalatest.Suite.run$(Suite.scala:1129)
	at org.scalatest.FunSuite.org$scalatest$FunSuiteLike$$super$run(FunSuite.scala:1560)
	at org.scalatest.FunSuiteLike.$anonfun$run$1(FunSuiteLike.scala:233)
	at org.scalatest.SuperEngine.runImpl(Engine.scala:521)
	at org.scalatest.FunSuiteLike.run(FunSuiteLike.scala:233)
	at org.scalatest.FunSuiteLike.run$(FunSuiteLike.scala:232)
	at org.scalatest.FunSuite.run(FunSuite.scala:1560)
	at org.scalatest.tools.SuiteRunner.run(SuiteRunner.scala:45)
	at org.scalatest.tools.Runner$.$anonfun$doRunRunRunDaDoRunRun$13(Runner.scala:1340)
	at org.scalatest.tools.Runner$.$anonfun$doRunRunRunDaDoRunRun$13$adapted(Runner.scala:1334)
	at scala.collection.immutable.List.foreach(List.scala:378)
	at org.scalatest.tools.Runner$.doRunRunRunDaDoRunRun(Runner.scala:1334)
	at org.scalatest.tools.Runner$.$anonfun$runOptionallyWithPassFailReporter$24(Runner.scala:1031)
	at org.scalatest.tools.Runner$.$anonfun$runOptionallyWithPassFailReporter$24$adapted(Runner.scala:1010)
	at org.scalatest.tools.Runner$.withClassLoaderAndDispatchReporter(Runner.scala:1500)
	at org.scalatest.tools.Runner$.runOptionallyWithPassFailReporter(Runner.scala:1010)
	at org.scalatest.tools.Runner$.run(Runner.scala:850)
	at org.scalatest.tools.Runner.run(Runner.scala)
	at org.jetbrains.plugins.scala.testingSupport.scalaTest.ScalaTestRunner.runScalaTest2(ScalaTestRunner.java:138)
	at org.jetbrains.plugins.scala.testingSupport.scalaTest.ScalaTestRunner.main(ScalaTestRunner.java:28)
	at sun.reflect.NativeMethodAccessorImpl.invoke0(Native Method)
	at sun.reflect.NativeMethodAccessorImpl.invoke(NativeMethodAccessorImpl.java:62)
	at sun.reflect.DelegatingMethodAccessorImpl.invoke(DelegatingMethodAccessorImpl.java:43)
	at java.lang.reflect.Method.invoke(Method.java:498)
	at com.intellij.rt.execution.application.AppMain.main(AppMain.java:147)

FAILED F2010L00553
au.gov.dva.sopapi.exceptions.SopParserError: Cannot find the defined word in this definition: "pack year of cigarettes, or the equivalent thereof in other tobacco
products" means a calculation of consumption where one pack year of
cigarettes equals twenty tailor made cigarettes per day for a period of
one calendar year, or 7300 cigarettes. One tailor made cigarette
approximates one gram of tobacco or one gram of cigar or pipe tobacco
by weight. One pack year of tailor made cigarettes equates to 7300
cigarettes, or 7.3 kg of smoking tobacco by weight. Tobacco products
means either cigarettes, pipe tobacco or cigars smoked, alone or in any
combination;
	at au.gov.dva.sopapi.sopref.parsing.implementations.DefinitionsParsers$.parseSingleDefinition(DefinitionsParsers.scala:34)
	at au.gov.dva.sopapi.sopref.parsing.implementations.LsParser$.$anonfun$parseDefinitions$1(LsParser.scala:84)
	at scala.collection.immutable.List.map(List.scala:276)
	at au.gov.dva.sopapi.sopref.parsing.implementations.LsParser$.parseDefinitions(LsParser.scala:84)
	at au.gov.dva.sopapi.sopref.parsing.implementations.LsSoPFactory$.create(LsSoPFactory.scala:15)
	at au.gov.dva.sopapi.tests.parsers.ParserTestUtils$.executeWholeParsingPipeline(ParserTestUtils.scala:33)
	at au.gov.dva.sopapi.tests.parsers.RHSoPParsingTests.$anonfun$new$2(RHSoPParsingTests.scala:26)
	at scala.collection.IndexedSeqOptimized.foreach(IndexedSeqOptimized.scala:32)
	at scala.collection.IndexedSeqOptimized.foreach$(IndexedSeqOptimized.scala:29)
	at scala.collection.mutable.ArrayOps$ofRef.foreach(ArrayOps.scala:193)
	at au.gov.dva.sopapi.tests.parsers.RHSoPParsingTests.$anonfun$new$1(RHSoPParsingTests.scala:23)
	at org.scalatest.OutcomeOf.outcomeOf(OutcomeOf.scala:85)
	at org.scalatest.OutcomeOf.outcomeOf$(OutcomeOf.scala:83)
	at org.scalatest.OutcomeOf$.outcomeOf(OutcomeOf.scala:104)
	at org.scalatest.Transformer.apply(Transformer.scala:22)
	at org.scalatest.Transformer.apply(Transformer.scala:20)
	at org.scalatest.FunSuiteLike$$anon$1.apply(FunSuiteLike.scala:186)
	at org.scalatest.TestSuite.withFixture(TestSuite.scala:196)
	at org.scalatest.TestSuite.withFixture$(TestSuite.scala:195)
	at org.scalatest.FunSuite.withFixture(FunSuite.scala:1560)
	at org.scalatest.FunSuiteLike.invokeWithFixture$1(FunSuiteLike.scala:184)
	at org.scalatest.FunSuiteLike.$anonfun$runTest$1(FunSuiteLike.scala:196)
	at org.scalatest.SuperEngine.runTestImpl(Engine.scala:289)
	at org.scalatest.FunSuiteLike.runTest(FunSuiteLike.scala:196)
	at org.scalatest.FunSuiteLike.runTest$(FunSuiteLike.scala:178)
	at org.scalatest.FunSuite.runTest(FunSuite.scala:1560)
	at org.scalatest.FunSuiteLike.$anonfun$runTests$1(FunSuiteLike.scala:229)
	at org.scalatest.SuperEngine.$anonfun$runTestsInBranch$1(Engine.scala:396)
	at scala.collection.immutable.List.foreach(List.scala:378)
	at org.scalatest.SuperEngine.traverseSubNodes$1(Engine.scala:384)
	at org.scalatest.SuperEngine.runTestsInBranch(Engine.scala:379)
	at org.scalatest.SuperEngine.runTestsImpl(Engine.scala:461)
	at org.scalatest.FunSuiteLike.runTests(FunSuiteLike.scala:229)
	at org.scalatest.FunSuiteLike.runTests$(FunSuiteLike.scala:228)
	at org.scalatest.FunSuite.runTests(FunSuite.scala:1560)
	at org.scalatest.Suite.run(Suite.scala:1147)
	at org.scalatest.Suite.run$(Suite.scala:1129)
	at org.scalatest.FunSuite.org$scalatest$FunSuiteLike$$super$run(FunSuite.scala:1560)
	at org.scalatest.FunSuiteLike.$anonfun$run$1(FunSuiteLike.scala:233)
	at org.scalatest.SuperEngine.runImpl(Engine.scala:521)
	at org.scalatest.FunSuiteLike.run(FunSuiteLike.scala:233)
	at org.scalatest.FunSuiteLike.run$(FunSuiteLike.scala:232)
	at org.scalatest.FunSuite.run(FunSuite.scala:1560)
	at org.scalatest.tools.SuiteRunner.run(SuiteRunner.scala:45)
	at org.scalatest.tools.Runner$.$anonfun$doRunRunRunDaDoRunRun$13(Runner.scala:1340)
	at org.scalatest.tools.Runner$.$anonfun$doRunRunRunDaDoRunRun$13$adapted(Runner.scala:1334)
	at scala.collection.immutable.List.foreach(List.scala:378)
	at org.scalatest.tools.Runner$.doRunRunRunDaDoRunRun(Runner.scala:1334)
	at org.scalatest.tools.Runner$.$anonfun$runOptionallyWithPassFailReporter$24(Runner.scala:1031)
	at org.scalatest.tools.Runner$.$anonfun$runOptionallyWithPassFailReporter$24$adapted(Runner.scala:1010)
	at org.scalatest.tools.Runner$.withClassLoaderAndDispatchReporter(Runner.scala:1500)
	at org.scalatest.tools.Runner$.runOptionallyWithPassFailReporter(Runner.scala:1010)
	at org.scalatest.tools.Runner$.run(Runner.scala:850)
	at org.scalatest.tools.Runner.run(Runner.scala)
	at org.jetbrains.plugins.scala.testingSupport.scalaTest.ScalaTestRunner.runScalaTest2(ScalaTestRunner.java:138)
	at org.jetbrains.plugins.scala.testingSupport.scalaTest.ScalaTestRunner.main(ScalaTestRunner.java:28)
	at sun.reflect.NativeMethodAccessorImpl.invoke0(Native Method)
	at sun.reflect.NativeMethodAccessorImpl.invoke(NativeMethodAccessorImpl.java:62)
	at sun.reflect.DelegatingMethodAccessorImpl.invoke(DelegatingMethodAccessorImpl.java:43)
	at java.lang.reflect.Method.invoke(Method.java:498)
	at com.intellij.rt.execution.application.AppMain.main(AppMain.java:147)

FAILED F2016L00239
au.gov.dva.sopapi.exceptions.SopParserError: No section found with title matching regex: ^Title$
	at au.gov.dva.sopapi.sopref.parsing.SoPExtractorUtilities$.getSection(SoPExtractorUtilities.scala:55)
	at au.gov.dva.sopapi.sopref.parsing.implementations.LsExtractor.extractCitation(LsExtractor.scala:32)
	at au.gov.dva.sopapi.sopref.parsing.implementations.LsSoPFactory$.create(LsSoPFactory.scala:12)
	at au.gov.dva.sopapi.tests.parsers.ParserTestUtils$.executeWholeParsingPipeline(ParserTestUtils.scala:33)
	at au.gov.dva.sopapi.tests.parsers.RHSoPParsingTests.$anonfun$new$2(RHSoPParsingTests.scala:26)
	at scala.collection.IndexedSeqOptimized.foreach(IndexedSeqOptimized.scala:32)
	at scala.collection.IndexedSeqOptimized.foreach$(IndexedSeqOptimized.scala:29)
	at scala.collection.mutable.ArrayOps$ofRef.foreach(ArrayOps.scala:193)
	at au.gov.dva.sopapi.tests.parsers.RHSoPParsingTests.$anonfun$new$1(RHSoPParsingTests.scala:23)
	at org.scalatest.OutcomeOf.outcomeOf(OutcomeOf.scala:85)
	at org.scalatest.OutcomeOf.outcomeOf$(OutcomeOf.scala:83)
	at org.scalatest.OutcomeOf$.outcomeOf(OutcomeOf.scala:104)
	at org.scalatest.Transformer.apply(Transformer.scala:22)
	at org.scalatest.Transformer.apply(Transformer.scala:20)
	at org.scalatest.FunSuiteLike$$anon$1.apply(FunSuiteLike.scala:186)
	at org.scalatest.TestSuite.withFixture(TestSuite.scala:196)
	at org.scalatest.TestSuite.withFixture$(TestSuite.scala:195)
	at org.scalatest.FunSuite.withFixture(FunSuite.scala:1560)
	at org.scalatest.FunSuiteLike.invokeWithFixture$1(FunSuiteLike.scala:184)
	at org.scalatest.FunSuiteLike.$anonfun$runTest$1(FunSuiteLike.scala:196)
	at org.scalatest.SuperEngine.runTestImpl(Engine.scala:289)
	at org.scalatest.FunSuiteLike.runTest(FunSuiteLike.scala:196)
	at org.scalatest.FunSuiteLike.runTest$(FunSuiteLike.scala:178)
	at org.scalatest.FunSuite.runTest(FunSuite.scala:1560)
	at org.scalatest.FunSuiteLike.$anonfun$runTests$1(FunSuiteLike.scala:229)
	at org.scalatest.SuperEngine.$anonfun$runTestsInBranch$1(Engine.scala:396)
	at scala.collection.immutable.List.foreach(List.scala:378)
	at org.scalatest.SuperEngine.traverseSubNodes$1(Engine.scala:384)
	at org.scalatest.SuperEngine.runTestsInBranch(Engine.scala:379)
	at org.scalatest.SuperEngine.runTestsImpl(Engine.scala:461)
	at org.scalatest.FunSuiteLike.runTests(FunSuiteLike.scala:229)
	at org.scalatest.FunSuiteLike.runTests$(FunSuiteLike.scala:228)
	at org.scalatest.FunSuite.runTests(FunSuite.scala:1560)
	at org.scalatest.Suite.run(Suite.scala:1147)
	at org.scalatest.Suite.run$(Suite.scala:1129)
	at org.scalatest.FunSuite.org$scalatest$FunSuiteLike$$super$run(FunSuite.scala:1560)
	at org.scalatest.FunSuiteLike.$anonfun$run$1(FunSuiteLike.scala:233)
	at org.scalatest.SuperEngine.runImpl(Engine.scala:521)
	at org.scalatest.FunSuiteLike.run(FunSuiteLike.scala:233)
	at org.scalatest.FunSuiteLike.run$(FunSuiteLike.scala:232)
	at org.scalatest.FunSuite.run(FunSuite.scala:1560)
	at org.scalatest.tools.SuiteRunner.run(SuiteRunner.scala:45)
	at org.scalatest.tools.Runner$.$anonfun$doRunRunRunDaDoRunRun$13(Runner.scala:1340)
	at org.scalatest.tools.Runner$.$anonfun$doRunRunRunDaDoRunRun$13$adapted(Runner.scala:1334)
	at scala.collection.immutable.List.foreach(List.scala:378)
	at org.scalatest.tools.Runner$.doRunRunRunDaDoRunRun(Runner.scala:1334)
	at org.scalatest.tools.Runner$.$anonfun$runOptionallyWithPassFailReporter$24(Runner.scala:1031)
	at org.scalatest.tools.Runner$.$anonfun$runOptionallyWithPassFailReporter$24$adapted(Runner.scala:1010)
	at org.scalatest.tools.Runner$.withClassLoaderAndDispatchReporter(Runner.scala:1500)
	at org.scalatest.tools.Runner$.runOptionallyWithPassFailReporter(Runner.scala:1010)
	at org.scalatest.tools.Runner$.run(Runner.scala:850)
	at org.scalatest.tools.Runner.run(Runner.scala)
	at org.jetbrains.plugins.scala.testingSupport.scalaTest.ScalaTestRunner.runScalaTest2(ScalaTestRunner.java:138)
	at org.jetbrains.plugins.scala.testingSupport.scalaTest.ScalaTestRunner.main(ScalaTestRunner.java:28)
	at sun.reflect.NativeMethodAccessorImpl.invoke0(Native Method)
	at sun.reflect.NativeMethodAccessorImpl.invoke(NativeMethodAccessorImpl.java:62)
	at sun.reflect.DelegatingMethodAccessorImpl.invoke(DelegatingMethodAccessorImpl.java:43)
	at java.lang.reflect.Method.invoke(Method.java:498)
	at com.intellij.rt.execution.application.AppMain.main(AppMain.java:147)

FAILED F2015L01340
au.gov.dva.sopapi.exceptions.SopParserError: No section found with title matching regex: ^Title$
	at au.gov.dva.sopapi.sopref.parsing.SoPExtractorUtilities$.getSection(SoPExtractorUtilities.scala:55)
	at au.gov.dva.sopapi.sopref.parsing.implementations.LsExtractor.extractCitation(LsExtractor.scala:32)
	at au.gov.dva.sopapi.sopref.parsing.implementations.LsSoPFactory$.create(LsSoPFactory.scala:12)
	at au.gov.dva.sopapi.tests.parsers.ParserTestUtils$.executeWholeParsingPipeline(ParserTestUtils.scala:33)
	at au.gov.dva.sopapi.tests.parsers.RHSoPParsingTests.$anonfun$new$2(RHSoPParsingTests.scala:26)
	at scala.collection.IndexedSeqOptimized.foreach(IndexedSeqOptimized.scala:32)
	at scala.collection.IndexedSeqOptimized.foreach$(IndexedSeqOptimized.scala:29)
	at scala.collection.mutable.ArrayOps$ofRef.foreach(ArrayOps.scala:193)
	at au.gov.dva.sopapi.tests.parsers.RHSoPParsingTests.$anonfun$new$1(RHSoPParsingTests.scala:23)
	at org.scalatest.OutcomeOf.outcomeOf(OutcomeOf.scala:85)
	at org.scalatest.OutcomeOf.outcomeOf$(OutcomeOf.scala:83)
	at org.scalatest.OutcomeOf$.outcomeOf(OutcomeOf.scala:104)
	at org.scalatest.Transformer.apply(Transformer.scala:22)
	at org.scalatest.Transformer.apply(Transformer.scala:20)
	at org.scalatest.FunSuiteLike$$anon$1.apply(FunSuiteLike.scala:186)
	at org.scalatest.TestSuite.withFixture(TestSuite.scala:196)
	at org.scalatest.TestSuite.withFixture$(TestSuite.scala:195)
	at org.scalatest.FunSuite.withFixture(FunSuite.scala:1560)
	at org.scalatest.FunSuiteLike.invokeWithFixture$1(FunSuiteLike.scala:184)
	at org.scalatest.FunSuiteLike.$anonfun$runTest$1(FunSuiteLike.scala:196)
	at org.scalatest.SuperEngine.runTestImpl(Engine.scala:289)
	at org.scalatest.FunSuiteLike.runTest(FunSuiteLike.scala:196)
	at org.scalatest.FunSuiteLike.runTest$(FunSuiteLike.scala:178)
	at org.scalatest.FunSuite.runTest(FunSuite.scala:1560)
	at org.scalatest.FunSuiteLike.$anonfun$runTests$1(FunSuiteLike.scala:229)
	at org.scalatest.SuperEngine.$anonfun$runTestsInBranch$1(Engine.scala:396)
	at scala.collection.immutable.List.foreach(List.scala:378)
	at org.scalatest.SuperEngine.traverseSubNodes$1(Engine.scala:384)
	at org.scalatest.SuperEngine.runTestsInBranch(Engine.scala:379)
	at org.scalatest.SuperEngine.runTestsImpl(Engine.scala:461)
	at org.scalatest.FunSuiteLike.runTests(FunSuiteLike.scala:229)
	at org.scalatest.FunSuiteLike.runTests$(FunSuiteLike.scala:228)
	at org.scalatest.FunSuite.runTests(FunSuite.scala:1560)
	at org.scalatest.Suite.run(Suite.scala:1147)
	at org.scalatest.Suite.run$(Suite.scala:1129)
	at org.scalatest.FunSuite.org$scalatest$FunSuiteLike$$super$run(FunSuite.scala:1560)
	at org.scalatest.FunSuiteLike.$anonfun$run$1(FunSuiteLike.scala:233)
	at org.scalatest.SuperEngine.runImpl(Engine.scala:521)
	at org.scalatest.FunSuiteLike.run(FunSuiteLike.scala:233)
	at org.scalatest.FunSuiteLike.run$(FunSuiteLike.scala:232)
	at org.scalatest.FunSuite.run(FunSuite.scala:1560)
	at org.scalatest.tools.SuiteRunner.run(SuiteRunner.scala:45)
	at org.scalatest.tools.Runner$.$anonfun$doRunRunRunDaDoRunRun$13(Runner.scala:1340)
	at org.scalatest.tools.Runner$.$anonfun$doRunRunRunDaDoRunRun$13$adapted(Runner.scala:1334)
	at scala.collection.immutable.List.foreach(List.scala:378)
	at org.scalatest.tools.Runner$.doRunRunRunDaDoRunRun(Runner.scala:1334)
	at org.scalatest.tools.Runner$.$anonfun$runOptionallyWithPassFailReporter$24(Runner.scala:1031)
	at org.scalatest.tools.Runner$.$anonfun$runOptionallyWithPassFailReporter$24$adapted(Runner.scala:1010)
	at org.scalatest.tools.Runner$.withClassLoaderAndDispatchReporter(Runner.scala:1500)
	at org.scalatest.tools.Runner$.runOptionallyWithPassFailReporter(Runner.scala:1010)
	at org.scalatest.tools.Runner$.run(Runner.scala:850)
	at org.scalatest.tools.Runner.run(Runner.scala)
	at org.jetbrains.plugins.scala.testingSupport.scalaTest.ScalaTestRunner.runScalaTest2(ScalaTestRunner.java:138)
	at org.jetbrains.plugins.scala.testingSupport.scalaTest.ScalaTestRunner.main(ScalaTestRunner.java:28)
	at sun.reflect.NativeMethodAccessorImpl.invoke0(Native Method)
	at sun.reflect.NativeMethodAccessorImpl.invoke(NativeMethodAccessorImpl.java:62)
	at sun.reflect.DelegatingMethodAccessorImpl.invoke(DelegatingMethodAccessorImpl.java:43)
	at java.lang.reflect.Method.invoke(Method.java:498)
	at com.intellij.rt.execution.application.AppMain.main(AppMain.java:147)

FAILED F2016L00008
au.gov.dva.sopapi.exceptions.SopParserError: No section found with title matching regex: ^Title$
	at au.gov.dva.sopapi.sopref.parsing.SoPExtractorUtilities$.getSection(SoPExtractorUtilities.scala:55)
	at au.gov.dva.sopapi.sopref.parsing.implementations.LsExtractor.extractCitation(LsExtractor.scala:32)
	at au.gov.dva.sopapi.sopref.parsing.implementations.LsSoPFactory$.create(LsSoPFactory.scala:12)
	at au.gov.dva.sopapi.tests.parsers.ParserTestUtils$.executeWholeParsingPipeline(ParserTestUtils.scala:33)
	at au.gov.dva.sopapi.tests.parsers.RHSoPParsingTests.$anonfun$new$2(RHSoPParsingTests.scala:26)
	at scala.collection.IndexedSeqOptimized.foreach(IndexedSeqOptimized.scala:32)
	at scala.collection.IndexedSeqOptimized.foreach$(IndexedSeqOptimized.scala:29)
	at scala.collection.mutable.ArrayOps$ofRef.foreach(ArrayOps.scala:193)
	at au.gov.dva.sopapi.tests.parsers.RHSoPParsingTests.$anonfun$new$1(RHSoPParsingTests.scala:23)
	at org.scalatest.OutcomeOf.outcomeOf(OutcomeOf.scala:85)
	at org.scalatest.OutcomeOf.outcomeOf$(OutcomeOf.scala:83)
	at org.scalatest.OutcomeOf$.outcomeOf(OutcomeOf.scala:104)
	at org.scalatest.Transformer.apply(Transformer.scala:22)
	at org.scalatest.Transformer.apply(Transformer.scala:20)
	at org.scalatest.FunSuiteLike$$anon$1.apply(FunSuiteLike.scala:186)
	at org.scalatest.TestSuite.withFixture(TestSuite.scala:196)
	at org.scalatest.TestSuite.withFixture$(TestSuite.scala:195)
	at org.scalatest.FunSuite.withFixture(FunSuite.scala:1560)
	at org.scalatest.FunSuiteLike.invokeWithFixture$1(FunSuiteLike.scala:184)
	at org.scalatest.FunSuiteLike.$anonfun$runTest$1(FunSuiteLike.scala:196)
	at org.scalatest.SuperEngine.runTestImpl(Engine.scala:289)
	at org.scalatest.FunSuiteLike.runTest(FunSuiteLike.scala:196)
	at org.scalatest.FunSuiteLike.runTest$(FunSuiteLike.scala:178)
	at org.scalatest.FunSuite.runTest(FunSuite.scala:1560)
	at org.scalatest.FunSuiteLike.$anonfun$runTests$1(FunSuiteLike.scala:229)
	at org.scalatest.SuperEngine.$anonfun$runTestsInBranch$1(Engine.scala:396)
	at scala.collection.immutable.List.foreach(List.scala:378)
	at org.scalatest.SuperEngine.traverseSubNodes$1(Engine.scala:384)
	at org.scalatest.SuperEngine.runTestsInBranch(Engine.scala:379)
	at org.scalatest.SuperEngine.runTestsImpl(Engine.scala:461)
	at org.scalatest.FunSuiteLike.runTests(FunSuiteLike.scala:229)
	at org.scalatest.FunSuiteLike.runTests$(FunSuiteLike.scala:228)
	at org.scalatest.FunSuite.runTests(FunSuite.scala:1560)
	at org.scalatest.Suite.run(Suite.scala:1147)
	at org.scalatest.Suite.run$(Suite.scala:1129)
	at org.scalatest.FunSuite.org$scalatest$FunSuiteLike$$super$run(FunSuite.scala:1560)
	at org.scalatest.FunSuiteLike.$anonfun$run$1(FunSuiteLike.scala:233)
	at org.scalatest.SuperEngine.runImpl(Engine.scala:521)
	at org.scalatest.FunSuiteLike.run(FunSuiteLike.scala:233)
	at org.scalatest.FunSuiteLike.run$(FunSuiteLike.scala:232)
	at org.scalatest.FunSuite.run(FunSuite.scala:1560)
	at org.scalatest.tools.SuiteRunner.run(SuiteRunner.scala:45)
	at org.scalatest.tools.Runner$.$anonfun$doRunRunRunDaDoRunRun$13(Runner.scala:1340)
	at org.scalatest.tools.Runner$.$anonfun$doRunRunRunDaDoRunRun$13$adapted(Runner.scala:1334)
	at scala.collection.immutable.List.foreach(List.scala:378)
	at org.scalatest.tools.Runner$.doRunRunRunDaDoRunRun(Runner.scala:1334)
	at org.scalatest.tools.Runner$.$anonfun$runOptionallyWithPassFailReporter$24(Runner.scala:1031)
	at org.scalatest.tools.Runner$.$anonfun$runOptionallyWithPassFailReporter$24$adapted(Runner.scala:1010)
	at org.scalatest.tools.Runner$.withClassLoaderAndDispatchReporter(Runner.scala:1500)
	at org.scalatest.tools.Runner$.runOptionallyWithPassFailReporter(Runner.scala:1010)
	at org.scalatest.tools.Runner$.run(Runner.scala:850)
	at org.scalatest.tools.Runner.run(Runner.scala)
	at org.jetbrains.plugins.scala.testingSupport.scalaTest.ScalaTestRunner.runScalaTest2(ScalaTestRunner.java:138)
	at org.jetbrains.plugins.scala.testingSupport.scalaTest.ScalaTestRunner.main(ScalaTestRunner.java:28)
	at sun.reflect.NativeMethodAccessorImpl.invoke0(Native Method)
	at sun.reflect.NativeMethodAccessorImpl.invoke(NativeMethodAccessorImpl.java:62)
	at sun.reflect.DelegatingMethodAccessorImpl.invoke(DelegatingMethodAccessorImpl.java:43)
	at java.lang.reflect.Method.invoke(Method.java:498)
	at com.intellij.rt.execution.application.AppMain.main(AppMain.java:147)

FAILED F2014L01784
au.gov.dva.sopapi.exceptions.SopParserError: [1.320] failure: string matching regex `\.$' expected but `:' found

The factor that must as a minimum exist before it can be said that a reasonable hypothesis has been raised connecting epicondylitis or death from epicondylitis with the circumstances of a personâ€™s relevant service is: (a) performing forceful activities with the hand or forearm on the affected side, in combination with: (i) repetitive activities with the hand or forearm on the affected side; or (ii) sustained activities with the forearm on the affected side; for at least one hour per day, on more days than not, over a period of at least the one month before the clinical onset of epicondylitis; or (b) having a sudden alteration of loading pattern as specified for a continuous period of at least one hour, within the three days before the clinical onset of epicondylitis; or (c) undergoing treatment with fluoroquinolone antibiotics within the 14 days before the clinical onset of epicondylitis; or (d) performing forceful activities with the hand or forearm on the affected side, in combination with: (i) repetitive activities with the hand or forearm on the affected side; or (ii) sustained activities with the forearm on the affected side; for at least one hour per day, on more days than not, over a period of at least the one month before the clinical worsening of epicondylitis; or (e) having a sudden alteration of loading pattern as specified for a continuous period of at least one hour, within the three days before the clinical worsening of epicondylitis; or (f) inability to obtain appropriate clinical management for epicondylitis.
                                                                                                                                                                                                                                                                                                                               ^
	at au.gov.dva.sopapi.sopref.parsing.implementations.LsParser$.parseFactors(LsParser.scala:52)
	at au.gov.dva.sopapi.sopref.parsing.implementations.LsSoPFactory$.create(LsSoPFactory.scala:18)
	at au.gov.dva.sopapi.tests.parsers.ParserTestUtils$.executeWholeParsingPipeline(ParserTestUtils.scala:33)
	at au.gov.dva.sopapi.tests.parsers.RHSoPParsingTests.$anonfun$new$2(RHSoPParsingTests.scala:26)
	at scala.collection.IndexedSeqOptimized.foreach(IndexedSeqOptimized.scala:32)
	at scala.collection.IndexedSeqOptimized.foreach$(IndexedSeqOptimized.scala:29)
	at scala.collection.mutable.ArrayOps$ofRef.foreach(ArrayOps.scala:193)
	at au.gov.dva.sopapi.tests.parsers.RHSoPParsingTests.$anonfun$new$1(RHSoPParsingTests.scala:23)
	at org.scalatest.OutcomeOf.outcomeOf(OutcomeOf.scala:85)
	at org.scalatest.OutcomeOf.outcomeOf$(OutcomeOf.scala:83)
	at org.scalatest.OutcomeOf$.outcomeOf(OutcomeOf.scala:104)
	at org.scalatest.Transformer.apply(Transformer.scala:22)
	at org.scalatest.Transformer.apply(Transformer.scala:20)
	at org.scalatest.FunSuiteLike$$anon$1.apply(FunSuiteLike.scala:186)
	at org.scalatest.TestSuite.withFixture(TestSuite.scala:196)
	at org.scalatest.TestSuite.withFixture$(TestSuite.scala:195)
	at org.scalatest.FunSuite.withFixture(FunSuite.scala:1560)
	at org.scalatest.FunSuiteLike.invokeWithFixture$1(FunSuiteLike.scala:184)
	at org.scalatest.FunSuiteLike.$anonfun$runTest$1(FunSuiteLike.scala:196)
	at org.scalatest.SuperEngine.runTestImpl(Engine.scala:289)
	at org.scalatest.FunSuiteLike.runTest(FunSuiteLike.scala:196)
	at org.scalatest.FunSuiteLike.runTest$(FunSuiteLike.scala:178)
	at org.scalatest.FunSuite.runTest(FunSuite.scala:1560)
	at org.scalatest.FunSuiteLike.$anonfun$runTests$1(FunSuiteLike.scala:229)
	at org.scalatest.SuperEngine.$anonfun$runTestsInBranch$1(Engine.scala:396)
	at scala.collection.immutable.List.foreach(List.scala:378)
	at org.scalatest.SuperEngine.traverseSubNodes$1(Engine.scala:384)
	at org.scalatest.SuperEngine.runTestsInBranch(Engine.scala:379)
	at org.scalatest.SuperEngine.runTestsImpl(Engine.scala:461)
	at org.scalatest.FunSuiteLike.runTests(FunSuiteLike.scala:229)
	at org.scalatest.FunSuiteLike.runTests$(FunSuiteLike.scala:228)
	at org.scalatest.FunSuite.runTests(FunSuite.scala:1560)
	at org.scalatest.Suite.run(Suite.scala:1147)
	at org.scalatest.Suite.run$(Suite.scala:1129)
	at org.scalatest.FunSuite.org$scalatest$FunSuiteLike$$super$run(FunSuite.scala:1560)
	at org.scalatest.FunSuiteLike.$anonfun$run$1(FunSuiteLike.scala:233)
	at org.scalatest.SuperEngine.runImpl(Engine.scala:521)
	at org.scalatest.FunSuiteLike.run(FunSuiteLike.scala:233)
	at org.scalatest.FunSuiteLike.run$(FunSuiteLike.scala:232)
	at org.scalatest.FunSuite.run(FunSuite.scala:1560)
	at org.scalatest.tools.SuiteRunner.run(SuiteRunner.scala:45)
	at org.scalatest.tools.Runner$.$anonfun$doRunRunRunDaDoRunRun$13(Runner.scala:1340)
	at org.scalatest.tools.Runner$.$anonfun$doRunRunRunDaDoRunRun$13$adapted(Runner.scala:1334)
	at scala.collection.immutable.List.foreach(List.scala:378)
	at org.scalatest.tools.Runner$.doRunRunRunDaDoRunRun(Runner.scala:1334)
	at org.scalatest.tools.Runner$.$anonfun$runOptionallyWithPassFailReporter$24(Runner.scala:1031)
	at org.scalatest.tools.Runner$.$anonfun$runOptionallyWithPassFailReporter$24$adapted(Runner.scala:1010)
	at org.scalatest.tools.Runner$.withClassLoaderAndDispatchReporter(Runner.scala:1500)
	at org.scalatest.tools.Runner$.runOptionallyWithPassFailReporter(Runner.scala:1010)
	at org.scalatest.tools.Runner$.run(Runner.scala:850)
	at org.scalatest.tools.Runner.run(Runner.scala)
	at org.jetbrains.plugins.scala.testingSupport.scalaTest.ScalaTestRunner.runScalaTest2(ScalaTestRunner.java:138)
	at org.jetbrains.plugins.scala.testingSupport.scalaTest.ScalaTestRunner.main(ScalaTestRunner.java:28)
	at sun.reflect.NativeMethodAccessorImpl.invoke0(Native Method)
	at sun.reflect.NativeMethodAccessorImpl.invoke(NativeMethodAccessorImpl.java:62)
	at sun.reflect.DelegatingMethodAccessorImpl.invoke(DelegatingMethodAccessorImpl.java:43)
	at java.lang.reflect.Method.invoke(Method.java:498)
	at com.intellij.rt.execution.application.AppMain.main(AppMain.java:147)

FAILED F2010L01668
au.gov.dva.sopapi.exceptions.SopParserError: Cannot determine aggravation paras from: Paragraph 6(b) applies only to material contribution to, or aggravation of, acute meniscal tear of the knee where the personâ€™s acute meniscal tear of the knee was suffered or contracted before or during (but not arising out of) the personâ€™s relevant service.
	at au.gov.dva.sopapi.sopref.parsing.implementations.LsParser$.parseStartAndEndAggravationParas(LsParser.scala:101)
	at au.gov.dva.sopapi.sopref.parsing.implementations.LsSoPFactory$.create(LsSoPFactory.scala:22)
	at au.gov.dva.sopapi.tests.parsers.ParserTestUtils$.executeWholeParsingPipeline(ParserTestUtils.scala:33)
	at au.gov.dva.sopapi.tests.parsers.RHSoPParsingTests.$anonfun$new$2(RHSoPParsingTests.scala:26)
	at scala.collection.IndexedSeqOptimized.foreach(IndexedSeqOptimized.scala:32)
	at scala.collection.IndexedSeqOptimized.foreach$(IndexedSeqOptimized.scala:29)
	at scala.collection.mutable.ArrayOps$ofRef.foreach(ArrayOps.scala:193)
	at au.gov.dva.sopapi.tests.parsers.RHSoPParsingTests.$anonfun$new$1(RHSoPParsingTests.scala:23)
	at org.scalatest.OutcomeOf.outcomeOf(OutcomeOf.scala:85)
	at org.scalatest.OutcomeOf.outcomeOf$(OutcomeOf.scala:83)
	at org.scalatest.OutcomeOf$.outcomeOf(OutcomeOf.scala:104)
	at org.scalatest.Transformer.apply(Transformer.scala:22)
	at org.scalatest.Transformer.apply(Transformer.scala:20)
	at org.scalatest.FunSuiteLike$$anon$1.apply(FunSuiteLike.scala:186)
	at org.scalatest.TestSuite.withFixture(TestSuite.scala:196)
	at org.scalatest.TestSuite.withFixture$(TestSuite.scala:195)
	at org.scalatest.FunSuite.withFixture(FunSuite.scala:1560)
	at org.scalatest.FunSuiteLike.invokeWithFixture$1(FunSuiteLike.scala:184)
	at org.scalatest.FunSuiteLike.$anonfun$runTest$1(FunSuiteLike.scala:196)
	at org.scalatest.SuperEngine.runTestImpl(Engine.scala:289)
	at org.scalatest.FunSuiteLike.runTest(FunSuiteLike.scala:196)
	at org.scalatest.FunSuiteLike.runTest$(FunSuiteLike.scala:178)
	at org.scalatest.FunSuite.runTest(FunSuite.scala:1560)
	at org.scalatest.FunSuiteLike.$anonfun$runTests$1(FunSuiteLike.scala:229)
	at org.scalatest.SuperEngine.$anonfun$runTestsInBranch$1(Engine.scala:396)
	at scala.collection.immutable.List.foreach(List.scala:378)
	at org.scalatest.SuperEngine.traverseSubNodes$1(Engine.scala:384)
	at org.scalatest.SuperEngine.runTestsInBranch(Engine.scala:379)
	at org.scalatest.SuperEngine.runTestsImpl(Engine.scala:461)
	at org.scalatest.FunSuiteLike.runTests(FunSuiteLike.scala:229)
	at org.scalatest.FunSuiteLike.runTests$(FunSuiteLike.scala:228)
	at org.scalatest.FunSuite.runTests(FunSuite.scala:1560)
	at org.scalatest.Suite.run(Suite.scala:1147)
	at org.scalatest.Suite.run$(Suite.scala:1129)
	at org.scalatest.FunSuite.org$scalatest$FunSuiteLike$$super$run(FunSuite.scala:1560)
	at org.scalatest.FunSuiteLike.$anonfun$run$1(FunSuiteLike.scala:233)
	at org.scalatest.SuperEngine.runImpl(Engine.scala:521)
	at org.scalatest.FunSuiteLike.run(FunSuiteLike.scala:233)
	at org.scalatest.FunSuiteLike.run$(FunSuiteLike.scala:232)
	at org.scalatest.FunSuite.run(FunSuite.scala:1560)
	at org.scalatest.tools.SuiteRunner.run(SuiteRunner.scala:45)
	at org.scalatest.tools.Runner$.$anonfun$doRunRunRunDaDoRunRun$13(Runner.scala:1340)
	at org.scalatest.tools.Runner$.$anonfun$doRunRunRunDaDoRunRun$13$adapted(Runner.scala:1334)
	at scala.collection.immutable.List.foreach(List.scala:378)
	at org.scalatest.tools.Runner$.doRunRunRunDaDoRunRun(Runner.scala:1334)
	at org.scalatest.tools.Runner$.$anonfun$runOptionallyWithPassFailReporter$24(Runner.scala:1031)
	at org.scalatest.tools.Runner$.$anonfun$runOptionallyWithPassFailReporter$24$adapted(Runner.scala:1010)
	at org.scalatest.tools.Runner$.withClassLoaderAndDispatchReporter(Runner.scala:1500)
	at org.scalatest.tools.Runner$.runOptionallyWithPassFailReporter(Runner.scala:1010)
	at org.scalatest.tools.Runner$.run(Runner.scala:850)
	at org.scalatest.tools.Runner.run(Runner.scala)
	at org.jetbrains.plugins.scala.testingSupport.scalaTest.ScalaTestRunner.runScalaTest2(ScalaTestRunner.java:138)
	at org.jetbrains.plugins.scala.testingSupport.scalaTest.ScalaTestRunner.main(ScalaTestRunner.java:28)
	at sun.reflect.NativeMethodAccessorImpl.invoke0(Native Method)
	at sun.reflect.NativeMethodAccessorImpl.invoke(NativeMethodAccessorImpl.java:62)
	at sun.reflect.DelegatingMethodAccessorImpl.invoke(DelegatingMethodAccessorImpl.java:43)
	at java.lang.reflect.Method.invoke(Method.java:498)
	at com.intellij.rt.execution.application.AppMain.main(AppMain.java:147)

FAILED F2015L00257
java.util.NoSuchElementException: None.get
	at scala.None$.get(Option.scala:349)
	at scala.None$.get(Option.scala:347)
	at au.gov.dva.sopapi.sopref.parsing.implementations.LsExtractor.extractICDCodes(LsExtractor.scala:37)
	at au.gov.dva.sopapi.sopref.parsing.implementations.LsSoPFactory$.create(LsSoPFactory.scala:39)
	at au.gov.dva.sopapi.tests.parsers.ParserTestUtils$.executeWholeParsingPipeline(ParserTestUtils.scala:33)
	at au.gov.dva.sopapi.tests.parsers.RHSoPParsingTests.$anonfun$new$2(RHSoPParsingTests.scala:26)
	at scala.collection.IndexedSeqOptimized.foreach(IndexedSeqOptimized.scala:32)
	at scala.collection.IndexedSeqOptimized.foreach$(IndexedSeqOptimized.scala:29)
	at scala.collection.mutable.ArrayOps$ofRef.foreach(ArrayOps.scala:193)
	at au.gov.dva.sopapi.tests.parsers.RHSoPParsingTests.$anonfun$new$1(RHSoPParsingTests.scala:23)
	at org.scalatest.OutcomeOf.outcomeOf(OutcomeOf.scala:85)
	at org.scalatest.OutcomeOf.outcomeOf$(OutcomeOf.scala:83)
	at org.scalatest.OutcomeOf$.outcomeOf(OutcomeOf.scala:104)
	at org.scalatest.Transformer.apply(Transformer.scala:22)
	at org.scalatest.Transformer.apply(Transformer.scala:20)
	at org.scalatest.FunSuiteLike$$anon$1.apply(FunSuiteLike.scala:186)
	at org.scalatest.TestSuite.withFixture(TestSuite.scala:196)
	at org.scalatest.TestSuite.withFixture$(TestSuite.scala:195)
	at org.scalatest.FunSuite.withFixture(FunSuite.scala:1560)
	at org.scalatest.FunSuiteLike.invokeWithFixture$1(FunSuiteLike.scala:184)
	at org.scalatest.FunSuiteLike.$anonfun$runTest$1(FunSuiteLike.scala:196)
	at org.scalatest.SuperEngine.runTestImpl(Engine.scala:289)
	at org.scalatest.FunSuiteLike.runTest(FunSuiteLike.scala:196)
	at org.scalatest.FunSuiteLike.runTest$(FunSuiteLike.scala:178)
	at org.scalatest.FunSuite.runTest(FunSuite.scala:1560)
	at org.scalatest.FunSuiteLike.$anonfun$runTests$1(FunSuiteLike.scala:229)
	at org.scalatest.SuperEngine.$anonfun$runTestsInBranch$1(Engine.scala:396)
	at scala.collection.immutable.List.foreach(List.scala:378)
	at org.scalatest.SuperEngine.traverseSubNodes$1(Engine.scala:384)
	at org.scalatest.SuperEngine.runTestsInBranch(Engine.scala:379)
	at org.scalatest.SuperEngine.runTestsImpl(Engine.scala:461)
	at org.scalatest.FunSuiteLike.runTests(FunSuiteLike.scala:229)
	at org.scalatest.FunSuiteLike.runTests$(FunSuiteLike.scala:228)
	at org.scalatest.FunSuite.runTests(FunSuite.scala:1560)
	at org.scalatest.Suite.run(Suite.scala:1147)
	at org.scalatest.Suite.run$(Suite.scala:1129)
	at org.scalatest.FunSuite.org$scalatest$FunSuiteLike$$super$run(FunSuite.scala:1560)
	at org.scalatest.FunSuiteLike.$anonfun$run$1(FunSuiteLike.scala:233)
	at org.scalatest.SuperEngine.runImpl(Engine.scala:521)
	at org.scalatest.FunSuiteLike.run(FunSuiteLike.scala:233)
	at org.scalatest.FunSuiteLike.run$(FunSuiteLike.scala:232)
	at org.scalatest.FunSuite.run(FunSuite.scala:1560)
	at org.scalatest.tools.SuiteRunner.run(SuiteRunner.scala:45)
	at org.scalatest.tools.Runner$.$anonfun$doRunRunRunDaDoRunRun$13(Runner.scala:1340)
	at org.scalatest.tools.Runner$.$anonfun$doRunRunRunDaDoRunRun$13$adapted(Runner.scala:1334)
	at scala.collection.immutable.List.foreach(List.scala:378)
	at org.scalatest.tools.Runner$.doRunRunRunDaDoRunRun(Runner.scala:1334)
	at org.scalatest.tools.Runner$.$anonfun$runOptionallyWithPassFailReporter$24(Runner.scala:1031)
	at org.scalatest.tools.Runner$.$anonfun$runOptionallyWithPassFailReporter$24$adapted(Runner.scala:1010)
	at org.scalatest.tools.Runner$.withClassLoaderAndDispatchReporter(Runner.scala:1500)
	at org.scalatest.tools.Runner$.runOptionallyWithPassFailReporter(Runner.scala:1010)
	at org.scalatest.tools.Runner$.run(Runner.scala:850)
	at org.scalatest.tools.Runner.run(Runner.scala)
	at org.jetbrains.plugins.scala.testingSupport.scalaTest.ScalaTestRunner.runScalaTest2(ScalaTestRunner.java:138)
	at org.jetbrains.plugins.scala.testingSupport.scalaTest.ScalaTestRunner.main(ScalaTestRunner.java:28)
	at sun.reflect.NativeMethodAccessorImpl.invoke0(Native Method)
	at sun.reflect.NativeMethodAccessorImpl.invoke(NativeMethodAccessorImpl.java:62)
	at sun.reflect.DelegatingMethodAccessorImpl.invoke(DelegatingMethodAccessorImpl.java:43)
	at java.lang.reflect.Method.invoke(Method.java:498)
	at com.intellij.rt.execution.application.AppMain.main(AppMain.java:147)

FAILED F2014L01376
au.gov.dva.sopapi.exceptions.SopParserError: [1.393] failure: string matching regex `\.$' expected but `:' found

The factor that must as a minimum exist before it can be said that a reasonable hypothesis has been raised connecting rotator cuff syndrome or death from rotator cuff syndrome with the circumstances of a personâ€™s relevant service is: (a) having an injury to the affected shoulder within the three months before the clinical onset of rotator cuff syndrome; or (b) performing any combination of: (i) repetitive or sustained activities of the affected shoulder when the shoulder on the affected side is abducted or flexed by at least 60 degrees; or (ii) forceful activities with the affected upper limb; for at least 80 hours within a period of 120 consecutive days before the clinical onset of rotator cuff syndrome, and where the repetitive or sustained or forceful activities have not ceased more than 30 days before the clinical onset of rotator cuff syndrome; or (c) performing repetitive or sustained activities of the affected shoulder when the shoulder on the affected side is abducted or flexed by at least 60 degrees for at least 4 000 hours within the 15 years before the clinical onset of rotator cuff syndrome; or (d) lifting or carrying loads of at least 20 kilograms for at least 1 000 hours within the 15 years before the clinical onset of rotator cuff syndrome; or (e) using a hand-held, vibrating, percussive, industrial tool with the affected upper limb, for at least 2 000 hours within the 15 years before the clinical onset of rotator cuff syndrome; or (f) having dialysis-related amyloidosis before the clinical onset of rotator cuff syndrome; or (g) regularly using the upper limbs for transfer for a continuous period of at least the one year before the clinical onset of rotator cuff syndrome; or (h) having anatomical narrowing of the subacromial space on the affected side at the time of the clinical onset of rotator cuff syndrome; or (i) having excess laxity of the shoulder joint on the affected side for a period of at least the one year before the clinical onset of rotator cuff syndrome; or (j) having an infection of the subacromial bursa on the affected side at the time of the clinical onset of rotator cuff syndrome; or (k) having rheumatoid arthritis involving the shoulder joint or associated bursae on the affected side before the clinical onset of rotator cuff syndrome; or (l) having gout involving the affected shoulder at the time of the clinical onset of rotator cuff syndrome; or (m) having acquired scapular dyskinesis of the affected side at the time of the clinical onset of rotator cuff syndrome; or (n) having an injury to the affected shoulder within the three months before the clinical worsening of rotator cuff syndrome; or (o) performing any combination of: (i) repetitive or sustained activities of the affected shoulder when the shoulder on the affected side is abducted or flexed by at least 60 degrees; or (ii) forceful activities with the affected upper limb; for at least 80 hours within a period of 120 consecutive days before the clinical worsening of rotator cuff syndrome, and where the repetitive or sustained or forceful activities have not ceased more than 30 days before the clinical worsening of rotator cuff syndrome; or (p) performing repetitive or sustained activities of the affected shoulder when the shoulder on the affected side is abducted or flexed by at least 60 degrees for at least 4 000 hours within the 15 years before the clinical worsening of rotator cuff syndrome; or (q) lifting or carrying loads of at least 20 kilograms for at least 1 000 hours within the 15 years before the clinical worsening of rotator cuff syndrome; or (r) using a hand-held, vibrating, percussive, industrial tool with the affected upper limb, for at least 2 000 hours within the 15 years before the clinical worsening of rotator cuff syndrome; or (s) having dialysis-related amyloidosis before the clinical worsening of rotator cuff syndrome; or (t) regularly using the upper limbs for transfer for a continuous period of at least the one year before the clinical worsening of rotator cuff syndrome; or (u) having anatomical narrowing of the subacromial space on the affected side at the time of the clinical worsening of rotator cuff syndrome; or (v) having excess laxity of the shoulder joint on the affected side for a period of at least the one year before the clinical worsening of rotator cuff syndrome; or (w) having an infection of the subacromial bursa on the affected side at the time of the clinical worsening of rotator cuff syndrome; or (x) having rheumatoid arthritis involving the shoulder joint or associated bursae on the affected side before the clinical worsening of rotator cuff syndrome; or (y) having gout involving the affected shoulder at the time of the clinical worsening of rotator cuff syndrome; or (z) having acquired scapular dyskinesis of the affected side at the time of the clinical worsening of rotator cuff syndrome; or (aa) inability to obtain appropriate clinical management for rotator cuff syndrome.
                                                                                                                                                                                                                                                                                                                                                                                                        ^
	at au.gov.dva.sopapi.sopref.parsing.implementations.LsParser$.parseFactors(LsParser.scala:52)
	at au.gov.dva.sopapi.sopref.parsing.implementations.LsSoPFactory$.create(LsSoPFactory.scala:18)
	at au.gov.dva.sopapi.tests.parsers.ParserTestUtils$.executeWholeParsingPipeline(ParserTestUtils.scala:33)
	at au.gov.dva.sopapi.tests.parsers.RHSoPParsingTests.$anonfun$new$2(RHSoPParsingTests.scala:26)
	at scala.collection.IndexedSeqOptimized.foreach(IndexedSeqOptimized.scala:32)
	at scala.collection.IndexedSeqOptimized.foreach$(IndexedSeqOptimized.scala:29)
	at scala.collection.mutable.ArrayOps$ofRef.foreach(ArrayOps.scala:193)
	at au.gov.dva.sopapi.tests.parsers.RHSoPParsingTests.$anonfun$new$1(RHSoPParsingTests.scala:23)
	at org.scalatest.OutcomeOf.outcomeOf(OutcomeOf.scala:85)
	at org.scalatest.OutcomeOf.outcomeOf$(OutcomeOf.scala:83)
	at org.scalatest.OutcomeOf$.outcomeOf(OutcomeOf.scala:104)
	at org.scalatest.Transformer.apply(Transformer.scala:22)
	at org.scalatest.Transformer.apply(Transformer.scala:20)
	at org.scalatest.FunSuiteLike$$anon$1.apply(FunSuiteLike.scala:186)
	at org.scalatest.TestSuite.withFixture(TestSuite.scala:196)
	at org.scalatest.TestSuite.withFixture$(TestSuite.scala:195)
	at org.scalatest.FunSuite.withFixture(FunSuite.scala:1560)
	at org.scalatest.FunSuiteLike.invokeWithFixture$1(FunSuiteLike.scala:184)
	at org.scalatest.FunSuiteLike.$anonfun$runTest$1(FunSuiteLike.scala:196)
	at org.scalatest.SuperEngine.runTestImpl(Engine.scala:289)
	at org.scalatest.FunSuiteLike.runTest(FunSuiteLike.scala:196)
	at org.scalatest.FunSuiteLike.runTest$(FunSuiteLike.scala:178)
	at org.scalatest.FunSuite.runTest(FunSuite.scala:1560)
	at org.scalatest.FunSuiteLike.$anonfun$runTests$1(FunSuiteLike.scala:229)
	at org.scalatest.SuperEngine.$anonfun$runTestsInBranch$1(Engine.scala:396)
	at scala.collection.immutable.List.foreach(List.scala:378)
	at org.scalatest.SuperEngine.traverseSubNodes$1(Engine.scala:384)
	at org.scalatest.SuperEngine.runTestsInBranch(Engine.scala:379)
	at org.scalatest.SuperEngine.runTestsImpl(Engine.scala:461)
	at org.scalatest.FunSuiteLike.runTests(FunSuiteLike.scala:229)
	at org.scalatest.FunSuiteLike.runTests$(FunSuiteLike.scala:228)
	at org.scalatest.FunSuite.runTests(FunSuite.scala:1560)
	at org.scalatest.Suite.run(Suite.scala:1147)
	at org.scalatest.Suite.run$(Suite.scala:1129)
	at org.scalatest.FunSuite.org$scalatest$FunSuiteLike$$super$run(FunSuite.scala:1560)
	at org.scalatest.FunSuiteLike.$anonfun$run$1(FunSuiteLike.scala:233)
	at org.scalatest.SuperEngine.runImpl(Engine.scala:521)
	at org.scalatest.FunSuiteLike.run(FunSuiteLike.scala:233)
	at org.scalatest.FunSuiteLike.run$(FunSuiteLike.scala:232)
	at org.scalatest.FunSuite.run(FunSuite.scala:1560)
	at org.scalatest.tools.SuiteRunner.run(SuiteRunner.scala:45)
	at org.scalatest.tools.Runner$.$anonfun$doRunRunRunDaDoRunRun$13(Runner.scala:1340)
	at org.scalatest.tools.Runner$.$anonfun$doRunRunRunDaDoRunRun$13$adapted(Runner.scala:1334)
	at scala.collection.immutable.List.foreach(List.scala:378)
	at org.scalatest.tools.Runner$.doRunRunRunDaDoRunRun(Runner.scala:1334)
	at org.scalatest.tools.Runner$.$anonfun$runOptionallyWithPassFailReporter$24(Runner.scala:1031)
	at org.scalatest.tools.Runner$.$anonfun$runOptionallyWithPassFailReporter$24$adapted(Runner.scala:1010)
	at org.scalatest.tools.Runner$.withClassLoaderAndDispatchReporter(Runner.scala:1500)
	at org.scalatest.tools.Runner$.runOptionallyWithPassFailReporter(Runner.scala:1010)
	at org.scalatest.tools.Runner$.run(Runner.scala:850)
	at org.scalatest.tools.Runner.run(Runner.scala)
	at org.jetbrains.plugins.scala.testingSupport.scalaTest.ScalaTestRunner.runScalaTest2(ScalaTestRunner.java:138)
	at org.jetbrains.plugins.scala.testingSupport.scalaTest.ScalaTestRunner.main(ScalaTestRunner.java:28)
	at sun.reflect.NativeMethodAccessorImpl.invoke0(Native Method)
	at sun.reflect.NativeMethodAccessorImpl.invoke(NativeMethodAccessorImpl.java:62)
	at sun.reflect.DelegatingMethodAccessorImpl.invoke(DelegatingMethodAccessorImpl.java:43)
	at java.lang.reflect.Method.invoke(Method.java:498)
	at com.intellij.rt.execution.application.AppMain.main(AppMain.java:147)

FAILED F2013L00022
au.gov.dva.sopapi.exceptions.SopParserError: [1.1349] failure: string matching regex `\.$' expected but `:' found

The factor that must as a minimum exist before it can be said that a reasonable hypothesis has been raised connecting carpal tunnel syndrome or death from carpal tunnel syndrome with the circumstances of a personâ€™s relevant service is: (a) performing any combination of repetitive activities or forceful activities with the affected hand for at least 130 hours within a period of 120 consecutive days before the clinical onset of carpal tunnel syndrome, and where the repetitive or forceful activities have not ceased more than 30 days before the clinical onset of carpal tunnel syndrome; or (b) daily self-propulsion of a manual wheelchair for at least a cumulative period of 130 hours within a period of 120 consecutive days before the clinical onset of carpal tunnel syndrome, and where the self-propulsion of a manual wheelchair has not ceased more than 30 days before the clinical onset of carpal tunnel syndrome; or (c) performing activities where the affected hand or forearm is directly vibrated for at least 130 hours within a period of 120 consecutive days before the clinical onset of carpal tunnel syndrome, and where those activities have not ceased more than 30 days before the clinical onset of carpal tunnel syndrome; or (d) having an injury to the affected wrist or hand which does not involve a fracture or a dislocation but which: (i) alters the normal contour of the carpal tunnel; or (ii) damages the flexor tendons within the carpal tunnel, within the one year before the clinical onset of carpal tunnel syndrome; or (e) having a fracture or dislocation to the distal radius, the distal ulna, a carpal bone or a metacarpal bone of the affected side which: (i) alters the normal contour of the carpal tunnel; or (ii) damages the flexor tendons within the carpal tunnel, before the clinical onset of carpal tunnel syndrome; or (f) having surgery to the affected wrist or hand which: (i) alters the normal contour of the carpal tunnel; or (ii) damages the flexor tendons within the carpal tunnel, within the one year before the clinical onset of carpal tunnel syndrome; or (g) being obese at the time of the clinical onset of carpal tunnel syndrome; or (h) undergoing haemodialysis or peritoneal dialysis for at least the one year before the clinical onset of carpal tunnel syndrome; or (i) having hypothyroidism at the time of the clinical onset of carpal tunnel syndrome; or (j) having acromegaly before the clinical onset of carpal tunnel syndrome; or (k) having amyloidosis at the time of the clinical onset of carpal tunnel syndrome; or (l) having gout in the affected wrist or hand at the time of the clinical onset of carpal tunnel syndrome; or (m) having a space-occupying lesion in the affected carpal tunnel at the time of the clinical onset of carpal tunnel syndrome; or (n) having oedema involving the affected carpal tunnel at the time of the clinical onset of carpal tunnel syndrome; or (o) having an external burn involving the affected wrist or palm requiring hospitalisation within the five years before the clinical onset of carpal tunnel syndrome; or (p) having haemorrhage involving the affected carpal tunnel at the time of the clinical onset of carpal tunnel syndrome; or (q) having infection involving the affected carpal tunnel at the time of the clinical onset of carpal tunnel syndrome; or (r) having inflammatory arthritis of the affected wrist or hand at the time of the clinical onset of carpal tunnel syndrome; or (s) having osteoarthritis of the affected wrist, carpus or trapezio- metacarpal joint of the thumb at the time of the clinical onset of carpal tunnel syndrome; or (t) having diabetes mellitus at the time of the clinical onset of carpal tunnel syndrome; or (u) being treated with an aromatase inhibitor within the six months before the clinical onset of carpal tunnel syndrome; or (v) being pregnant within the three months before the clinical onset of carpal tunnel syndrome; or (w) performing any combination of repetitive activities or forceful activities with the affected hand for at least 130 hours within a period of 120 consecutive days before the clinical worsening of carpal tunnel syndrome, and where the repetitive or forceful activities have not ceased more than 30 days before the clinical worsening of carpal tunnel syndrome; or (x) daily self-propulsion of a manual wheelchair for at least a cumulative period of 130 hours within a period of 120 consecutive days before the clinical worsening of carpal tunnel syndrome, and where the self- propulsion of a manual wheelchair has not ceased more than 30 days before the clinical worsening of carpal tunnel syndrome; or (y) performing activities where the affected hand or forearm is directly vibrated for at least 130 hours within a period of 120 consecutive days before the clinical worsening of carpal tunnel syndrome, and where those activities have not ceased more than 30 days before the clinical worsening of carpal tunnel syndrome; or (z) having an injury to the affected wrist or hand which does not involve a fracture or a dislocation but which: (i) alters the normal contour of the carpal tunnel; or (ii) damages the flexor tendons within the carpal tunnel, within the one year before the clinical worsening of carpal tunnel syndrome; or (aa) having a fracture or dislocation to the distal radius, the distal ulna, a carpal bone or a metacarpal bone of the affected side which: (i) alters the normal contour of the carpal tunnel; or (ii) damages the flexor tendons within the carpal tunnel, before the clinical worsening of carpal tunnel syndrome; or (bb) having surgery to the affected wrist or hand which: (i) alters the normal contour of the carpal tunnel; or (ii) damages the flexor tendons within the carpal tunnel, within the one year before the clinical worsening of carpal tunnel syndrome; or (cc) being obese at the time of the clinical worsening of carpal tunnel syndrome; or (dd) undergoing haemodialysis or peritoneal dialysis for at least the one year before the clinical worsening of carpal tunnel syndrome; or (ee) having hypothyroidism at the time of the clinical worsening of carpal tunnel syndrome; or (ff) having acromegaly before the clinical worsening of carpal tunnel syndrome; or (gg) having amyloidosis at the time of the clinical worsening of carpal tunnel syndrome; or (hh) having gout in the affected wrist or hand at the time of the clinical worsening of carpal tunnel syndrome; or (ii) having a space-occupying lesion in the affected carpal tunnel at the time of the clinical worsening of carpal tunnel syndrome; or (jj) having oedema involving the affected carpal tunnel at the time of the clinical worsening of carpal tunnel syndrome; or (kk) having an external burn involving the affected wrist or palm requiring hospitalisation within the five years before the clinical worsening of carpal tunnel syndrome; or (ll) having haemorrhage involving the affected carpal tunnel at the time of the clinical worsening of carpal tunnel syndrome; or (mm) having infection involving the affected carpal tunnel at the time of the clinical worsening of carpal tunnel syndrome; or (nn) having inflammatory arthritis of the affected wrist or hand at the time of the clinical worsening of carpal tunnel syndrome; or (oo) having osteoarthritis of the affected wrist, carpus or trapezio- metacarpal joint of the thumb at the time of the clinical worsening of carpal tunnel syndrome; or (pp) having diabetes mellitus at the time of the clinical worsening of carpal tunnel syndrome; or (qq) being treated with an aromatase inhibitor within the six months before the clinical worsening of carpal tunnel syndrome; or (rr) being pregnant within the three months before the clinical worsening of carpal tunnel syndrome; or (ss) inability to obtain appropriate clinical management for carpal tunnel syndrome.
                                                                                                                                                                                                                                                                                                                                                                                                                                                                                                                                                                                                                                                                                                                                                                                                                                                                                                                                                                                                                                                                                                                                                                                                                                                                                                                                                                                                    ^
	at au.gov.dva.sopapi.sopref.parsing.implementations.LsParser$.parseFactors(LsParser.scala:52)
	at au.gov.dva.sopapi.sopref.parsing.implementations.LsSoPFactory$.create(LsSoPFactory.scala:18)
	at au.gov.dva.sopapi.tests.parsers.ParserTestUtils$.executeWholeParsingPipeline(ParserTestUtils.scala:33)
	at au.gov.dva.sopapi.tests.parsers.RHSoPParsingTests.$anonfun$new$2(RHSoPParsingTests.scala:26)
	at scala.collection.IndexedSeqOptimized.foreach(IndexedSeqOptimized.scala:32)
	at scala.collection.IndexedSeqOptimized.foreach$(IndexedSeqOptimized.scala:29)
	at scala.collection.mutable.ArrayOps$ofRef.foreach(ArrayOps.scala:193)
	at au.gov.dva.sopapi.tests.parsers.RHSoPParsingTests.$anonfun$new$1(RHSoPParsingTests.scala:23)
	at org.scalatest.OutcomeOf.outcomeOf(OutcomeOf.scala:85)
	at org.scalatest.OutcomeOf.outcomeOf$(OutcomeOf.scala:83)
	at org.scalatest.OutcomeOf$.outcomeOf(OutcomeOf.scala:104)
	at org.scalatest.Transformer.apply(Transformer.scala:22)
	at org.scalatest.Transformer.apply(Transformer.scala:20)
	at org.scalatest.FunSuiteLike$$anon$1.apply(FunSuiteLike.scala:186)
	at org.scalatest.TestSuite.withFixture(TestSuite.scala:196)
	at org.scalatest.TestSuite.withFixture$(TestSuite.scala:195)
	at org.scalatest.FunSuite.withFixture(FunSuite.scala:1560)
	at org.scalatest.FunSuiteLike.invokeWithFixture$1(FunSuiteLike.scala:184)
	at org.scalatest.FunSuiteLike.$anonfun$runTest$1(FunSuiteLike.scala:196)
	at org.scalatest.SuperEngine.runTestImpl(Engine.scala:289)
	at org.scalatest.FunSuiteLike.runTest(FunSuiteLike.scala:196)
	at org.scalatest.FunSuiteLike.runTest$(FunSuiteLike.scala:178)
	at org.scalatest.FunSuite.runTest(FunSuite.scala:1560)
	at org.scalatest.FunSuiteLike.$anonfun$runTests$1(FunSuiteLike.scala:229)
	at org.scalatest.SuperEngine.$anonfun$runTestsInBranch$1(Engine.scala:396)
	at scala.collection.immutable.List.foreach(List.scala:378)
	at org.scalatest.SuperEngine.traverseSubNodes$1(Engine.scala:384)
	at org.scalatest.SuperEngine.runTestsInBranch(Engine.scala:379)
	at org.scalatest.SuperEngine.runTestsImpl(Engine.scala:461)
	at org.scalatest.FunSuiteLike.runTests(FunSuiteLike.scala:229)
	at org.scalatest.FunSuiteLike.runTests$(FunSuiteLike.scala:228)
	at org.scalatest.FunSuite.runTests(FunSuite.scala:1560)
	at org.scalatest.Suite.run(Suite.scala:1147)
	at org.scalatest.Suite.run$(Suite.scala:1129)
	at org.scalatest.FunSuite.org$scalatest$FunSuiteLike$$super$run(FunSuite.scala:1560)
	at org.scalatest.FunSuiteLike.$anonfun$run$1(FunSuiteLike.scala:233)
	at org.scalatest.SuperEngine.runImpl(Engine.scala:521)
	at org.scalatest.FunSuiteLike.run(FunSuiteLike.scala:233)
	at org.scalatest.FunSuiteLike.run$(FunSuiteLike.scala:232)
	at org.scalatest.FunSuite.run(FunSuite.scala:1560)
	at org.scalatest.tools.SuiteRunner.run(SuiteRunner.scala:45)
	at org.scalatest.tools.Runner$.$anonfun$doRunRunRunDaDoRunRun$13(Runner.scala:1340)
	at org.scalatest.tools.Runner$.$anonfun$doRunRunRunDaDoRunRun$13$adapted(Runner.scala:1334)
	at scala.collection.immutable.List.foreach(List.scala:378)
	at org.scalatest.tools.Runner$.doRunRunRunDaDoRunRun(Runner.scala:1334)
	at org.scalatest.tools.Runner$.$anonfun$runOptionallyWithPassFailReporter$24(Runner.scala:1031)
	at org.scalatest.tools.Runner$.$anonfun$runOptionallyWithPassFailReporter$24$adapted(Runner.scala:1010)
	at org.scalatest.tools.Runner$.withClassLoaderAndDispatchReporter(Runner.scala:1500)
	at org.scalatest.tools.Runner$.runOptionallyWithPassFailReporter(Runner.scala:1010)
	at org.scalatest.tools.Runner$.run(Runner.scala:850)
	at org.scalatest.tools.Runner.run(Runner.scala)
	at org.jetbrains.plugins.scala.testingSupport.scalaTest.ScalaTestRunner.runScalaTest2(ScalaTestRunner.java:138)
	at org.jetbrains.plugins.scala.testingSupport.scalaTest.ScalaTestRunner.main(ScalaTestRunner.java:28)
	at sun.reflect.NativeMethodAccessorImpl.invoke0(Native Method)
	at sun.reflect.NativeMethodAccessorImpl.invoke(NativeMethodAccessorImpl.java:62)
	at sun.reflect.DelegatingMethodAccessorImpl.invoke(DelegatingMethodAccessorImpl.java:43)
	at java.lang.reflect.Method.invoke(Method.java:498)
	at com.intellij.rt.execution.application.AppMain.main(AppMain.java:147)

FAILED F2011C00492
java.lang.IllegalArgumentException: resource sops_rh/F2011C00492.pdf not found.
	at com.google.common.base.Preconditions.checkArgument(Preconditions.java:191)
	at com.google.common.io.Resources.getResource(Resources.java:197)
	at au.gov.dva.sopapi.tests.parsers.ParserTestUtils$.resourceToBytes(ParserTestUtils.scala:18)
	at au.gov.dva.sopapi.tests.parsers.ParserTestUtils$.executeWholeParsingPipeline(ParserTestUtils.scala:29)
	at au.gov.dva.sopapi.tests.parsers.RHSoPParsingTests.$anonfun$new$2(RHSoPParsingTests.scala:26)
	at scala.collection.IndexedSeqOptimized.foreach(IndexedSeqOptimized.scala:32)
	at scala.collection.IndexedSeqOptimized.foreach$(IndexedSeqOptimized.scala:29)
	at scala.collection.mutable.ArrayOps$ofRef.foreach(ArrayOps.scala:193)
	at au.gov.dva.sopapi.tests.parsers.RHSoPParsingTests.$anonfun$new$1(RHSoPParsingTests.scala:23)
	at org.scalatest.OutcomeOf.outcomeOf(OutcomeOf.scala:85)
	at org.scalatest.OutcomeOf.outcomeOf$(OutcomeOf.scala:83)
	at org.scalatest.OutcomeOf$.outcomeOf(OutcomeOf.scala:104)
	at org.scalatest.Transformer.apply(Transformer.scala:22)
	at org.scalatest.Transformer.apply(Transformer.scala:20)
	at org.scalatest.FunSuiteLike$$anon$1.apply(FunSuiteLike.scala:186)
	at org.scalatest.TestSuite.withFixture(TestSuite.scala:196)
	at org.scalatest.TestSuite.withFixture$(TestSuite.scala:195)
	at org.scalatest.FunSuite.withFixture(FunSuite.scala:1560)
	at org.scalatest.FunSuiteLike.invokeWithFixture$1(FunSuiteLike.scala:184)
	at org.scalatest.FunSuiteLike.$anonfun$runTest$1(FunSuiteLike.scala:196)
	at org.scalatest.SuperEngine.runTestImpl(Engine.scala:289)
	at org.scalatest.FunSuiteLike.runTest(FunSuiteLike.scala:196)
	at org.scalatest.FunSuiteLike.runTest$(FunSuiteLike.scala:178)
	at org.scalatest.FunSuite.runTest(FunSuite.scala:1560)
	at org.scalatest.FunSuiteLike.$anonfun$runTests$1(FunSuiteLike.scala:229)
	at org.scalatest.SuperEngine.$anonfun$runTestsInBranch$1(Engine.scala:396)
	at scala.collection.immutable.List.foreach(List.scala:378)
	at org.scalatest.SuperEngine.traverseSubNodes$1(Engine.scala:384)
	at org.scalatest.SuperEngine.runTestsInBranch(Engine.scala:379)
	at org.scalatest.SuperEngine.runTestsImpl(Engine.scala:461)
	at org.scalatest.FunSuiteLike.runTests(FunSuiteLike.scala:229)
	at org.scalatest.FunSuiteLike.runTests$(FunSuiteLike.scala:228)
	at org.scalatest.FunSuite.runTests(FunSuite.scala:1560)
	at org.scalatest.Suite.run(Suite.scala:1147)
	at org.scalatest.Suite.run$(Suite.scala:1129)
	at org.scalatest.FunSuite.org$scalatest$FunSuiteLike$$super$run(FunSuite.scala:1560)
	at org.scalatest.FunSuiteLike.$anonfun$run$1(FunSuiteLike.scala:233)
	at org.scalatest.SuperEngine.runImpl(Engine.scala:521)
	at org.scalatest.FunSuiteLike.run(FunSuiteLike.scala:233)
	at org.scalatest.FunSuiteLike.run$(FunSuiteLike.scala:232)
	at org.scalatest.FunSuite.run(FunSuite.scala:1560)
	at org.scalatest.tools.SuiteRunner.run(SuiteRunner.scala:45)
	at org.scalatest.tools.Runner$.$anonfun$doRunRunRunDaDoRunRun$13(Runner.scala:1340)
	at org.scalatest.tools.Runner$.$anonfun$doRunRunRunDaDoRunRun$13$adapted(Runner.scala:1334)
	at scala.collection.immutable.List.foreach(List.scala:378)
	at org.scalatest.tools.Runner$.doRunRunRunDaDoRunRun(Runner.scala:1334)
	at org.scalatest.tools.Runner$.$anonfun$runOptionallyWithPassFailReporter$24(Runner.scala:1031)
	at org.scalatest.tools.Runner$.$anonfun$runOptionallyWithPassFailReporter$24$adapted(Runner.scala:1010)
	at org.scalatest.tools.Runner$.withClassLoaderAndDispatchReporter(Runner.scala:1500)
	at org.scalatest.tools.Runner$.runOptionallyWithPassFailReporter(Runner.scala:1010)
	at org.scalatest.tools.Runner$.run(Runner.scala:850)
	at org.scalatest.tools.Runner.run(Runner.scala)
	at org.jetbrains.plugins.scala.testingSupport.scalaTest.ScalaTestRunner.runScalaTest2(ScalaTestRunner.java:138)
	at org.jetbrains.plugins.scala.testingSupport.scalaTest.ScalaTestRunner.main(ScalaTestRunner.java:28)
	at sun.reflect.NativeMethodAccessorImpl.invoke0(Native Method)
	at sun.reflect.NativeMethodAccessorImpl.invoke(NativeMethodAccessorImpl.java:62)
	at sun.reflect.DelegatingMethodAccessorImpl.invoke(DelegatingMethodAccessorImpl.java:43)
	at java.lang.reflect.Method.invoke(Method.java:498)
	at com.intellij.rt.execution.application.AppMain.main(AppMain.java:147)

FAILED F2014C00399
java.util.NoSuchElementException: None.get
	at scala.None$.get(Option.scala:349)
	at scala.None$.get(Option.scala:347)
	at au.gov.dva.sopapi.sopref.parsing.implementations.LsExtractor.extractICDCodes(LsExtractor.scala:37)
	at au.gov.dva.sopapi.sopref.parsing.implementations.LsSoPFactory$.create(LsSoPFactory.scala:39)
	at au.gov.dva.sopapi.tests.parsers.ParserTestUtils$.executeWholeParsingPipeline(ParserTestUtils.scala:33)
	at au.gov.dva.sopapi.tests.parsers.RHSoPParsingTests.$anonfun$new$2(RHSoPParsingTests.scala:26)
	at scala.collection.IndexedSeqOptimized.foreach(IndexedSeqOptimized.scala:32)
	at scala.collection.IndexedSeqOptimized.foreach$(IndexedSeqOptimized.scala:29)
	at scala.collection.mutable.ArrayOps$ofRef.foreach(ArrayOps.scala:193)
	at au.gov.dva.sopapi.tests.parsers.RHSoPParsingTests.$anonfun$new$1(RHSoPParsingTests.scala:23)
	at org.scalatest.OutcomeOf.outcomeOf(OutcomeOf.scala:85)
	at org.scalatest.OutcomeOf.outcomeOf$(OutcomeOf.scala:83)
	at org.scalatest.OutcomeOf$.outcomeOf(OutcomeOf.scala:104)
	at org.scalatest.Transformer.apply(Transformer.scala:22)
	at org.scalatest.Transformer.apply(Transformer.scala:20)
	at org.scalatest.FunSuiteLike$$anon$1.apply(FunSuiteLike.scala:186)
	at org.scalatest.TestSuite.withFixture(TestSuite.scala:196)
	at org.scalatest.TestSuite.withFixture$(TestSuite.scala:195)
	at org.scalatest.FunSuite.withFixture(FunSuite.scala:1560)
	at org.scalatest.FunSuiteLike.invokeWithFixture$1(FunSuiteLike.scala:184)
	at org.scalatest.FunSuiteLike.$anonfun$runTest$1(FunSuiteLike.scala:196)
	at org.scalatest.SuperEngine.runTestImpl(Engine.scala:289)
	at org.scalatest.FunSuiteLike.runTest(FunSuiteLike.scala:196)
	at org.scalatest.FunSuiteLike.runTest$(FunSuiteLike.scala:178)
	at org.scalatest.FunSuite.runTest(FunSuite.scala:1560)
	at org.scalatest.FunSuiteLike.$anonfun$runTests$1(FunSuiteLike.scala:229)
	at org.scalatest.SuperEngine.$anonfun$runTestsInBranch$1(Engine.scala:396)
	at scala.collection.immutable.List.foreach(List.scala:378)
	at org.scalatest.SuperEngine.traverseSubNodes$1(Engine.scala:384)
	at org.scalatest.SuperEngine.runTestsInBranch(Engine.scala:379)
	at org.scalatest.SuperEngine.runTestsImpl(Engine.scala:461)
	at org.scalatest.FunSuiteLike.runTests(FunSuiteLike.scala:229)
	at org.scalatest.FunSuiteLike.runTests$(FunSuiteLike.scala:228)
	at org.scalatest.FunSuite.runTests(FunSuite.scala:1560)
	at org.scalatest.Suite.run(Suite.scala:1147)
	at org.scalatest.Suite.run$(Suite.scala:1129)
	at org.scalatest.FunSuite.org$scalatest$FunSuiteLike$$super$run(FunSuite.scala:1560)
	at org.scalatest.FunSuiteLike.$anonfun$run$1(FunSuiteLike.scala:233)
	at org.scalatest.SuperEngine.runImpl(Engine.scala:521)
	at org.scalatest.FunSuiteLike.run(FunSuiteLike.scala:233)
	at org.scalatest.FunSuiteLike.run$(FunSuiteLike.scala:232)
	at org.scalatest.FunSuite.run(FunSuite.scala:1560)
	at org.scalatest.tools.SuiteRunner.run(SuiteRunner.scala:45)
	at org.scalatest.tools.Runner$.$anonfun$doRunRunRunDaDoRunRun$13(Runner.scala:1340)
	at org.scalatest.tools.Runner$.$anonfun$doRunRunRunDaDoRunRun$13$adapted(Runner.scala:1334)
	at scala.collection.immutable.List.foreach(List.scala:378)
	at org.scalatest.tools.Runner$.doRunRunRunDaDoRunRun(Runner.scala:1334)
	at org.scalatest.tools.Runner$.$anonfun$runOptionallyWithPassFailReporter$24(Runner.scala:1031)
	at org.scalatest.tools.Runner$.$anonfun$runOptionallyWithPassFailReporter$24$adapted(Runner.scala:1010)
	at org.scalatest.tools.Runner$.withClassLoaderAndDispatchReporter(Runner.scala:1500)
	at org.scalatest.tools.Runner$.runOptionallyWithPassFailReporter(Runner.scala:1010)
	at org.scalatest.tools.Runner$.run(Runner.scala:850)
	at org.scalatest.tools.Runner.run(Runner.scala)
	at org.jetbrains.plugins.scala.testingSupport.scalaTest.ScalaTestRunner.runScalaTest2(ScalaTestRunner.java:138)
	at org.jetbrains.plugins.scala.testingSupport.scalaTest.ScalaTestRunner.main(ScalaTestRunner.java:28)
	at sun.reflect.NativeMethodAccessorImpl.invoke0(Native Method)
	at sun.reflect.NativeMethodAccessorImpl.invoke(NativeMethodAccessorImpl.java:62)
	at sun.reflect.DelegatingMethodAccessorImpl.invoke(DelegatingMethodAccessorImpl.java:43)
	at java.lang.reflect.Method.invoke(Method.java:498)
	at com.intellij.rt.execution.application.AppMain.main(AppMain.java:147)

FAILED F2014L01814
au.gov.dva.sopapi.exceptions.SopParserError: [1.274] failure: string matching regex `\.$' expected but `:' found

The factor that must as a minimum exist before it can be said that a reasonable hypothesis has been raised connecting tinea or death from tinea with the circumstances of a personâ€™s relevant service is: (a) for tinea corporis, tinea capitis, tinea barbae or tinea pedis only: (i) being exposed to the dermatophyte at the affected site between two days and four weeks before the clinical onset of tinea; or (ii) having skin maceration at the affected site between two days and four weeks before the clinical onset of tinea; or (b) for tinea unguium only: (i) being exposed to the dermatophyte at the affected site between two days and three months before the clinical onset of tinea; or (ii) having skin maceration at the affected site between two days and three months before the clinical onset of tinea; or (c) having diabetes mellitus at the time of the clinical onset of tinea; or (d) being in an immunocompromised state as specified at the time of the clinical onset of tinea; or (e) for tinea pedis or tinea unguium only, having chronic ischaemia of the affected foot from: (i) chronic venous insufficiency of the lower limb; or (ii) atherosclerotic peripheral vascular disease of the lower limb; at the time of the clinical onset of tinea; or (f) for tinea corporis, tinea capitis, tinea barbae or tinea pedis only: (i) being exposed to the dermatophyte at the affected site between two days and four weeks before the clinical worsening of tinea; or (ii) having skin maceration at the affected site between two days and four weeks before the clinical worsening of tinea; or (g) for tinea unguium only: (i) being exposed to the dermatophyte at the affected site between two days and three months before the clinical worsening of tinea; or (ii) having skin maceration at the affected site between two days and three months before the clinical worsening of tinea; or (h) having diabetes mellitus at the time of the clinical worsening of tinea; or (i) being in an immunocompromised state as specified at the time of the clinical worsening of tinea; or (j) for tinea pedis or tinea unguium only, having chronic ischaemia of the affected foot from: (i) chronic venous insufficiency of the lower limb; or (ii) atherosclerotic peripheral vascular disease of the lower limb; at the time of the clinical worsening of tinea; or (k) inability to obtain appropriate clinical management for tinea.
                                                                                                                                                                                                                                                                                 ^
	at au.gov.dva.sopapi.sopref.parsing.implementations.LsParser$.parseFactors(LsParser.scala:52)
	at au.gov.dva.sopapi.sopref.parsing.implementations.LsSoPFactory$.create(LsSoPFactory.scala:18)
	at au.gov.dva.sopapi.tests.parsers.ParserTestUtils$.executeWholeParsingPipeline(ParserTestUtils.scala:33)
	at au.gov.dva.sopapi.tests.parsers.RHSoPParsingTests.$anonfun$new$2(RHSoPParsingTests.scala:26)
	at scala.collection.IndexedSeqOptimized.foreach(IndexedSeqOptimized.scala:32)
	at scala.collection.IndexedSeqOptimized.foreach$(IndexedSeqOptimized.scala:29)
	at scala.collection.mutable.ArrayOps$ofRef.foreach(ArrayOps.scala:193)
	at au.gov.dva.sopapi.tests.parsers.RHSoPParsingTests.$anonfun$new$1(RHSoPParsingTests.scala:23)
	at org.scalatest.OutcomeOf.outcomeOf(OutcomeOf.scala:85)
	at org.scalatest.OutcomeOf.outcomeOf$(OutcomeOf.scala:83)
	at org.scalatest.OutcomeOf$.outcomeOf(OutcomeOf.scala:104)
	at org.scalatest.Transformer.apply(Transformer.scala:22)
	at org.scalatest.Transformer.apply(Transformer.scala:20)
	at org.scalatest.FunSuiteLike$$anon$1.apply(FunSuiteLike.scala:186)
	at org.scalatest.TestSuite.withFixture(TestSuite.scala:196)
	at org.scalatest.TestSuite.withFixture$(TestSuite.scala:195)
	at org.scalatest.FunSuite.withFixture(FunSuite.scala:1560)
	at org.scalatest.FunSuiteLike.invokeWithFixture$1(FunSuiteLike.scala:184)
	at org.scalatest.FunSuiteLike.$anonfun$runTest$1(FunSuiteLike.scala:196)
	at org.scalatest.SuperEngine.runTestImpl(Engine.scala:289)
	at org.scalatest.FunSuiteLike.runTest(FunSuiteLike.scala:196)
	at org.scalatest.FunSuiteLike.runTest$(FunSuiteLike.scala:178)
	at org.scalatest.FunSuite.runTest(FunSuite.scala:1560)
	at org.scalatest.FunSuiteLike.$anonfun$runTests$1(FunSuiteLike.scala:229)
	at org.scalatest.SuperEngine.$anonfun$runTestsInBranch$1(Engine.scala:396)
	at scala.collection.immutable.List.foreach(List.scala:378)
	at org.scalatest.SuperEngine.traverseSubNodes$1(Engine.scala:384)
	at org.scalatest.SuperEngine.runTestsInBranch(Engine.scala:379)
	at org.scalatest.SuperEngine.runTestsImpl(Engine.scala:461)
	at org.scalatest.FunSuiteLike.runTests(FunSuiteLike.scala:229)
	at org.scalatest.FunSuiteLike.runTests$(FunSuiteLike.scala:228)
	at org.scalatest.FunSuite.runTests(FunSuite.scala:1560)
	at org.scalatest.Suite.run(Suite.scala:1147)
	at org.scalatest.Suite.run$(Suite.scala:1129)
	at org.scalatest.FunSuite.org$scalatest$FunSuiteLike$$super$run(FunSuite.scala:1560)
	at org.scalatest.FunSuiteLike.$anonfun$run$1(FunSuiteLike.scala:233)
	at org.scalatest.SuperEngine.runImpl(Engine.scala:521)
	at org.scalatest.FunSuiteLike.run(FunSuiteLike.scala:233)
	at org.scalatest.FunSuiteLike.run$(FunSuiteLike.scala:232)
	at org.scalatest.FunSuite.run(FunSuite.scala:1560)
	at org.scalatest.tools.SuiteRunner.run(SuiteRunner.scala:45)
	at org.scalatest.tools.Runner$.$anonfun$doRunRunRunDaDoRunRun$13(Runner.scala:1340)
	at org.scalatest.tools.Runner$.$anonfun$doRunRunRunDaDoRunRun$13$adapted(Runner.scala:1334)
	at scala.collection.immutable.List.foreach(List.scala:378)
	at org.scalatest.tools.Runner$.doRunRunRunDaDoRunRun(Runner.scala:1334)
	at org.scalatest.tools.Runner$.$anonfun$runOptionallyWithPassFailReporter$24(Runner.scala:1031)
	at org.scalatest.tools.Runner$.$anonfun$runOptionallyWithPassFailReporter$24$adapted(Runner.scala:1010)
	at org.scalatest.tools.Runner$.withClassLoaderAndDispatchReporter(Runner.scala:1500)
	at org.scalatest.tools.Runner$.runOptionallyWithPassFailReporter(Runner.scala:1010)
	at org.scalatest.tools.Runner$.run(Runner.scala:850)
	at org.scalatest.tools.Runner.run(Runner.scala)
	at org.jetbrains.plugins.scala.testingSupport.scalaTest.ScalaTestRunner.runScalaTest2(ScalaTestRunner.java:138)
	at org.jetbrains.plugins.scala.testingSupport.scalaTest.ScalaTestRunner.main(ScalaTestRunner.java:28)
	at sun.reflect.NativeMethodAccessorImpl.invoke0(Native Method)
	at sun.reflect.NativeMethodAccessorImpl.invoke(NativeMethodAccessorImpl.java:62)
	at sun.reflect.DelegatingMethodAccessorImpl.invoke(DelegatingMethodAccessorImpl.java:43)
	at java.lang.reflect.Method.invoke(Method.java:498)
	at com.intellij.rt.execution.application.AppMain.main(AppMain.java:147)

FAILED F2014L01805
java.util.NoSuchElementException: None.get
	at scala.None$.get(Option.scala:349)
	at scala.None$.get(Option.scala:347)
	at au.gov.dva.sopapi.sopref.parsing.implementations.LsExtractor.extractICDCodes(LsExtractor.scala:37)
	at au.gov.dva.sopapi.sopref.parsing.implementations.LsSoPFactory$.create(LsSoPFactory.scala:39)
	at au.gov.dva.sopapi.tests.parsers.ParserTestUtils$.executeWholeParsingPipeline(ParserTestUtils.scala:33)
	at au.gov.dva.sopapi.tests.parsers.RHSoPParsingTests.$anonfun$new$2(RHSoPParsingTests.scala:26)
	at scala.collection.IndexedSeqOptimized.foreach(IndexedSeqOptimized.scala:32)
	at scala.collection.IndexedSeqOptimized.foreach$(IndexedSeqOptimized.scala:29)
	at scala.collection.mutable.ArrayOps$ofRef.foreach(ArrayOps.scala:193)
	at au.gov.dva.sopapi.tests.parsers.RHSoPParsingTests.$anonfun$new$1(RHSoPParsingTests.scala:23)
	at org.scalatest.OutcomeOf.outcomeOf(OutcomeOf.scala:85)
	at org.scalatest.OutcomeOf.outcomeOf$(OutcomeOf.scala:83)
	at org.scalatest.OutcomeOf$.outcomeOf(OutcomeOf.scala:104)
	at org.scalatest.Transformer.apply(Transformer.scala:22)
	at org.scalatest.Transformer.apply(Transformer.scala:20)
	at org.scalatest.FunSuiteLike$$anon$1.apply(FunSuiteLike.scala:186)
	at org.scalatest.TestSuite.withFixture(TestSuite.scala:196)
	at org.scalatest.TestSuite.withFixture$(TestSuite.scala:195)
	at org.scalatest.FunSuite.withFixture(FunSuite.scala:1560)
	at org.scalatest.FunSuiteLike.invokeWithFixture$1(FunSuiteLike.scala:184)
	at org.scalatest.FunSuiteLike.$anonfun$runTest$1(FunSuiteLike.scala:196)
	at org.scalatest.SuperEngine.runTestImpl(Engine.scala:289)
	at org.scalatest.FunSuiteLike.runTest(FunSuiteLike.scala:196)
	at org.scalatest.FunSuiteLike.runTest$(FunSuiteLike.scala:178)
	at org.scalatest.FunSuite.runTest(FunSuite.scala:1560)
	at org.scalatest.FunSuiteLike.$anonfun$runTests$1(FunSuiteLike.scala:229)
	at org.scalatest.SuperEngine.$anonfun$runTestsInBranch$1(Engine.scala:396)
	at scala.collection.immutable.List.foreach(List.scala:378)
	at org.scalatest.SuperEngine.traverseSubNodes$1(Engine.scala:384)
	at org.scalatest.SuperEngine.runTestsInBranch(Engine.scala:379)
	at org.scalatest.SuperEngine.runTestsImpl(Engine.scala:461)
	at org.scalatest.FunSuiteLike.runTests(FunSuiteLike.scala:229)
	at org.scalatest.FunSuiteLike.runTests$(FunSuiteLike.scala:228)
	at org.scalatest.FunSuite.runTests(FunSuite.scala:1560)
	at org.scalatest.Suite.run(Suite.scala:1147)
	at org.scalatest.Suite.run$(Suite.scala:1129)
	at org.scalatest.FunSuite.org$scalatest$FunSuiteLike$$super$run(FunSuite.scala:1560)
	at org.scalatest.FunSuiteLike.$anonfun$run$1(FunSuiteLike.scala:233)
	at org.scalatest.SuperEngine.runImpl(Engine.scala:521)
	at org.scalatest.FunSuiteLike.run(FunSuiteLike.scala:233)
	at org.scalatest.FunSuiteLike.run$(FunSuiteLike.scala:232)
	at org.scalatest.FunSuite.run(FunSuite.scala:1560)
	at org.scalatest.tools.SuiteRunner.run(SuiteRunner.scala:45)
	at org.scalatest.tools.Runner$.$anonfun$doRunRunRunDaDoRunRun$13(Runner.scala:1340)
	at org.scalatest.tools.Runner$.$anonfun$doRunRunRunDaDoRunRun$13$adapted(Runner.scala:1334)
	at scala.collection.immutable.List.foreach(List.scala:378)
	at org.scalatest.tools.Runner$.doRunRunRunDaDoRunRun(Runner.scala:1334)
	at org.scalatest.tools.Runner$.$anonfun$runOptionallyWithPassFailReporter$24(Runner.scala:1031)
	at org.scalatest.tools.Runner$.$anonfun$runOptionallyWithPassFailReporter$24$adapted(Runner.scala:1010)
	at org.scalatest.tools.Runner$.withClassLoaderAndDispatchReporter(Runner.scala:1500)
	at org.scalatest.tools.Runner$.runOptionallyWithPassFailReporter(Runner.scala:1010)
	at org.scalatest.tools.Runner$.run(Runner.scala:850)
	at org.scalatest.tools.Runner.run(Runner.scala)
	at org.jetbrains.plugins.scala.testingSupport.scalaTest.ScalaTestRunner.runScalaTest2(ScalaTestRunner.java:138)
	at org.jetbrains.plugins.scala.testingSupport.scalaTest.ScalaTestRunner.main(ScalaTestRunner.java:28)
	at sun.reflect.NativeMethodAccessorImpl.invoke0(Native Method)
	at sun.reflect.NativeMethodAccessorImpl.invoke(NativeMethodAccessorImpl.java:62)
	at sun.reflect.DelegatingMethodAccessorImpl.invoke(DelegatingMethodAccessorImpl.java:43)
	at java.lang.reflect.Method.invoke(Method.java:498)
	at com.intellij.rt.execution.application.AppMain.main(AppMain.java:147)

FAILED F2015L01336
au.gov.dva.sopapi.exceptions.SopParserError: No section found with title matching regex: ^Title$
	at au.gov.dva.sopapi.sopref.parsing.SoPExtractorUtilities$.getSection(SoPExtractorUtilities.scala:55)
	at au.gov.dva.sopapi.sopref.parsing.implementations.LsExtractor.extractCitation(LsExtractor.scala:32)
	at au.gov.dva.sopapi.sopref.parsing.implementations.LsSoPFactory$.create(LsSoPFactory.scala:12)
	at au.gov.dva.sopapi.tests.parsers.ParserTestUtils$.executeWholeParsingPipeline(ParserTestUtils.scala:33)
	at au.gov.dva.sopapi.tests.parsers.RHSoPParsingTests.$anonfun$new$2(RHSoPParsingTests.scala:26)
	at scala.collection.IndexedSeqOptimized.foreach(IndexedSeqOptimized.scala:32)
	at scala.collection.IndexedSeqOptimized.foreach$(IndexedSeqOptimized.scala:29)
	at scala.collection.mutable.ArrayOps$ofRef.foreach(ArrayOps.scala:193)
	at au.gov.dva.sopapi.tests.parsers.RHSoPParsingTests.$anonfun$new$1(RHSoPParsingTests.scala:23)
	at org.scalatest.OutcomeOf.outcomeOf(OutcomeOf.scala:85)
	at org.scalatest.OutcomeOf.outcomeOf$(OutcomeOf.scala:83)
	at org.scalatest.OutcomeOf$.outcomeOf(OutcomeOf.scala:104)
	at org.scalatest.Transformer.apply(Transformer.scala:22)
	at org.scalatest.Transformer.apply(Transformer.scala:20)
	at org.scalatest.FunSuiteLike$$anon$1.apply(FunSuiteLike.scala:186)
	at org.scalatest.TestSuite.withFixture(TestSuite.scala:196)
	at org.scalatest.TestSuite.withFixture$(TestSuite.scala:195)
	at org.scalatest.FunSuite.withFixture(FunSuite.scala:1560)
	at org.scalatest.FunSuiteLike.invokeWithFixture$1(FunSuiteLike.scala:184)
	at org.scalatest.FunSuiteLike.$anonfun$runTest$1(FunSuiteLike.scala:196)
	at org.scalatest.SuperEngine.runTestImpl(Engine.scala:289)
	at org.scalatest.FunSuiteLike.runTest(FunSuiteLike.scala:196)
	at org.scalatest.FunSuiteLike.runTest$(FunSuiteLike.scala:178)
	at org.scalatest.FunSuite.runTest(FunSuite.scala:1560)
	at org.scalatest.FunSuiteLike.$anonfun$runTests$1(FunSuiteLike.scala:229)
	at org.scalatest.SuperEngine.$anonfun$runTestsInBranch$1(Engine.scala:396)
	at scala.collection.immutable.List.foreach(List.scala:378)
	at org.scalatest.SuperEngine.traverseSubNodes$1(Engine.scala:384)
	at org.scalatest.SuperEngine.runTestsInBranch(Engine.scala:379)
	at org.scalatest.SuperEngine.runTestsImpl(Engine.scala:461)
	at org.scalatest.FunSuiteLike.runTests(FunSuiteLike.scala:229)
	at org.scalatest.FunSuiteLike.runTests$(FunSuiteLike.scala:228)
	at org.scalatest.FunSuite.runTests(FunSuite.scala:1560)
	at org.scalatest.Suite.run(Suite.scala:1147)
	at org.scalatest.Suite.run$(Suite.scala:1129)
	at org.scalatest.FunSuite.org$scalatest$FunSuiteLike$$super$run(FunSuite.scala:1560)
	at org.scalatest.FunSuiteLike.$anonfun$run$1(FunSuiteLike.scala:233)
	at org.scalatest.SuperEngine.runImpl(Engine.scala:521)
	at org.scalatest.FunSuiteLike.run(FunSuiteLike.scala:233)
	at org.scalatest.FunSuiteLike.run$(FunSuiteLike.scala:232)
	at org.scalatest.FunSuite.run(FunSuite.scala:1560)
	at org.scalatest.tools.SuiteRunner.run(SuiteRunner.scala:45)
	at org.scalatest.tools.Runner$.$anonfun$doRunRunRunDaDoRunRun$13(Runner.scala:1340)
	at org.scalatest.tools.Runner$.$anonfun$doRunRunRunDaDoRunRun$13$adapted(Runner.scala:1334)
	at scala.collection.immutable.List.foreach(List.scala:378)
	at org.scalatest.tools.Runner$.doRunRunRunDaDoRunRun(Runner.scala:1334)
	at org.scalatest.tools.Runner$.$anonfun$runOptionallyWithPassFailReporter$24(Runner.scala:1031)
	at org.scalatest.tools.Runner$.$anonfun$runOptionallyWithPassFailReporter$24$adapted(Runner.scala:1010)
	at org.scalatest.tools.Runner$.withClassLoaderAndDispatchReporter(Runner.scala:1500)
	at org.scalatest.tools.Runner$.runOptionallyWithPassFailReporter(Runner.scala:1010)
	at org.scalatest.tools.Runner$.run(Runner.scala:850)
	at org.scalatest.tools.Runner.run(Runner.scala)
	at org.jetbrains.plugins.scala.testingSupport.scalaTest.ScalaTestRunner.runScalaTest2(ScalaTestRunner.java:138)
	at org.jetbrains.plugins.scala.testingSupport.scalaTest.ScalaTestRunner.main(ScalaTestRunner.java:28)
	at sun.reflect.NativeMethodAccessorImpl.invoke0(Native Method)
	at sun.reflect.NativeMethodAccessorImpl.invoke(NativeMethodAccessorImpl.java:62)
	at sun.reflect.DelegatingMethodAccessorImpl.invoke(DelegatingMethodAccessorImpl.java:43)
	at java.lang.reflect.Method.invoke(Method.java:498)
	at com.intellij.rt.execution.application.AppMain.main(AppMain.java:147)

FAILED F2010L01040
au.gov.dva.sopapi.exceptions.SopParserError: [1.1520] failure: string matching regex `\.$' expected but `;' found

The factor that must as a minimum exist before it can be said that a reasonable hypothesis has been raised connecting dislocation or death from dislocation with the circumstances of a personâ€™s relevant service is: (a) having physical trauma to the affected joint at the time of the clinical onset of dislocation; or (b) having a disease process affecting the normal structural or functional relationship between the articulating surfaces of the affected joint at the time of the clinical onset of dislocation; or (c) having damage to a soft tissue structure as specified, at the time of the clinical onset of dislocation; or (d) having laxity of the joint capsule or a stabilising ligament of the affected joint, at the time of the clinical onset of dislocation; or (e) having a fracture, avulsion or bony defect involving the articulating surfaces of the affected joint, at the time of the clinical onset of dislocation; or (f) having a biomechanical abnormality involving the affected joint, at the time of the clinical onset of dislocation; or (g) for rotational atlantoaxial joint dislocation only, (i) having an inflammatory or infectious condition involving the ear, nose or throat within the 21 days before the clinical onset of dislocation; or (ii) having undergone a surgical procedure involving the head or neck within the 21 days before the clinical onset of dislocation; or (h) for temporomandibular joint dislocation only, (i) undergoing tracheal intubation at the time of the clinical onset of dislocation; (ii) undergoing intravenous sedation at the time of the clinical onset of dislocation; or (iii) undergoing an activity that involves wide opening of the mouth at the time of the clinical onset of dislocation; or (i) inability to obtain appropriate clinical management for dislocation.
                                                                                                                                                                                                                                                                                                                                                                                                                                                                                                                                                                                                                                                                                                                                                                                                                                                                                                                                                                                                                                                                                                                                                                                                                                                                                                                                                                                                                                                                                                                                                                               ^
	at au.gov.dva.sopapi.sopref.parsing.implementations.LsParser$.parseFactors(LsParser.scala:52)
	at au.gov.dva.sopapi.sopref.parsing.implementations.LsSoPFactory$.create(LsSoPFactory.scala:18)
	at au.gov.dva.sopapi.tests.parsers.ParserTestUtils$.executeWholeParsingPipeline(ParserTestUtils.scala:33)
	at au.gov.dva.sopapi.tests.parsers.RHSoPParsingTests.$anonfun$new$2(RHSoPParsingTests.scala:26)
	at scala.collection.IndexedSeqOptimized.foreach(IndexedSeqOptimized.scala:32)
	at scala.collection.IndexedSeqOptimized.foreach$(IndexedSeqOptimized.scala:29)
	at scala.collection.mutable.ArrayOps$ofRef.foreach(ArrayOps.scala:193)
	at au.gov.dva.sopapi.tests.parsers.RHSoPParsingTests.$anonfun$new$1(RHSoPParsingTests.scala:23)
	at org.scalatest.OutcomeOf.outcomeOf(OutcomeOf.scala:85)
	at org.scalatest.OutcomeOf.outcomeOf$(OutcomeOf.scala:83)
	at org.scalatest.OutcomeOf$.outcomeOf(OutcomeOf.scala:104)
	at org.scalatest.Transformer.apply(Transformer.scala:22)
	at org.scalatest.Transformer.apply(Transformer.scala:20)
	at org.scalatest.FunSuiteLike$$anon$1.apply(FunSuiteLike.scala:186)
	at org.scalatest.TestSuite.withFixture(TestSuite.scala:196)
	at org.scalatest.TestSuite.withFixture$(TestSuite.scala:195)
	at org.scalatest.FunSuite.withFixture(FunSuite.scala:1560)
	at org.scalatest.FunSuiteLike.invokeWithFixture$1(FunSuiteLike.scala:184)
	at org.scalatest.FunSuiteLike.$anonfun$runTest$1(FunSuiteLike.scala:196)
	at org.scalatest.SuperEngine.runTestImpl(Engine.scala:289)
	at org.scalatest.FunSuiteLike.runTest(FunSuiteLike.scala:196)
	at org.scalatest.FunSuiteLike.runTest$(FunSuiteLike.scala:178)
	at org.scalatest.FunSuite.runTest(FunSuite.scala:1560)
	at org.scalatest.FunSuiteLike.$anonfun$runTests$1(FunSuiteLike.scala:229)
	at org.scalatest.SuperEngine.$anonfun$runTestsInBranch$1(Engine.scala:396)
	at scala.collection.immutable.List.foreach(List.scala:378)
	at org.scalatest.SuperEngine.traverseSubNodes$1(Engine.scala:384)
	at org.scalatest.SuperEngine.runTestsInBranch(Engine.scala:379)
	at org.scalatest.SuperEngine.runTestsImpl(Engine.scala:461)
	at org.scalatest.FunSuiteLike.runTests(FunSuiteLike.scala:229)
	at org.scalatest.FunSuiteLike.runTests$(FunSuiteLike.scala:228)
	at org.scalatest.FunSuite.runTests(FunSuite.scala:1560)
	at org.scalatest.Suite.run(Suite.scala:1147)
	at org.scalatest.Suite.run$(Suite.scala:1129)
	at org.scalatest.FunSuite.org$scalatest$FunSuiteLike$$super$run(FunSuite.scala:1560)
	at org.scalatest.FunSuiteLike.$anonfun$run$1(FunSuiteLike.scala:233)
	at org.scalatest.SuperEngine.runImpl(Engine.scala:521)
	at org.scalatest.FunSuiteLike.run(FunSuiteLike.scala:233)
	at org.scalatest.FunSuiteLike.run$(FunSuiteLike.scala:232)
	at org.scalatest.FunSuite.run(FunSuite.scala:1560)
	at org.scalatest.tools.SuiteRunner.run(SuiteRunner.scala:45)
	at org.scalatest.tools.Runner$.$anonfun$doRunRunRunDaDoRunRun$13(Runner.scala:1340)
	at org.scalatest.tools.Runner$.$anonfun$doRunRunRunDaDoRunRun$13$adapted(Runner.scala:1334)
	at scala.collection.immutable.List.foreach(List.scala:378)
	at org.scalatest.tools.Runner$.doRunRunRunDaDoRunRun(Runner.scala:1334)
	at org.scalatest.tools.Runner$.$anonfun$runOptionallyWithPassFailReporter$24(Runner.scala:1031)
	at org.scalatest.tools.Runner$.$anonfun$runOptionallyWithPassFailReporter$24$adapted(Runner.scala:1010)
	at org.scalatest.tools.Runner$.withClassLoaderAndDispatchReporter(Runner.scala:1500)
	at org.scalatest.tools.Runner$.runOptionallyWithPassFailReporter(Runner.scala:1010)
	at org.scalatest.tools.Runner$.run(Runner.scala:850)
	at org.scalatest.tools.Runner.run(Runner.scala)
	at org.jetbrains.plugins.scala.testingSupport.scalaTest.ScalaTestRunner.runScalaTest2(ScalaTestRunner.java:138)
	at org.jetbrains.plugins.scala.testingSupport.scalaTest.ScalaTestRunner.main(ScalaTestRunner.java:28)
	at sun.reflect.NativeMethodAccessorImpl.invoke0(Native Method)
	at sun.reflect.NativeMethodAccessorImpl.invoke(NativeMethodAccessorImpl.java:62)
	at sun.reflect.DelegatingMethodAccessorImpl.invoke(DelegatingMethodAccessorImpl.java:43)
	at java.lang.reflect.Method.invoke(Method.java:498)
	at com.intellij.rt.execution.application.AppMain.main(AppMain.java:147)

FAILED F2016C00973
au.gov.dva.sopapi.exceptions.SopParserError: Cannot find the defined word in this definition: "periodic, heavy alcohol consumption" means sessions of heavy alcohol
drinking to the point of intoxication at least once a month;
	at au.gov.dva.sopapi.sopref.parsing.implementations.DefinitionsParsers$.parseSingleDefinition(DefinitionsParsers.scala:34)
	at au.gov.dva.sopapi.sopref.parsing.implementations.LsParser$.$anonfun$parseDefinitions$1(LsParser.scala:84)
	at scala.collection.immutable.List.map(List.scala:276)
	at au.gov.dva.sopapi.sopref.parsing.implementations.LsParser$.parseDefinitions(LsParser.scala:84)
	at au.gov.dva.sopapi.sopref.parsing.implementations.LsSoPFactory$.create(LsSoPFactory.scala:15)
	at au.gov.dva.sopapi.tests.parsers.ParserTestUtils$.executeWholeParsingPipeline(ParserTestUtils.scala:33)
	at au.gov.dva.sopapi.tests.parsers.RHSoPParsingTests.$anonfun$new$2(RHSoPParsingTests.scala:26)
	at scala.collection.IndexedSeqOptimized.foreach(IndexedSeqOptimized.scala:32)
	at scala.collection.IndexedSeqOptimized.foreach$(IndexedSeqOptimized.scala:29)
	at scala.collection.mutable.ArrayOps$ofRef.foreach(ArrayOps.scala:193)
	at au.gov.dva.sopapi.tests.parsers.RHSoPParsingTests.$anonfun$new$1(RHSoPParsingTests.scala:23)
	at org.scalatest.OutcomeOf.outcomeOf(OutcomeOf.scala:85)
	at org.scalatest.OutcomeOf.outcomeOf$(OutcomeOf.scala:83)
	at org.scalatest.OutcomeOf$.outcomeOf(OutcomeOf.scala:104)
	at org.scalatest.Transformer.apply(Transformer.scala:22)
	at org.scalatest.Transformer.apply(Transformer.scala:20)
	at org.scalatest.FunSuiteLike$$anon$1.apply(FunSuiteLike.scala:186)
	at org.scalatest.TestSuite.withFixture(TestSuite.scala:196)
	at org.scalatest.TestSuite.withFixture$(TestSuite.scala:195)
	at org.scalatest.FunSuite.withFixture(FunSuite.scala:1560)
	at org.scalatest.FunSuiteLike.invokeWithFixture$1(FunSuiteLike.scala:184)
	at org.scalatest.FunSuiteLike.$anonfun$runTest$1(FunSuiteLike.scala:196)
	at org.scalatest.SuperEngine.runTestImpl(Engine.scala:289)
	at org.scalatest.FunSuiteLike.runTest(FunSuiteLike.scala:196)
	at org.scalatest.FunSuiteLike.runTest$(FunSuiteLike.scala:178)
	at org.scalatest.FunSuite.runTest(FunSuite.scala:1560)
	at org.scalatest.FunSuiteLike.$anonfun$runTests$1(FunSuiteLike.scala:229)
	at org.scalatest.SuperEngine.$anonfun$runTestsInBranch$1(Engine.scala:396)
	at scala.collection.immutable.List.foreach(List.scala:378)
	at org.scalatest.SuperEngine.traverseSubNodes$1(Engine.scala:384)
	at org.scalatest.SuperEngine.runTestsInBranch(Engine.scala:379)
	at org.scalatest.SuperEngine.runTestsImpl(Engine.scala:461)
	at org.scalatest.FunSuiteLike.runTests(FunSuiteLike.scala:229)
	at org.scalatest.FunSuiteLike.runTests$(FunSuiteLike.scala:228)
	at org.scalatest.FunSuite.runTests(FunSuite.scala:1560)
	at org.scalatest.Suite.run(Suite.scala:1147)
	at org.scalatest.Suite.run$(Suite.scala:1129)
	at org.scalatest.FunSuite.org$scalatest$FunSuiteLike$$super$run(FunSuite.scala:1560)
	at org.scalatest.FunSuiteLike.$anonfun$run$1(FunSuiteLike.scala:233)
	at org.scalatest.SuperEngine.runImpl(Engine.scala:521)
	at org.scalatest.FunSuiteLike.run(FunSuiteLike.scala:233)
	at org.scalatest.FunSuiteLike.run$(FunSuiteLike.scala:232)
	at org.scalatest.FunSuite.run(FunSuite.scala:1560)
	at org.scalatest.tools.SuiteRunner.run(SuiteRunner.scala:45)
	at org.scalatest.tools.Runner$.$anonfun$doRunRunRunDaDoRunRun$13(Runner.scala:1340)
	at org.scalatest.tools.Runner$.$anonfun$doRunRunRunDaDoRunRun$13$adapted(Runner.scala:1334)
	at scala.collection.immutable.List.foreach(List.scala:378)
	at org.scalatest.tools.Runner$.doRunRunRunDaDoRunRun(Runner.scala:1334)
	at org.scalatest.tools.Runner$.$anonfun$runOptionallyWithPassFailReporter$24(Runner.scala:1031)
	at org.scalatest.tools.Runner$.$anonfun$runOptionallyWithPassFailReporter$24$adapted(Runner.scala:1010)
	at org.scalatest.tools.Runner$.withClassLoaderAndDispatchReporter(Runner.scala:1500)
	at org.scalatest.tools.Runner$.runOptionallyWithPassFailReporter(Runner.scala:1010)
	at org.scalatest.tools.Runner$.run(Runner.scala:850)
	at org.scalatest.tools.Runner.run(Runner.scala)
	at org.jetbrains.plugins.scala.testingSupport.scalaTest.ScalaTestRunner.runScalaTest2(ScalaTestRunner.java:138)
	at org.jetbrains.plugins.scala.testingSupport.scalaTest.ScalaTestRunner.main(ScalaTestRunner.java:28)
	at sun.reflect.NativeMethodAccessorImpl.invoke0(Native Method)
	at sun.reflect.NativeMethodAccessorImpl.invoke(NativeMethodAccessorImpl.java:62)
	at sun.reflect.DelegatingMethodAccessorImpl.invoke(DelegatingMethodAccessorImpl.java:43)
	at java.lang.reflect.Method.invoke(Method.java:498)
	at com.intellij.rt.execution.application.AppMain.main(AppMain.java:147)

FAILED F2015L00262
au.gov.dva.sopapi.exceptions.SopParserError: [1.832] failure: string matching regex `\.$' expected but `:' found

The factor that must as a minimum exist before it can be said that a reasonable hypothesis has been raised connecting spondylolisthesis or spondylolysis or death from spondylolisthesis or spondylolysis with the circumstances of a personâ€™s relevant service is: (a) experiencing a high impact trauma to the spine resulting in an acute fracture of the vertebral arch at the time of the clinical onset of spondylolisthesis or spondylolysis; or (b) for spondylolisthesis only, experiencing a high impact trauma to the spine resulting in an acute fracture of the vertebral arch or dislocation of the involved vertebra within the one year before the clinical onset of spondylolisthesis; or (c) for persons less than 25 years of age with lumbar spondylolysis or lumbar spondylolytic spondylolisthesis only, engaging in activities involving: (i) repetitive and forceful hyperextension, torsion or rotation against resistance of the lumbar spine; or (ii) increased lordosis of the lumbar spine; for an average period of at least ten hours per week for the six months before the clinical onset of spondylolisthesis or spondylolysis; or (d) for lumbar spondylolysis or lumbar spondylolytic spondylolisthesis only, having undergone a posterior lumbar spinal fusion of a segment of adjoining vertebrae, within the five years before the clinical onset of spondylolisthesis or spondylolysis; or (e) for the lumbar spine only, having undergone posterior spinal decompression surgery, at the level of the involved vertebra, within the five years before the clinical onset of spondylolisthesis or spondylolysis; or (f) for degenerative lumbar spondylolisthesis only, having lumbar spondylosis affecting the vertebral facet joints, at the level of the involved vertebra, before the clinical onset of spondylolisthesis; or (g) having a destructive bone lesion, involving the affected vertebra, at the time of the clinical onset of spondylolisthesis or spondylolysis; or (h) having rheumatoid arthritis involving the affected vertebra at the time of the clinical onset of spondylolisthesis or spondylolysis; or (i) for degenerative spondylolisthesis only, being obese for the ten years before the clinical onset of spondylolisthesis; or (j) for persons less than 25 years of age with lumbar spondylolysis or lumbar spondylolytic spondylolisthesis only, engaging in activities involving: (i) repetitive and forceful hyperextension, torsion or rotation against resistance of the lumbar spine; or (ii) increased lordosis of the lumbar spine; for an average period of at least ten hours per week for the six months before the clinical worsening of spondylolisthesis or spondylolysis; or (k) for the lumbar spine only, having undergone posterior spinal decompression surgery, at the level of the involved vertebra, within the five years before the clinical worsening of spondylolisthesis or spondylolysis; or (l) having a destructive bone lesion, involving the affected vertebra, at the time of the clinical worsening of spondylolisthesis or spondylolysis; or (m) having rheumatoid arthritis involving the affected vertebra at the time of the clinical worsening of spondylolisthesis or spondylolysis; or (n) inability to obtain appropriate clinical management for spondylolisthesis or spondylolysis in the presence of the following: (i) acute traumatic spondylolisthesis or spondylolysis; (ii) neurological manifestations; or (iii) severe progressive symptoms warranting surgical intervention.
                                                                                                                                                                                                                                                                                                                                                                                                                                                                                                                                                                                                                                                                                                                                                                                                                                                               ^
	at au.gov.dva.sopapi.sopref.parsing.implementations.LsParser$.parseFactors(LsParser.scala:52)
	at au.gov.dva.sopapi.sopref.parsing.implementations.LsSoPFactory$.create(LsSoPFactory.scala:18)
	at au.gov.dva.sopapi.tests.parsers.ParserTestUtils$.executeWholeParsingPipeline(ParserTestUtils.scala:33)
	at au.gov.dva.sopapi.tests.parsers.RHSoPParsingTests.$anonfun$new$2(RHSoPParsingTests.scala:26)
	at scala.collection.IndexedSeqOptimized.foreach(IndexedSeqOptimized.scala:32)
	at scala.collection.IndexedSeqOptimized.foreach$(IndexedSeqOptimized.scala:29)
	at scala.collection.mutable.ArrayOps$ofRef.foreach(ArrayOps.scala:193)
	at au.gov.dva.sopapi.tests.parsers.RHSoPParsingTests.$anonfun$new$1(RHSoPParsingTests.scala:23)
	at org.scalatest.OutcomeOf.outcomeOf(OutcomeOf.scala:85)
	at org.scalatest.OutcomeOf.outcomeOf$(OutcomeOf.scala:83)
	at org.scalatest.OutcomeOf$.outcomeOf(OutcomeOf.scala:104)
	at org.scalatest.Transformer.apply(Transformer.scala:22)
	at org.scalatest.Transformer.apply(Transformer.scala:20)
	at org.scalatest.FunSuiteLike$$anon$1.apply(FunSuiteLike.scala:186)
	at org.scalatest.TestSuite.withFixture(TestSuite.scala:196)
	at org.scalatest.TestSuite.withFixture$(TestSuite.scala:195)
	at org.scalatest.FunSuite.withFixture(FunSuite.scala:1560)
	at org.scalatest.FunSuiteLike.invokeWithFixture$1(FunSuiteLike.scala:184)
	at org.scalatest.FunSuiteLike.$anonfun$runTest$1(FunSuiteLike.scala:196)
	at org.scalatest.SuperEngine.runTestImpl(Engine.scala:289)
	at org.scalatest.FunSuiteLike.runTest(FunSuiteLike.scala:196)
	at org.scalatest.FunSuiteLike.runTest$(FunSuiteLike.scala:178)
	at org.scalatest.FunSuite.runTest(FunSuite.scala:1560)
	at org.scalatest.FunSuiteLike.$anonfun$runTests$1(FunSuiteLike.scala:229)
	at org.scalatest.SuperEngine.$anonfun$runTestsInBranch$1(Engine.scala:396)
	at scala.collection.immutable.List.foreach(List.scala:378)
	at org.scalatest.SuperEngine.traverseSubNodes$1(Engine.scala:384)
	at org.scalatest.SuperEngine.runTestsInBranch(Engine.scala:379)
	at org.scalatest.SuperEngine.runTestsImpl(Engine.scala:461)
	at org.scalatest.FunSuiteLike.runTests(FunSuiteLike.scala:229)
	at org.scalatest.FunSuiteLike.runTests$(FunSuiteLike.scala:228)
	at org.scalatest.FunSuite.runTests(FunSuite.scala:1560)
	at org.scalatest.Suite.run(Suite.scala:1147)
	at org.scalatest.Suite.run$(Suite.scala:1129)
	at org.scalatest.FunSuite.org$scalatest$FunSuiteLike$$super$run(FunSuite.scala:1560)
	at org.scalatest.FunSuiteLike.$anonfun$run$1(FunSuiteLike.scala:233)
	at org.scalatest.SuperEngine.runImpl(Engine.scala:521)
	at org.scalatest.FunSuiteLike.run(FunSuiteLike.scala:233)
	at org.scalatest.FunSuiteLike.run$(FunSuiteLike.scala:232)
	at org.scalatest.FunSuite.run(FunSuite.scala:1560)
	at org.scalatest.tools.SuiteRunner.run(SuiteRunner.scala:45)
	at org.scalatest.tools.Runner$.$anonfun$doRunRunRunDaDoRunRun$13(Runner.scala:1340)
	at org.scalatest.tools.Runner$.$anonfun$doRunRunRunDaDoRunRun$13$adapted(Runner.scala:1334)
	at scala.collection.immutable.List.foreach(List.scala:378)
	at org.scalatest.tools.Runner$.doRunRunRunDaDoRunRun(Runner.scala:1334)
	at org.scalatest.tools.Runner$.$anonfun$runOptionallyWithPassFailReporter$24(Runner.scala:1031)
	at org.scalatest.tools.Runner$.$anonfun$runOptionallyWithPassFailReporter$24$adapted(Runner.scala:1010)
	at org.scalatest.tools.Runner$.withClassLoaderAndDispatchReporter(Runner.scala:1500)
	at org.scalatest.tools.Runner$.runOptionallyWithPassFailReporter(Runner.scala:1010)
	at org.scalatest.tools.Runner$.run(Runner.scala:850)
	at org.scalatest.tools.Runner.run(Runner.scala)
	at org.jetbrains.plugins.scala.testingSupport.scalaTest.ScalaTestRunner.runScalaTest2(ScalaTestRunner.java:138)
	at org.jetbrains.plugins.scala.testingSupport.scalaTest.ScalaTestRunner.main(ScalaTestRunner.java:28)
	at sun.reflect.NativeMethodAccessorImpl.invoke0(Native Method)
	at sun.reflect.NativeMethodAccessorImpl.invoke(NativeMethodAccessorImpl.java:62)
	at sun.reflect.DelegatingMethodAccessorImpl.invoke(DelegatingMethodAccessorImpl.java:43)
	at java.lang.reflect.Method.invoke(Method.java:498)
	at com.intellij.rt.execution.application.AppMain.main(AppMain.java:147)

FAILED F2016C00271
au.gov.dva.sopapi.exceptions.SopParserError: No section found with title matching regex: ^Title$
	at au.gov.dva.sopapi.sopref.parsing.SoPExtractorUtilities$.getSection(SoPExtractorUtilities.scala:55)
	at au.gov.dva.sopapi.sopref.parsing.implementations.LsExtractor.extractCitation(LsExtractor.scala:32)
	at au.gov.dva.sopapi.sopref.parsing.implementations.LsSoPFactory$.create(LsSoPFactory.scala:12)
	at au.gov.dva.sopapi.tests.parsers.Pa